[35m[1mScanning dependencies of target std_srvs_generate_messages_nodejs[0m
[35m[1mScanning dependencies of target std_srvs_generate_messages_lisp[0m
[35m[1mScanning dependencies of target actionlib_msgs_generate_messages_lisp[0m
[35m[1mScanning dependencies of target cohan_msgs_generate_messages_eus[0m
[35m[1mScanning dependencies of target agent_path_prediction_generate_messages_py[0m
[35m[1mScanning dependencies of target cohan_msgs_generate_messages_lisp[0m
[35m[1mScanning dependencies of target nav_msgs_generate_messages_lisp[0m
[35m[1mScanning dependencies of target nav_msgs_generate_messages_eus[0m
[35m[1mScanning dependencies of target visualization_msgs_generate_messages_nodejs[0m
[35m[1mScanning dependencies of target visualization_msgs_generate_messages_lisp[0m
[35m[1mScanning dependencies of target agent_path_prediction_gencfg[0m
[35m[1mScanning dependencies of target visualization_msgs_generate_messages_eus[0m
[35m[1mScanning dependencies of target std_srvs_generate_messages_eus[0m
[35m[1mScanning dependencies of target cohan_msgs_generate_messages_cpp[0m
[35m[1mScanning dependencies of target agent_path_prediction_generate_messages_nodejs[0m
[35m[1mScanning dependencies of target cohan_msgs_generate_messages_nodejs[0m
[35m[1mScanning dependencies of target map_msgs_generate_messages_nodejs[0m
[35m[1mScanning dependencies of target visualization_msgs_generate_messages_py[0m
[35m[1mScanning dependencies of target nav_msgs_generate_messages_cpp[0m
[  0%] Built target agent_path_prediction_generate_messages_py
[  0%] Built target cohan_msgs_generate_messages_lisp
[  0%] Built target cohan_msgs_generate_messages_eus
[  0%] Built target visualization_msgs_generate_messages_nodejs
[  0%] Built target agent_path_prediction_gencfg
[  0%] Built target std_srvs_generate_messages_nodejs
[  0%] Built target std_srvs_generate_messages_lisp
[  0%] Built target std_srvs_generate_messages_eus
[  0%] Built target agent_path_prediction_generate_messages_nodejs
[  0%] Built target nav_msgs_generate_messages_lisp
[  0%] Built target visualization_msgs_generate_messages_lisp
[  0%] Built target cohan_msgs_generate_messages_cpp
[  0%] Built target nav_msgs_generate_messages_eus
[  0%] Built target visualization_msgs_generate_messages_eus
[  0%] Built target cohan_msgs_generate_messages_nodejs
[  0%] Built target actionlib_msgs_generate_messages_lisp
[  0%] Built target visualization_msgs_generate_messages_py
[  0%] Built target map_msgs_generate_messages_nodejs
[  0%] Built target nav_msgs_generate_messages_cpp
[35m[1mScanning dependencies of target std_msgs_generate_messages_cpp[0m
[35m[1mScanning dependencies of target tf2_msgs_generate_messages_lisp[0m
[35m[1mScanning dependencies of target map_msgs_generate_messages_cpp[0m
[35m[1mScanning dependencies of target geometry_msgs_generate_messages_eus[0m
[35m[1mScanning dependencies of target tf2_msgs_generate_messages_nodejs[0m
[35m[1mScanning dependencies of target cohan_msgs_generate_messages_py[0m
[35m[1mScanning dependencies of target tf_generate_messages_cpp[0m
[35m[1mScanning dependencies of target map_msgs_generate_messages_lisp[0m
[35m[1mScanning dependencies of target dynamic_reconfigure_generate_messages_lisp[0m
[35m[1mScanning dependencies of target tf2_msgs_generate_messages_cpp[0m
[35m[1mScanning dependencies of target map_msgs_generate_messages_py[0m
[35m[1mScanning dependencies of target dynamic_reconfigure_gencfg[0m
[35m[1mScanning dependencies of target std_msgs_generate_messages_py[0m
[35m[1mScanning dependencies of target actionlib_generate_messages_lisp[0m
[35m[1mScanning dependencies of target std_msgs_generate_messages_nodejs[0m
[35m[1mScanning dependencies of target costmap_2d_generate_messages_lisp[0m
[35m[1mScanning dependencies of target geometry_msgs_generate_messages_lisp[0m
[35m[1mScanning dependencies of target roscpp_generate_messages_lisp[0m
[35m[1mScanning dependencies of target map_msgs_generate_messages_eus[0m
[  0%] Built target std_msgs_generate_messages_cpp
[  0%] Built target map_msgs_generate_messages_cpp
[  0%] Built target tf2_msgs_generate_messages_lisp
[  0%] Built target geometry_msgs_generate_messages_eus
[  0%] Built target map_msgs_generate_messages_py
[  0%] Built target map_msgs_generate_messages_lisp
[  0%] Built target dynamic_reconfigure_gencfg
[  0%] Built target tf2_msgs_generate_messages_nodejs
[  0%] Built target tf_generate_messages_cpp
[  0%] Built target actionlib_generate_messages_lisp
[  0%] Built target tf2_msgs_generate_messages_cpp
[  0%] Built target dynamic_reconfigure_generate_messages_lisp
[  0%] Built target std_msgs_generate_messages_nodejs
[  0%] Built target costmap_2d_generate_messages_lisp
[  0%] Built target cohan_msgs_generate_messages_py
[  0%] Built target std_msgs_generate_messages_py
[  0%] Built target roscpp_generate_messages_lisp
[  0%] Built target geometry_msgs_generate_messages_lisp
[35m[1mScanning dependencies of target _catkin_empty_exported_target[0m
[  0%] Built target map_msgs_generate_messages_eus
[35m[1mScanning dependencies of target rosgraph_msgs_generate_messages_lisp[0m
[35m[1mScanning dependencies of target std_srvs_generate_messages_cpp[0m
[35m[1mScanning dependencies of target costmap_2d_gencfg[0m
[35m[1mScanning dependencies of target cohan_layers_gencfg[0m
[35m[1mScanning dependencies of target rosgraph_msgs_generate_messages_py[0m
[35m[1mScanning dependencies of target actionlib_msgs_generate_messages_eus[0m
[35m[1mScanning dependencies of target tf_generate_messages_eus[0m
[35m[1mScanning dependencies of target dynamic_reconfigure_generate_messages_nodejs[0m
[35m[1mScanning dependencies of target sensor_msgs_generate_messages_cpp[0m
[35m[1mScanning dependencies of target costmap_2d_generate_messages_py[0m
[35m[1mScanning dependencies of target agent_path_prediction_generate_messages_lisp[0m
[35m[1mScanning dependencies of target nav_msgs_generate_messages_nodejs[0m
[35m[1mScanning dependencies of target dynamic_reconfigure_generate_messages_py[0m
[35m[1mScanning dependencies of target geometry_msgs_generate_messages_nodejs[0m
[35m[1mScanning dependencies of target tf2_msgs_generate_messages_py[0m
[35m[1mScanning dependencies of target dynamic_reconfigure_generate_messages_cpp[0m
[  0%] Built target _catkin_empty_exported_target
[35m[1mScanning dependencies of target dynamic_reconfigure_generate_messages_eus[0m
[35m[1mScanning dependencies of target nav_msgs_generate_messages_py[0m
[ 16%] [34m[1mGenerating dynamic reconfigure files from cfg/AgentStaticLayer.cfg: /home/shari/cohan2_ws/devel/.private/cohan_layers/include/cohan_layers/AgentStaticLayerConfig.h /home/shari/cohan2_ws/devel/.private/cohan_layers/lib/python3/dist-packages/cohan_layers/cfg/AgentStaticLayerConfig.py[0m
[ 16%] Built target costmap_2d_gencfg
[ 16%] Built target tf_generate_messages_eus
[ 16%] Built target agent_path_prediction_generate_messages_lisp
[ 16%] Built target nav_msgs_generate_messages_nodejs
[ 16%] Built target rosgraph_msgs_generate_messages_py
[ 16%] Built target sensor_msgs_generate_messages_cpp
[ 16%] Built target std_srvs_generate_messages_cpp
[ 16%] Built target rosgraph_msgs_generate_messages_lisp
[ 16%] Built target actionlib_msgs_generate_messages_eus
[ 16%] Built target dynamic_reconfigure_generate_messages_py
[35m[1mScanning dependencies of target tf_generate_messages_lisp[0m
[ 16%] Built target dynamic_reconfigure_generate_messages_nodejs
[ 16%] Built target dynamic_reconfigure_generate_messages_cpp
[ 16%] Built target costmap_2d_generate_messages_py
[ 33%] Built target geometry_msgs_generate_messages_nodejs
[ 33%] [34m[1mGenerating dynamic reconfigure files from cfg/AgentVisibilityLayer.cfg: /home/shari/cohan2_ws/devel/.private/cohan_layers/include/cohan_layers/AgentVisibilityLayerConfig.h /home/shari/cohan2_ws/devel/.private/cohan_layers/lib/python3/dist-packages/cohan_layers/cfg/AgentVisibilityLayerConfig.py[0m
[ 33%] Built target dynamic_reconfigure_generate_messages_eus
[ 33%] Built target tf2_msgs_generate_messages_py
[35m[1mScanning dependencies of target costmap_2d_generate_messages_cpp[0m
[35m[1mScanning dependencies of target rosgraph_msgs_generate_messages_nodejs[0m
[35m[1mScanning dependencies of target actionlib_generate_messages_cpp[0m
[35m[1mScanning dependencies of target std_msgs_generate_messages_lisp[0m
[35m[1mScanning dependencies of target actionlib_msgs_generate_messages_py[0m
[35m[1mScanning dependencies of target costmap_2d_generate_messages_nodejs[0m
[ 33%] Built target nav_msgs_generate_messages_py
[35m[1mScanning dependencies of target tf2_msgs_generate_messages_eus[0m
[35m[1mScanning dependencies of target geometry_msgs_generate_messages_py[0m
[35m[1mScanning dependencies of target costmap_2d_generate_messages_eus[0m
[35m[1mScanning dependencies of target sensor_msgs_generate_messages_py[0m
[35m[1mScanning dependencies of target geometry_msgs_generate_messages_cpp[0m
[ 33%] Built target tf_generate_messages_lisp
[35m[1mScanning dependencies of target roscpp_generate_messages_py[0m
[35m[1mScanning dependencies of target roscpp_generate_messages_cpp[0m
[35m[1mScanning dependencies of target tf_generate_messages_nodejs[0m
[ 33%] Built target actionlib_generate_messages_cpp
[ 33%] Built target costmap_2d_generate_messages_cpp
[ 33%] Built target actionlib_msgs_generate_messages_py
[ 33%] Built target rosgraph_msgs_generate_messages_nodejs
[ 33%] Built target std_msgs_generate_messages_lisp
[35m[1mScanning dependencies of target agent_path_prediction_generate_messages_eus[0m
[35m[1mScanning dependencies of target roscpp_generate_messages_eus[0m
[ 33%] Built target tf2_msgs_generate_messages_eus
[ 33%] Built target geometry_msgs_generate_messages_cpp
[ 33%] Built target costmap_2d_generate_messages_eus
[ 33%] Built target geometry_msgs_generate_messages_py
[ 33%] Built target costmap_2d_generate_messages_nodejs
[ 33%] Built target sensor_msgs_generate_messages_py
[ 33%] Built target tf_generate_messages_nodejs
[35m[1mScanning dependencies of target rosgraph_msgs_generate_messages_eus[0m
[35m[1mScanning dependencies of target roscpp_generate_messages_nodejs[0m
[ 33%] Built target roscpp_generate_messages_py
Generating reconfiguration files for AgentStaticLayer in cohan_layers
[ 33%] Built target roscpp_generate_messages_cpp
[35m[1mScanning dependencies of target sensor_msgs_generate_messages_eus[0m
[35m[1mScanning dependencies of target visualization_msgs_generate_messages_cpp[0m
Wrote header file in /home/shari/cohan2_ws/devel/.private/cohan_layers/include/cohan_layers/AgentStaticLayerConfig.h
[35m[1mScanning dependencies of target std_srvs_generate_messages_py[0m
[35m[1mScanning dependencies of target sensor_msgs_generate_messages_lisp[0m
[35m[1mScanning dependencies of target sensor_msgs_generate_messages_nodejs[0m
Generating reconfiguration files for AgentVisibilityLayer in cohan_layers
Wrote header file in /home/shari/cohan2_ws/devel/.private/cohan_layers/include/cohan_layers/AgentVisibilityLayerConfig.h
[35m[1mScanning dependencies of target actionlib_msgs_generate_messages_cpp[0m
[35m[1mScanning dependencies of target actionlib_generate_messages_py[0m
[ 33%] Built target rosgraph_msgs_generate_messages_eus
[35m[1mScanning dependencies of target rosgraph_msgs_generate_messages_cpp[0m
[35m[1mScanning dependencies of target actionlib_generate_messages_nodejs[0m
[35m[1mScanning dependencies of target std_msgs_generate_messages_eus[0m
[ 33%] Built target agent_path_prediction_generate_messages_eus
[35m[1mScanning dependencies of target tf_generate_messages_py[0m
[ 33%] Built target roscpp_generate_messages_eus
[ 33%] Built target roscpp_generate_messages_nodejs
[35m[1mScanning dependencies of target agent_path_prediction_generate_messages_cpp[0m
[35m[1mScanning dependencies of target actionlib_generate_messages_eus[0m
[ 33%] Built target sensor_msgs_generate_messages_eus
[ 33%] Built target sensor_msgs_generate_messages_nodejs
[ 33%] Built target visualization_msgs_generate_messages_cpp
[35m[1mScanning dependencies of target actionlib_msgs_generate_messages_nodejs[0m
[ 33%] Built target std_srvs_generate_messages_py
[ 33%] Built target sensor_msgs_generate_messages_lisp
[ 33%] Built target actionlib_generate_messages_nodejs
[ 33%] Built target actionlib_msgs_generate_messages_cpp
[ 33%] Built target rosgraph_msgs_generate_messages_cpp
[ 33%] Built target actionlib_generate_messages_py
[ 33%] Built target std_msgs_generate_messages_eus
[ 33%] Built target agent_path_prediction_generate_messages_cpp
[ 33%] Built target tf_generate_messages_py
[ 33%] Built target actionlib_generate_messages_eus
[ 33%] Built target actionlib_msgs_generate_messages_nodejs
[ 33%] Built target cohan_layers_gencfg
[35m[1mScanning dependencies of target cohan_layers[0m
[ 50%] [32mBuilding CXX object CMakeFiles/cohan_layers.dir/src/agent_layer.cpp.o[0m
[ 66%] [32mBuilding CXX object CMakeFiles/cohan_layers.dir/src/static_agent_layer.cpp.o[0m
[ 83%] [32mBuilding CXX object CMakeFiles/cohan_layers.dir/src/agent_visibility_layer.cpp.o[0m
[100%] [32m[1mLinking CXX shared library /home/shari/cohan2_ws/devel/.private/cohan_layers/lib/libcohan_layers.so[0m
[100%] Built target cohan_layers
