[  0%] Built target _base_nav_generate_messages_check_deps_DockFeedback
[  0%] Built target _base_nav_generate_messages_check_deps_DockActionFeedback
[  0%] Built target geometry_msgs_generate_messages_lisp
[  0%] Built target move_base_msgs_generate_messages_lisp
[  0%] Built target _base_nav_generate_messages_check_deps_DockActionResult
[  0%] Built target _base_nav_generate_messages_check_deps_DockAction
[  0%] Built target _base_nav_generate_messages_check_deps_DockActionGoal
[  0%] Built target _base_nav_generate_messages_check_deps_DockGoal
[  0%] Built target geometry_msgs_generate_messages_nodejs
[  0%] Built target _base_nav_generate_messages_check_deps_DockResult
[  0%] Built target move_base_msgs_generate_messages_nodejs
[  0%] Built target geometry_msgs_generate_messages_py
[  0%] Built target move_base_msgs_generate_messages_py
[  0%] Built target roscpp_generate_messages_eus
[  0%] Built target tf2_msgs_generate_messages_eus
[  0%] Built target actionlib_generate_messages_cpp
[  0%] Built target actionlib_msgs_generate_messages_py
[  0%] Built target rosgraph_msgs_generate_messages_nodejs
[  0%] Built target actionlib_generate_messages_py
[  0%] Built target actionlib_generate_messages_nodejs
[  0%] Built target actionlib_generate_messages_lisp
[  0%] Built target roscpp_generate_messages_lisp
[  0%] Built target actionlib_msgs_generate_messages_cpp
[  0%] Built target std_msgs_generate_messages_py
[  0%] Built target std_msgs_generate_messages_nodejs
[  0%] Built target geometry_msgs_generate_messages_eus
[  0%] Built target roscpp_generate_messages_cpp
[  0%] Built target actionlib_msgs_generate_messages_eus
[  0%] Built target rosgraph_msgs_generate_messages_lisp
[  0%] Built target rosgraph_msgs_generate_messages_py
[  0%] Built target geometry_msgs_generate_messages_cpp
[  0%] Built target tf2_msgs_generate_messages_py
[  0%] Built target std_msgs_generate_messages_cpp
[  0%] Built target tf2_msgs_generate_messages_cpp
[  0%] Built target roscpp_generate_messages_nodejs
[  0%] Built target actionlib_msgs_generate_messages_nodejs
[  0%] Built target actionlib_msgs_generate_messages_lisp
[  0%] Built target std_msgs_generate_messages_eus
[  0%] Built target std_msgs_generate_messages_lisp
[  0%] Built target roscpp_generate_messages_py
[  0%] Built target move_base_msgs_generate_messages_cpp
[  0%] Built target rosgraph_msgs_generate_messages_cpp
[  0%] Built target actionlib_generate_messages_eus
[  0%] Built target rosgraph_msgs_generate_messages_eus
[  0%] Built target tf2_msgs_generate_messages_lisp
[  0%] Built target move_base_msgs_generate_messages_eus
[  0%] Built target tf2_msgs_generate_messages_nodejs
[ 28%] Built target base_nav_generate_messages_nodejs
[ 35%] Built target base_nav_generate_messages_lisp
[ 56%] Built target base_nav_generate_messages_py
[ 76%] Built target base_nav_generate_messages_eus
[ 94%] Built target base_nav_generate_messages_cpp
[ 94%] Built target base_nav_generate_messages
[100%] Built target docking_node
