Not searching for unused variables given on the command line.
[36m--[0m The C compiler identification is GNU 11.4.0
[36m--[0m The CXX compiler identification is GNU 11.4.0
[36m--[0m Check for working C compiler: /usr/bin/cc
[36m--[0m Check for working C compiler: /usr/bin/cc -- works
[36m--[0m Detecting C compiler ABI info
[36m--[0m Detecting C compiler ABI info - done
[36m--[0m Detecting C compile features
[36m--[0m Detecting C compile features - done
[36m--[0m Check for working CXX compiler: /usr/bin/c++
[36m--[0m Check for working CXX compiler: /usr/bin/c++ -- works
[36m--[0m Detecting CXX compiler ABI info
[36m--[0m Detecting CXX compiler ABI info - done
[36m--[0m Detecting CXX compile features
[36m--[0m Detecting CXX compile features - done
[36m--[0m Using CATKIN_DEVEL_PREFIX: /home/shari/cohan_multi_ws/devel/.private/aws_robomaker_hospital_world
[36m--[0m Using CMAKE_PREFIX_PATH: /home/shari/cohan_multi_ws/devel;/opt/ros/noetic
[36m--[0m This workspace overlays: /home/shari/cohan_multi_ws/devel;/opt/ros/noetic
[36m--[0m Found PythonInterp: /usr/bin/python3 (found suitable version "3.8.10", minimum required is "3")
[36m--[0m Using PYTHON_EXECUTABLE: /usr/bin/python3
[36m--[0m Using Debian Python package layout
[36m--[0m Found PY_em: /usr/lib/python3/dist-packages/em.py
[36m--[0m Using empy: /usr/lib/python3/dist-packages/em.py
[36m--[0m Using CATKIN_ENABLE_TESTING: ON
[36m--[0m Call enable_testing()
[36m--[0m Using CATKIN_TEST_RESULTS_DIR: /home/shari/cohan_multi_ws/build/aws_robomaker_hospital_world/test_results
[36m--[0m Forcing gtest/gmock from source, though one was otherwise available.
[36m--[0m Found gtest sources under '/usr/src/googletest': gtests will be built
[36m--[0m Found gmock sources under '/usr/src/googletest': gmock will be built
[36m--[0m Found PythonInterp: /usr/bin/python3 (found version "3.8.10")
[36m--[0m Found Threads: TRUE
[36m--[0m Using Python nosetests: /usr/bin/nosetests3
[36m--[0m catkin 0.8.12
[36m--[0m BUILD_SHARED_LIBS is on
[33mWARNING: package 'gazebo_ros' is deprecated (This package has been deprecated as of January 2025 with Gazebo classic 11 reaching[0m
      end-of-life. Users are highly encouraged to migrate to the new Gazebo
      using our migration guides (https://gazebosim.org/docs/latest/gazebo_classic_migration))
[36m--[0m Using these message generators: gencpp;geneus;genlisp;gennodejs;genpy
[33mWARNING: package 'gazebo_msgs' is deprecated (This package has been deprecated as of January 2025 with Gazebo classic 11 reaching[0m
      end-of-life. Users are highly encouraged to migrate to the new Gazebo
      using our migration guides (https://gazebosim.org/docs/latest/gazebo_classic_migration))
running python3 -m pip install -r /home/shari/cohan_multi_ws/src/aws-robomaker-hospital-world/requirements.txt 2>&1
Defaulting to user installation because normal site-packages is not writeable
Requirement already satisfied: docopt>=0.6.2 in /home/shari/.local/lib/python3.8/site-packages (from -r /home/shari/cohan_multi_ws/src/aws-robomaker-hospital-world/requirements.txt (line 1)) (0.6.2)
Requirement already satisfied: requests in /usr/lib/python3/dist-packages (from -r /home/shari/cohan_multi_ws/src/aws-robomaker-hospital-world/requirements.txt (line 2)) (2.22.0)
Requirement already satisfied: lxml in /usr/lib/python3/dist-packages (from -r /home/shari/cohan_multi_ws/src/aws-robomaker-hospital-world/requirements.txt (line 3)) (4.5.0)
running python3 /home/shari/cohan_multi_ws/src/aws-robomaker-hospital-world/fuel_utility.py download -m XRayMachine -m IVStand -m BloodPressureMonitor -m BPCart -m BMWCart -m CGMClassic -m StorageRack -m Chair -m InstrumentCart1 -m Scrubs -m PatientWheelChair -m WhiteChipChair -m TrolleyBed -m SurgicalTrolley -m PotatoChipChair -m VisitorKidSit -m FemaleVisitorSit -m AdjTable -m MopCart3 -m MaleVisitorSit -m Drawer -m OfficeChairBlack -m ElderLadyPatient -m ElderMalePatient -m InstrumentCart2 -m MetalCabinet -m BedTable -m BedsideTable -m AnesthesiaMachine -m TrolleyBedPatient -m Shower -m SurgicalTrolleyMed -m StorageRackCovered -m KitchenSink -m Toilet -m VendingMachine -m ParkingTrolleyMin -m PatientFSit -m MaleVisitorOnPhone -m FemaleVisitor -m MalePatientBed -m StorageRackCoverOpen -m ParkingTrolleyMax -d /home/shari/cohan_multi_ws/src/aws-robomaker-hospital-world/fuel_models --verbose 2>&1
DEBUG:root:Arguments provided: {{"download": true, "--query": null, "--model": ["XRayMachine", "IVStand", "BloodPressureMonitor", "BPCart", "BMWCart", "CGMClassic", "StorageRack", "Chair", "InstrumentCart1", "Scrubs", "PatientWheelChair", "WhiteChipChair", "TrolleyBed", "SurgicalTrolley", "PotatoChipChair", "VisitorKidSit", "FemaleVisitorSit", "AdjTable", "MopCart3", "MaleVisitorSit", "Drawer", "OfficeChairBlack", "ElderLadyPatient", "ElderMalePatient", "InstrumentCart2", "MetalCabinet", "BedTable", "BedsideTable", "AnesthesiaMachine", "TrolleyBedPatient", "Shower", "SurgicalTrolleyMed", "StorageRackCovered", "KitchenSink", "Toilet", "VendingMachine", "ParkingTrolleyMin", "PatientFSit", "MaleVisitorOnPhone", "FemaleVisitor", "MalePatientBed", "StorageRackCoverOpen", "ParkingTrolleyMax"], "--version": 0, "-,": false, "--verbose": true, "--destination": "/home/shari/cohan_multi_ws/src/aws-robomaker-hospital-world/fuel_models"}}
INFO:root:Starting fuel models..
INFO:root:Fetching model XRayMachine.
DEBUG:urllib3.connectionpool:Starting new HTTPS connection (1): fuel.ignitionrobotics.org:443
DEBUG:urllib3.connectionpool:https://fuel.ignitionrobotics.org:443 "GET /1.0/OpenRobotics/models/XRayMachine HTTP/1.1" 200 401
INFO:root:Fetching model IVStand.
DEBUG:urllib3.connectionpool:Starting new HTTPS connection (1): fuel.ignitionrobotics.org:443
DEBUG:urllib3.connectionpool:https://fuel.ignitionrobotics.org:443 "GET /1.0/OpenRobotics/models/IVStand HTTP/1.1" 200 408
INFO:root:Fetching model BloodPressureMonitor.
DEBUG:urllib3.connectionpool:Starting new HTTPS connection (1): fuel.ignitionrobotics.org:443
DEBUG:urllib3.connectionpool:https://fuel.ignitionrobotics.org:443 "GET /1.0/OpenRobotics/models/BloodPressureMonitor HTTP/1.1" 200 399
INFO:root:Fetching model BPCart.
DEBUG:urllib3.connectionpool:Starting new HTTPS connection (1): fuel.ignitionrobotics.org:443
DEBUG:urllib3.connectionpool:https://fuel.ignitionrobotics.org:443 "GET /1.0/OpenRobotics/models/BPCart HTTP/1.1" 200 401
INFO:root:Fetching model BMWCart.
DEBUG:urllib3.connectionpool:Starting new HTTPS connection (1): fuel.ignitionrobotics.org:443
DEBUG:urllib3.connectionpool:https://fuel.ignitionrobotics.org:443 "GET /1.0/OpenRobotics/models/BMWCart HTTP/1.1" 200 390
INFO:root:Fetching model CGMClassic.
DEBUG:urllib3.connectionpool:Starting new HTTPS connection (1): fuel.ignitionrobotics.org:443
DEBUG:urllib3.connectionpool:https://fuel.ignitionrobotics.org:443 "GET /1.0/OpenRobotics/models/CGMClassic HTTP/1.1" 200 386
INFO:root:Fetching model StorageRack.
DEBUG:urllib3.connectionpool:Starting new HTTPS connection (1): fuel.ignitionrobotics.org:443
DEBUG:urllib3.connectionpool:https://fuel.ignitionrobotics.org:443 "GET /1.0/OpenRobotics/models/StorageRack HTTP/1.1" 200 388
INFO:root:Fetching model Chair.
DEBUG:urllib3.connectionpool:Starting new HTTPS connection (1): fuel.ignitionrobotics.org:443
DEBUG:urllib3.connectionpool:https://fuel.ignitionrobotics.org:443 "GET /1.0/OpenRobotics/models/Chair HTTP/1.1" 200 392
INFO:root:Fetching model InstrumentCart1.
DEBUG:urllib3.connectionpool:Starting new HTTPS connection (1): fuel.ignitionrobotics.org:443
DEBUG:urllib3.connectionpool:https://fuel.ignitionrobotics.org:443 "GET /1.0/OpenRobotics/models/InstrumentCart1 HTTP/1.1" 200 391
INFO:root:Fetching model Scrubs.
DEBUG:urllib3.connectionpool:Starting new HTTPS connection (1): fuel.ignitionrobotics.org:443
DEBUG:urllib3.connectionpool:https://fuel.ignitionrobotics.org:443 "GET /1.0/OpenRobotics/models/Scrubs HTTP/1.1" 200 382
INFO:root:Fetching model PatientWheelChair.
DEBUG:urllib3.connectionpool:Starting new HTTPS connection (1): fuel.ignitionrobotics.org:443
DEBUG:urllib3.connectionpool:https://fuel.ignitionrobotics.org:443 "GET /1.0/OpenRobotics/models/PatientWheelChair HTTP/1.1" 200 402
INFO:root:Fetching model WhiteChipChair.
DEBUG:urllib3.connectionpool:Starting new HTTPS connection (1): fuel.ignitionrobotics.org:443
DEBUG:urllib3.connectionpool:https://fuel.ignitionrobotics.org:443 "GET /1.0/OpenRobotics/models/WhiteChipChair HTTP/1.1" 200 394
INFO:root:Fetching model TrolleyBed.
DEBUG:urllib3.connectionpool:Starting new HTTPS connection (1): fuel.ignitionrobotics.org:443
DEBUG:urllib3.connectionpool:https://fuel.ignitionrobotics.org:443 "GET /1.0/OpenRobotics/models/TrolleyBed HTTP/1.1" 200 398
INFO:root:Fetching model SurgicalTrolley.
DEBUG:urllib3.connectionpool:Starting new HTTPS connection (1): fuel.ignitionrobotics.org:443
DEBUG:urllib3.connectionpool:https://fuel.ignitionrobotics.org:443 "GET /1.0/OpenRobotics/models/SurgicalTrolley HTTP/1.1" 200 381
INFO:root:Fetching model PotatoChipChair.
DEBUG:urllib3.connectionpool:Starting new HTTPS connection (1): fuel.ignitionrobotics.org:443
DEBUG:urllib3.connectionpool:https://fuel.ignitionrobotics.org:443 "GET /1.0/OpenRobotics/models/PotatoChipChair HTTP/1.1" 200 411
INFO:root:Fetching model VisitorKidSit.
DEBUG:urllib3.connectionpool:Starting new HTTPS connection (1): fuel.ignitionrobotics.org:443
DEBUG:urllib3.connectionpool:https://fuel.ignitionrobotics.org:443 "GET /1.0/OpenRobotics/models/VisitorKidSit HTTP/1.1" 200 398
INFO:root:Fetching model FemaleVisitorSit.
DEBUG:urllib3.connectionpool:Starting new HTTPS connection (1): fuel.ignitionrobotics.org:443
DEBUG:urllib3.connectionpool:https://fuel.ignitionrobotics.org:443 "GET /1.0/OpenRobotics/models/FemaleVisitorSit HTTP/1.1" 200 379
INFO:root:Fetching model AdjTable.
DEBUG:urllib3.connectionpool:Starting new HTTPS connection (1): fuel.ignitionrobotics.org:443
DEBUG:urllib3.connectionpool:https://fuel.ignitionrobotics.org:443 "GET /1.0/OpenRobotics/models/AdjTable HTTP/1.1" 200 390
INFO:root:Fetching model MopCart3.
DEBUG:urllib3.connectionpool:Starting new HTTPS connection (1): fuel.ignitionrobotics.org:443
DEBUG:urllib3.connectionpool:https://fuel.ignitionrobotics.org:443 "GET /1.0/OpenRobotics/models/MopCart3 HTTP/1.1" 200 393
INFO:root:Fetching model MaleVisitorSit.
DEBUG:urllib3.connectionpool:Starting new HTTPS connection (1): fuel.ignitionrobotics.org:443
DEBUG:urllib3.connectionpool:https://fuel.ignitionrobotics.org:443 "GET /1.0/OpenRobotics/models/MaleVisitorSit HTTP/1.1" 200 376
INFO:root:Fetching model Drawer.
DEBUG:urllib3.connectionpool:Starting new HTTPS connection (1): fuel.ignitionrobotics.org:443
DEBUG:urllib3.connectionpool:https://fuel.ignitionrobotics.org:443 "GET /1.0/OpenRobotics/models/Drawer HTTP/1.1" 200 376
INFO:root:Fetching model OfficeChairBlack.
DEBUG:urllib3.connectionpool:Starting new HTTPS connection (1): fuel.ignitionrobotics.org:443
DEBUG:urllib3.connectionpool:https://fuel.ignitionrobotics.org:443 "GET /1.0/OpenRobotics/models/OfficeChairBlack HTTP/1.1" 200 398
INFO:root:Fetching model ElderLadyPatient.
DEBUG:urllib3.connectionpool:Starting new HTTPS connection (1): fuel.ignitionrobotics.org:443
DEBUG:urllib3.connectionpool:https://fuel.ignitionrobotics.org:443 "GET /1.0/OpenRobotics/models/ElderLadyPatient HTTP/1.1" 200 462
INFO:root:Fetching model ElderMalePatient.
DEBUG:urllib3.connectionpool:Starting new HTTPS connection (1): fuel.ignitionrobotics.org:443
DEBUG:urllib3.connectionpool:https://fuel.ignitionrobotics.org:443 "GET /1.0/OpenRobotics/models/ElderMalePatient HTTP/1.1" 200 465
INFO:root:Fetching model InstrumentCart2.
DEBUG:urllib3.connectionpool:Starting new HTTPS connection (1): fuel.ignitionrobotics.org:443
DEBUG:urllib3.connectionpool:https://fuel.ignitionrobotics.org:443 "GET /1.0/OpenRobotics/models/InstrumentCart2 HTTP/1.1" 200 386
INFO:root:Fetching model MetalCabinet.
DEBUG:urllib3.connectionpool:Starting new HTTPS connection (1): fuel.ignitionrobotics.org:443
DEBUG:urllib3.connectionpool:https://fuel.ignitionrobotics.org:443 "GET /1.0/OpenRobotics/models/MetalCabinet HTTP/1.1" 200 383
INFO:root:Fetching model BedTable.
DEBUG:urllib3.connectionpool:Starting new HTTPS connection (1): fuel.ignitionrobotics.org:443
DEBUG:urllib3.connectionpool:https://fuel.ignitionrobotics.org:443 "GET /1.0/OpenRobotics/models/BedTable HTTP/1.1" 200 400
INFO:root:Fetching model BedsideTable.
DEBUG:urllib3.connectionpool:Starting new HTTPS connection (1): fuel.ignitionrobotics.org:443
DEBUG:urllib3.connectionpool:https://fuel.ignitionrobotics.org:443 "GET /1.0/OpenRobotics/models/BedsideTable HTTP/1.1" 200 400
INFO:root:Fetching model AnesthesiaMachine.
DEBUG:urllib3.connectionpool:Starting new HTTPS connection (1): fuel.ignitionrobotics.org:443
DEBUG:urllib3.connectionpool:https://fuel.ignitionrobotics.org:443 "GET /1.0/OpenRobotics/models/AnesthesiaMachine HTTP/1.1" 200 375
INFO:root:Fetching model TrolleyBedPatient.
DEBUG:urllib3.connectionpool:Starting new HTTPS connection (1): fuel.ignitionrobotics.org:443
DEBUG:urllib3.connectionpool:https://fuel.ignitionrobotics.org:443 "GET /1.0/OpenRobotics/models/TrolleyBedPatient HTTP/1.1" 200 396
INFO:root:Fetching model Shower.
DEBUG:urllib3.connectionpool:Starting new HTTPS connection (1): fuel.ignitionrobotics.org:443
DEBUG:urllib3.connectionpool:https://fuel.ignitionrobotics.org:443 "GET /1.0/OpenRobotics/models/Shower HTTP/1.1" 200 386
INFO:root:Fetching model SurgicalTrolleyMed.
DEBUG:urllib3.connectionpool:Starting new HTTPS connection (1): fuel.ignitionrobotics.org:443
DEBUG:urllib3.connectionpool:https://fuel.ignitionrobotics.org:443 "GET /1.0/OpenRobotics/models/SurgicalTrolleyMed HTTP/1.1" 200 398
INFO:root:Fetching model StorageRackCovered.
DEBUG:urllib3.connectionpool:Starting new HTTPS connection (1): fuel.ignitionrobotics.org:443
DEBUG:urllib3.connectionpool:https://fuel.ignitionrobotics.org:443 "GET /1.0/OpenRobotics/models/StorageRackCovered HTTP/1.1" 200 381
INFO:root:Fetching model KitchenSink.
DEBUG:urllib3.connectionpool:Starting new HTTPS connection (1): fuel.ignitionrobotics.org:443
DEBUG:urllib3.connectionpool:https://fuel.ignitionrobotics.org:443 "GET /1.0/OpenRobotics/models/KitchenSink HTTP/1.1" 200 406
INFO:root:Fetching model Toilet.
DEBUG:urllib3.connectionpool:Starting new HTTPS connection (1): fuel.ignitionrobotics.org:443
DEBUG:urllib3.connectionpool:https://fuel.ignitionrobotics.org:443 "GET /1.0/OpenRobotics/models/Toilet HTTP/1.1" 200 383
INFO:root:Fetching model VendingMachine.
DEBUG:urllib3.connectionpool:Starting new HTTPS connection (1): fuel.ignitionrobotics.org:443
DEBUG:urllib3.connectionpool:https://fuel.ignitionrobotics.org:443 "GET /1.0/OpenRobotics/models/VendingMachine HTTP/1.1" 200 None
INFO:root:Fetching model ParkingTrolleyMin.
DEBUG:urllib3.connectionpool:Starting new HTTPS connection (1): fuel.ignitionrobotics.org:443
DEBUG:urllib3.connectionpool:https://fuel.ignitionrobotics.org:443 "GET /1.0/OpenRobotics/models/ParkingTrolleyMin HTTP/1.1" 200 416
INFO:root:Fetching model PatientFSit.
DEBUG:urllib3.connectionpool:Starting new HTTPS connection (1): fuel.ignitionrobotics.org:443
DEBUG:urllib3.connectionpool:https://fuel.ignitionrobotics.org:443 "GET /1.0/OpenRobotics/models/PatientFSit HTTP/1.1" 200 370
INFO:root:Fetching model MaleVisitorOnPhone.
DEBUG:urllib3.connectionpool:Starting new HTTPS connection (1): fuel.ignitionrobotics.org:443
DEBUG:urllib3.connectionpool:https://fuel.ignitionrobotics.org:443 "GET /1.0/OpenRobotics/models/MaleVisitorOnPhone HTTP/1.1" 200 426
INFO:root:Fetching model FemaleVisitor.
DEBUG:urllib3.connectionpool:Starting new HTTPS connection (1): fuel.ignitionrobotics.org:443
DEBUG:urllib3.connectionpool:https://fuel.ignitionrobotics.org:443 "GET /1.0/OpenRobotics/models/FemaleVisitor HTTP/1.1" 200 380
INFO:root:Fetching model MalePatientBed.
DEBUG:urllib3.connectionpool:Starting new HTTPS connection (1): fuel.ignitionrobotics.org:443
DEBUG:urllib3.connectionpool:https://fuel.ignitionrobotics.org:443 "GET /1.0/OpenRobotics/models/MalePatientBed HTTP/1.1" 200 482
INFO:root:Fetching model StorageRackCoverOpen.
DEBUG:urllib3.connectionpool:Starting new HTTPS connection (1): fuel.ignitionrobotics.org:443
DEBUG:urllib3.connectionpool:https://fuel.ignitionrobotics.org:443 "GET /1.0/OpenRobotics/models/StorageRackCoverOpen HTTP/1.1" 200 396
INFO:root:Fetching model ParkingTrolleyMax.
DEBUG:urllib3.connectionpool:Starting new HTTPS connection (1): fuel.ignitionrobotics.org:443
DEBUG:urllib3.connectionpool:https://fuel.ignitionrobotics.org:443 "GET /1.0/OpenRobotics/models/ParkingTrolleyMax HTTP/1.1" 200 419
DEBUG:root:Complete model list: [{{'createdAt': '2020-08-06T11:41:57Z', 'updatedAt': '2025-06-19T13:27:24Z', 'name': 'XRayMachine', 'owner': 'OpenRobotics', 'description': '', 'likes': 0, 'downloads': 5610, 'filesize': 345665, 'upload_date': '2020-08-06T11:41:56Z', 'modify_date': '2023-09-27T15:22:20Z', 'license_id': 2, 'license_name': 'Creative Commons Attribution 4.0 International', 'license_url': 'http://creativecommons.org/licenses/by/4.0/', 'license_image': 'https://i.creativecommons.org/l/by/4.0/88x31.png', 'permission': 0, 'url_name': '', 'thumbnail_url': '/OpenRobotics/models/XRayMachine/tip/files/thumbnails/1.png', 'version': 2, 'private': False, 'tags': ['xray', 'machine', 'xraymachine'], 'categories': ['Electronics', 'Appliance']}}, {{'createdAt': '2020-08-06T11:26:29Z', 'updatedAt': '2025-06-19T13:27:35Z', 'name': 'IVStand', 'owner': 'OpenRobotics', 'description': 'A generic hospital IV stand', 'likes': 0, 'downloads': 28207, 'filesize': 774855, 'upload_date': '2020-08-06T11:26:28Z', 'modify_date': '2023-09-27T15:23:16Z', 'license_id': 2, 'license_name': 'Creative Commons Attribution 4.0 International', 'license_url': 'http://creativecommons.org/licenses/by/4.0/', 'license_image': 'https://i.creativecommons.org/l/by/4.0/88x31.png', 'permission': 0, 'url_name': '', 'thumbnail_url': '/OpenRobotics/models/IVStand/tip/files/thumbnails/1.png', 'version': 2, 'private': False, 'tags': ['stand', 'IV', 'IVStand'], 'categories': ['Appliance']}}, {{'createdAt': '2020-08-06T11:21:27Z', 'updatedAt': '2025-06-19T13:27:46Z', 'name': 'BloodPressureMonitor', 'owner': 'OpenRobotics', 'description': '', 'likes': 0, 'downloads': 5665, 'filesize': 237020, 'upload_date': '2020-08-06T11:21:26Z', 'modify_date': '2023-09-27T15:23:44Z', 'license_id': 2, 'license_name': 'Creative Commons Attribution 4.0 International', 'license_url': 'http://creativecommons.org/licenses/by/4.0/', 'license_image': 'https://i.creativecommons.org/l/by/4.0/88x31.png', 'permission': 0, 'url_name': '', 'thumbnail_url': '/OpenRobotics/models/BloodPressureMonitor/tip/files/thumbnails/1.png', 'version': 2, 'private': False, 'tags': ['monitor', 'bloodpressure', 'blood', 'bloodpressuremonitor'], 'categories': ['Appliance']}}, {{'createdAt': '2020-08-06T11:22:38Z', 'updatedAt': '2025-06-19T13:28:10Z', 'name': 'BPCart', 'owner': 'OpenRobotics', 'description': 'A generic hospital cart', 'likes': 0, 'downloads': 5814, 'filesize': 1659990, 'upload_date': '2020-08-06T11:22:35Z', 'modify_date': '2023-09-27T15:23:37Z', 'license_id': 2, 'license_name': 'Creative Commons Attribution 4.0 International', 'license_url': 'http://creativecommons.org/licenses/by/4.0/', 'license_image': 'https://i.creativecommons.org/l/by/4.0/88x31.png', 'permission': 0, 'url_name': '', 'thumbnail_url': '/OpenRobotics/models/BPCart/tip/files/thumbnails/1.png', 'version': 2, 'private': False, 'tags': ['bp', 'cart', 'bpcart'], 'categories': ['Appliance']}}, {{'createdAt': '2020-06-26T09:36:40Z', 'updatedAt': '2025-06-19T13:28:23Z', 'name': 'BMWCart', 'owner': 'OpenRobotics', 'description': 'A generic hospital cart', 'likes': 0, 'downloads': 6058, 'filesize': 1607574, 'upload_date': '2020-06-26T09:36:38Z', 'modify_date': '2023-09-27T15:26:53Z', 'license_id': 2, 'license_name': 'Creative Commons Attribution 4.0 International', 'license_url': 'http://creativecommons.org/licenses/by/4.0/', 'license_image': 'https://i.creativecommons.org/l/by/4.0/88x31.png', 'permission': 0, 'url_name': '', 'thumbnail_url': '/OpenRobotics/models/BMWCart/tip/files/thumbnails/1.png', 'version': 2, 'private': False, 'categories': ['Appliance']}}, {{'createdAt': '2019-10-28T05:53:59Z', 'updatedAt': '2025-06-19T13:28:37Z', 'name': 'CGMClassic', 'owner': 'OpenRobotics', 'description': 'A CGMClassic hospital bed', 'likes': 0, 'downloads': 5791, 'filesize': 1597545, 'upload_date': '2019-10-28T05:53:56Z', 'modify_date': '2023-09-27T16:22:35Z', 'license_id': 2, 'license_name': 'Creative Commons Attribution 4.0 International', 'license_url': 'http://creativecommons.org/licenses/by/4.0/', 'license_image': 'https://i.creativecommons.org/l/by/4.0/88x31.png', 'permission': 0, 'url_name': '', 'thumbnail_url': '/OpenRobotics/models/CGMClassic/tip/files/thumbnails/1.png', 'version': 4, 'private': False, 'tags': ['hospital', 'bed']}}, {{'createdAt': '2019-10-28T06:40:47Z', 'updatedAt': '2025-06-19T13:31:43Z', 'name': 'StorageRack', 'owner': 'OpenRobotics', 'description': 'Empty Grilled Storage Rack', 'likes': 1, 'downloads': 72169, 'filesize': 70905, 'upload_date': '2019-10-28T06:40:44Z', 'modify_date': '2023-09-27T16:19:50Z', 'license_id': 2, 'license_name': 'Creative Commons Attribution 4.0 International', 'license_url': 'http://creativecommons.org/licenses/by/4.0/', 'license_image': 'https://i.creativecommons.org/l/by/4.0/88x31.png', 'permission': 0, 'url_name': '', 'thumbnail_url': '/OpenRobotics/models/StorageRack/tip/files/thumbnails/1.png', 'version': 2, 'private': False, 'tags': ['hospital']}}, {{'createdAt': '2020-05-20T19:30:13Z', 'updatedAt': '2025-06-19T13:46:21Z', 'name': 'Chair', 'owner': 'OpenRobotics', 'description': 'A generic hospital chair', 'likes': 0, 'downloads': 118524, 'filesize': 2741574, 'upload_date': '2020-05-20T19:30:11Z', 'modify_date': '2023-09-27T15:40:33Z', 'license_id': 2, 'license_name': 'Creative Commons Attribution 4.0 International', 'license_url': 'http://creativecommons.org/licenses/by/4.0/', 'license_image': 'https://i.creativecommons.org/l/by/4.0/88x31.png', 'permission': 0, 'url_name': '', 'thumbnail_url': '/OpenRobotics/models/Chair/tip/files/thumbnails/1.png', 'version': 3, 'private': False, 'categories': ['Furniture and Home']}}, {{'createdAt': '2019-10-28T06:19:00Z', 'updatedAt': '2025-06-19T13:32:11Z', 'name': 'InstrumentCart1', 'owner': 'OpenRobotics', 'description': 'Description of the model', 'likes': 0, 'downloads': 5696, 'filesize': 135677, 'upload_date': '2019-10-28T06:18:57Z', 'modify_date': '2023-09-27T16:21:22Z', 'license_id': 2, 'license_name': 'Creative Commons Attribution 4.0 International', 'license_url': 'http://creativecommons.org/licenses/by/4.0/', 'license_image': 'https://i.creativecommons.org/l/by/4.0/88x31.png', 'permission': 0, 'url_name': '', 'thumbnail_url': '/OpenRobotics/models/InstrumentCart1/tip/files/thumbnails/1.png', 'version': 2, 'private': False, 'tags': ['hospital']}}, {{'createdAt': '2020-07-06T10:19:54Z', 'updatedAt': '2025-06-19T13:32:29Z', 'name': 'Scrubs', 'owner': 'OpenRobotics', 'description': 'A person in scrubs.', 'likes': 0, 'downloads': 29516, 'filesize': 1028421, 'upload_date': '2020-07-06T10:19:52Z', 'modify_date': '2023-09-27T15:26:25Z', 'license_id': 2, 'license_name': 'Creative Commons Attribution 4.0 International', 'license_url': 'http://creativecommons.org/licenses/by/4.0/', 'license_image': 'https://i.creativecommons.org/l/by/4.0/88x31.png', 'permission': 0, 'url_name': '', 'thumbnail_url': '/OpenRobotics/models/Scrubs/tip/files/thumbnails/1.png', 'version': 2, 'private': False, 'categories': ['People']}}, {{'createdAt': '2019-10-28T06:33:50Z', 'updatedAt': '2025-06-19T13:32:37Z', 'name': 'PatientWheelChair', 'owner': 'OpenRobotics', 'description': 'Elderly patient on a wheelchair', 'likes': 0, 'downloads': 28687, 'filesize': 1175273, 'upload_date': '2019-10-28T06:33:46Z', 'modify_date': '2023-09-27T16:20:17Z', 'license_id': 2, 'license_name': 'Creative Commons Attribution 4.0 International', 'license_url': 'http://creativecommons.org/licenses/by/4.0/', 'license_image': 'https://i.creativecommons.org/l/by/4.0/88x31.png', 'permission': 0, 'url_name': '', 'thumbnail_url': '/OpenRobotics/models/PatientWheelChair/tip/files/thumbnails/1.png', 'version': 4, 'private': False, 'tags': ['person', 'hospital']}}, {{'createdAt': '2019-10-28T06:48:13Z', 'updatedAt': '2025-06-19T13:34:24Z', 'name': 'WhiteChipChair', 'owner': 'OpenRobotics', 'description': 'White row of seats', 'likes': 0, 'downloads': 47823, 'filesize': 792333, 'upload_date': '2019-10-28T06:48:10Z', 'modify_date': '2023-09-27T16:18:41Z', 'license_id': 2, 'license_name': 'Creative Commons Attribution 4.0 International', 'license_url': 'http://creativecommons.org/licenses/by/4.0/', 'license_image': 'https://i.creativecommons.org/l/by/4.0/88x31.png', 'permission': 0, 'url_name': '', 'thumbnail_url': '/OpenRobotics/models/WhiteChipChair/tip/files/thumbnails/1.png', 'version': 3, 'private': False, 'tags': ['hospital', 'furniture']}}, {{'createdAt': '2019-10-25T09:22:08Z', 'updatedAt': '2025-06-19T13:35:56Z', 'name': 'TrolleyBed', 'owner': 'OpenRobotics', 'description': 'Bed to transport patients.', 'likes': 0, 'downloads': 5770, 'filesize': 1015682, 'upload_date': '2019-10-25T09:22:04Z', 'modify_date': '2023-09-27T16:23:11Z', 'license_id': 2, 'license_name': 'Creative Commons Attribution 4.0 International', 'license_url': 'http://creativecommons.org/licenses/by/4.0/', 'license_image': 'https://i.creativecommons.org/l/by/4.0/88x31.png', 'permission': 0, 'url_name': '', 'thumbnail_url': '/OpenRobotics/models/TrolleyBed/tip/files/thumbnails/1.png', 'version': 3, 'private': False, 'tags': ['static', 'hospital', 'bed']}}, {{'createdAt': '2019-10-28T06:43:28Z', 'updatedAt': '2025-06-19T13:36:07Z', 'name': 'SurgicalTrolley', 'owner': 'OpenRobotics', 'description': 'Surgical supply trolley', 'likes': 0, 'downloads': 5003, 'filesize': 849805, 'upload_date': '2019-10-28T06:43:25Z', 'modify_date': '2023-09-27T16:19:23Z', 'license_id': 2, 'license_name': 'Creative Commons Attribution 4.0 International', 'license_url': 'http://creativecommons.org/licenses/by/4.0/', 'license_image': 'https://i.creativecommons.org/l/by/4.0/88x31.png', 'permission': 0, 'url_name': '', 'thumbnail_url': '/OpenRobotics/models/SurgicalTrolley/tip/files/thumbnails/1.png', 'version': 2, 'private': False, 'tags': ['hospital']}}, {{'createdAt': '2019-10-28T06:34:44Z', 'updatedAt': '2025-06-19T13:36:20Z', 'name': 'PotatoChipChair', 'owner': 'OpenRobotics', 'description': 'Three-seater bench for waiting outpatients', 'likes': 0, 'downloads': 59761, 'filesize': 824743, 'upload_date': '2019-10-28T06:34:41Z', 'modify_date': '2023-09-27T16:20:10Z', 'license_id': 2, 'license_name': 'Creative Commons Attribution 4.0 International', 'license_url': 'http://creativecommons.org/licenses/by/4.0/', 'license_image': 'https://i.creativecommons.org/l/by/4.0/88x31.png', 'permission': 0, 'url_name': '', 'thumbnail_url': '/OpenRobotics/models/PotatoChipChair/tip/files/thumbnails/1.png', 'version': 3, 'private': False, 'tags': ['hospital', 'furniture']}}, {{'createdAt': '2020-05-20T19:38:37Z', 'updatedAt': '2025-06-19T13:37:56Z', 'name': 'VisitorKidSit', 'owner': 'OpenRobotics', 'description': 'Kid sitting down reading a book.', 'likes': 0, 'downloads': 47608, 'filesize': 744956, 'upload_date': '2020-05-20T19:38:35Z', 'modify_date': '2023-09-27T15:39:59Z', 'license_id': 2, 'license_name': 'Creative Commons Attribution 4.0 International', 'license_url': 'http://creativecommons.org/licenses/by/4.0/', 'license_image': 'https://i.creativecommons.org/l/by/4.0/88x31.png', 'permission': 0, 'url_name': '', 'thumbnail_url': '/OpenRobotics/models/VisitorKidSit/tip/files/thumbnails/1.png', 'version': 2, 'private': False, 'categories': ['People']}}, {{'createdAt': '2020-05-20T19:34:41Z', 'updatedAt': '2025-06-19T13:38:06Z', 'name': 'FemaleVisitorSit', 'owner': 'OpenRobotics', 'description': '', 'likes': 0, 'downloads': 50791, 'filesize': 669884, 'upload_date': '2020-05-20T19:34:39Z', 'modify_date': '2023-09-27T15:40:21Z', 'license_id': 2, 'license_name': 'Creative Commons Attribution 4.0 International', 'license_url': 'http://creativecommons.org/licenses/by/4.0/', 'license_image': 'https://i.creativecommons.org/l/by/4.0/88x31.png', 'permission': 0, 'url_name': '', 'thumbnail_url': '/OpenRobotics/models/FemaleVisitorSit/tip/files/thumbnails/1.png', 'version': 2, 'private': False, 'categories': ['People']}}, {{'createdAt': '2020-06-09T12:06:50Z', 'updatedAt': '2025-06-19T13:38:16Z', 'name': 'AdjTable', 'owner': 'OpenRobotics', 'description': 'Description of the model', 'likes': 1, 'downloads': 97447, 'filesize': 4100585, 'upload_date': '2020-06-09T12:06:48Z', 'modify_date': '2023-09-27T15:33:59Z', 'license_id': 2, 'license_name': 'Creative Commons Attribution 4.0 International', 'license_url': 'http://creativecommons.org/licenses/by/4.0/', 'license_image': 'https://i.creativecommons.org/l/by/4.0/88x31.png', 'permission': 0, 'url_name': '', 'thumbnail_url': '/OpenRobotics/models/AdjTable/tip/files/thumbnails/1.png', 'version': 4, 'private': False, 'categories': ['Furniture and Home']}}, {{'createdAt': '2020-06-22T08:41:13Z', 'updatedAt': '2025-06-19T13:38:32Z', 'name': 'MopCart3', 'owner': 'OpenRobotics', 'description': 'Last version of another mop cart', 'likes': 0, 'downloads': 35508, 'filesize': 5787981, 'upload_date': '2020-06-22T08:41:10Z', 'modify_date': '2023-09-27T15:29:40Z', 'license_id': 2, 'license_name': 'Creative Commons Attribution 4.0 International', 'license_url': 'http://creativecommons.org/licenses/by/4.0/', 'license_image': 'https://i.creativecommons.org/l/by/4.0/88x31.png', 'permission': 0, 'url_name': '', 'thumbnail_url': '/OpenRobotics/models/MopCart3/tip/files/thumbnails/1.png', 'version': 2, 'private': False, 'categories': ['Appliance']}}, {{'createdAt': '2020-05-20T19:36:36Z', 'updatedAt': '2025-06-19T13:27:50Z', 'name': 'MaleVisitorSit', 'owner': 'OpenRobotics', 'description': '', 'likes': 0, 'downloads': 48250, 'filesize': 596416, 'upload_date': '2020-05-20T19:36:34Z', 'modify_date': '2023-09-27T15:40:10Z', 'license_id': 2, 'license_name': 'Creative Commons Attribution 4.0 International', 'license_url': 'http://creativecommons.org/licenses/by/4.0/', 'license_image': 'https://i.creativecommons.org/l/by/4.0/88x31.png', 'permission': 0, 'url_name': '', 'thumbnail_url': '/OpenRobotics/models/MaleVisitorSit/tip/files/thumbnails/1.png', 'version': 2, 'private': False, 'categories': ['People']}}, {{'createdAt': '2020-06-09T12:11:18Z', 'updatedAt': '2025-06-19T11:36:24Z', 'name': 'Drawer', 'owner': 'OpenRobotics', 'description': '', 'likes': 1, 'downloads': 57628, 'filesize': 135520, 'upload_date': '2020-06-09T12:11:16Z', 'modify_date': '2023-09-27T15:33:39Z', 'license_id': 2, 'license_name': 'Creative Commons Attribution 4.0 International', 'license_url': 'http://creativecommons.org/licenses/by/4.0/', 'license_image': 'https://i.creativecommons.org/l/by/4.0/88x31.png', 'permission': 0, 'url_name': '', 'thumbnail_url': '/OpenRobotics/models/Drawer/tip/files/thumbnails/1.png', 'version': 2, 'private': False, 'categories': ['Furniture and Home']}}, {{'createdAt': '2020-06-09T12:12:56Z', 'updatedAt': '2025-06-19T11:37:07Z', 'name': 'OfficeChairBlack', 'owner': 'OpenRobotics', 'description': 'Chair from meeting room.', 'likes': 0, 'downloads': 84210, 'filesize': 793096, 'upload_date': '2020-06-09T12:12:54Z', 'modify_date': '2023-09-27T15:33:27Z', 'license_id': 2, 'license_name': 'Creative Commons Attribution 4.0 International', 'license_url': 'http://creativecommons.org/licenses/by/4.0/', 'license_image': 'https://i.creativecommons.org/l/by/4.0/88x31.png', 'permission': 0, 'url_name': '', 'thumbnail_url': '/OpenRobotics/models/OfficeChairBlack/tip/files/thumbnails/1.png', 'version': 2, 'private': False, 'categories': ['Furniture and Home']}}, {{'createdAt': '2020-05-21T06:09:55Z', 'updatedAt': '2025-06-19T13:27:23Z', 'name': 'ElderLadyPatient', 'owner': 'OpenRobotics', 'description': 'An elder lady patient\nCharacter generated from Autodesk Character Generator - https://charactergenerator.autodesk.com/\nPose from Mixamo - https://www.mixamo.com/', 'likes': 0, 'downloads': 28371, 'filesize': 2731549, 'upload_date': '2020-05-21T06:09:52Z', 'modify_date': '2023-09-27T15:39:19Z', 'license_id': 2, 'license_name': 'Creative Commons Attribution 4.0 International', 'license_url': 'http://creativecommons.org/licenses/by/4.0/', 'license_image': 'https://i.creativecommons.org/l/by/4.0/88x31.png', 'permission': 0, 'url_name': '', 'thumbnail_url': '/OpenRobotics/models/ElderLadyPatient/tip/files/thumbnails/1.png', 'version': 2, 'private': False, 'categories': ['People']}}, {{'createdAt': '2020-05-21T06:13:26Z', 'updatedAt': '2025-06-19T13:27:44Z', 'name': 'ElderMalePatient', 'owner': 'OpenRobotics', 'description': 'An elder male patient lying down.\nCharacter generated from Autodesk Character Generator - https://charactergenerator.autodesk.com/\nPose from Mixamo - https://www.mixamo.com/', 'likes': 0, 'downloads': 28122, 'filesize': 2918271, 'upload_date': '2020-05-21T06:13:24Z', 'modify_date': '2023-09-27T15:39:11Z', 'license_id': 2, 'license_name': 'Creative Commons Attribution 4.0 International', 'license_url': 'http://creativecommons.org/licenses/by/4.0/', 'license_image': 'https://i.creativecommons.org/l/by/4.0/88x31.png', 'permission': 0, 'url_name': '', 'thumbnail_url': '/OpenRobotics/models/ElderMalePatient/tip/files/thumbnails/1.png', 'version': 2, 'private': False, 'categories': ['People']}}, {{'createdAt': '2019-10-28T06:19:44Z', 'updatedAt': '2025-06-19T10:01:31Z', 'name': 'InstrumentCart2', 'owner': 'OpenRobotics', 'description': 'Description of the model', 'likes': 0, 'downloads': 4921, 'filesize': 702606, 'upload_date': '2019-10-28T06:19:41Z', 'modify_date': '2023-09-27T16:21:17Z', 'license_id': 2, 'license_name': 'Creative Commons Attribution 4.0 International', 'license_url': 'http://creativecommons.org/licenses/by/4.0/', 'license_image': 'https://i.creativecommons.org/l/by/4.0/88x31.png', 'permission': 0, 'url_name': '', 'thumbnail_url': '/OpenRobotics/models/InstrumentCart2/tip/files/thumbnails/1.png', 'version': 2, 'private': False, 'tags': ['hospital']}}, {{'createdAt': '2019-10-28T06:23:41Z', 'updatedAt': '2025-06-19T13:27:15Z', 'name': 'MetalCabinet', 'owner': 'OpenRobotics', 'description': 'Tall grey metal cabinet', 'likes': 0, 'downloads': 40582, 'filesize': 29065, 'upload_date': '2019-10-28T06:23:37Z', 'modify_date': '2023-09-27T16:20:57Z', 'license_id': 2, 'license_name': 'Creative Commons Attribution 4.0 International', 'license_url': 'http://creativecommons.org/licenses/by/4.0/', 'license_image': 'https://i.creativecommons.org/l/by/4.0/88x31.png', 'permission': 0, 'url_name': '', 'thumbnail_url': '/OpenRobotics/models/MetalCabinet/tip/files/thumbnails/1.png', 'version': 2, 'private': False, 'tags': ['hospital']}}, {{'createdAt': '2020-05-21T05:53:52Z', 'updatedAt': '2025-06-19T10:01:45Z', 'name': 'BedTable', 'owner': 'OpenRobotics', 'description': 'A generic hospital bed table', 'likes': 0, 'downloads': 12389, 'filesize': 1088303, 'upload_date': '2020-05-21T05:53:49Z', 'modify_date': '2023-09-27T15:39:31Z', 'license_id': 2, 'license_name': 'Creative Commons Attribution 4.0 International', 'license_url': 'http://creativecommons.org/licenses/by/4.0/', 'license_image': 'https://i.creativecommons.org/l/by/4.0/88x31.png', 'permission': 0, 'url_name': '', 'thumbnail_url': '/OpenRobotics/models/BedTable/tip/files/thumbnails/1.png', 'version': 2, 'private': False, 'categories': ['Furniture and Home']}}, {{'createdAt': '2020-05-21T05:27:18Z', 'updatedAt': '2025-06-19T13:27:14Z', 'name': 'BedsideTable', 'owner': 'OpenRobotics', 'description': 'A generic hospital bedside table', 'likes': 0, 'downloads': 30363, 'filesize': 691910, 'upload_date': '2020-05-21T05:27:16Z', 'modify_date': '2023-09-27T15:39:43Z', 'license_id': 2, 'license_name': 'Creative Commons Attribution 4.0 International', 'license_url': 'http://creativecommons.org/licenses/by/4.0/', 'license_image': 'https://i.creativecommons.org/l/by/4.0/88x31.png', 'permission': 0, 'url_name': '', 'thumbnail_url': '/OpenRobotics/models/BedsideTable/tip/files/thumbnails/1.png', 'version': 2, 'private': False, 'categories': ['Furniture and Home']}}, {{'createdAt': '2020-06-26T09:35:49Z', 'updatedAt': '2025-06-19T10:02:00Z', 'name': 'AnesthesiaMachine', 'owner': 'OpenRobotics', 'description': '', 'likes': 0, 'downloads': 5683, 'filesize': 541299, 'upload_date': '2020-06-26T09:35:47Z', 'modify_date': '2023-09-27T15:27:00Z', 'license_id': 2, 'license_name': 'Creative Commons Attribution 4.0 International', 'license_url': 'http://creativecommons.org/licenses/by/4.0/', 'license_image': 'https://i.creativecommons.org/l/by/4.0/88x31.png', 'permission': 0, 'url_name': '', 'thumbnail_url': '/OpenRobotics/models/AnesthesiaMachine/tip/files/thumbnails/1.png', 'version': 2, 'private': False, 'categories': ['Appliance']}}, {{'createdAt': '2019-10-28T06:45:05Z', 'updatedAt': '2025-06-19T10:02:08Z', 'name': 'TrolleyBedPatient', 'owner': 'OpenRobotics', 'description': 'Trolley Bed with patient', 'likes': 0, 'downloads': 5198, 'filesize': 1479205, 'upload_date': '2019-10-28T06:45:01Z', 'modify_date': '2023-09-27T16:19:05Z', 'license_id': 2, 'license_name': 'Creative Commons Attribution 4.0 International', 'license_url': 'http://creativecommons.org/licenses/by/4.0/', 'license_image': 'https://i.creativecommons.org/l/by/4.0/88x31.png', 'permission': 0, 'url_name': '', 'thumbnail_url': '/OpenRobotics/models/TrolleyBedPatient/tip/files/thumbnails/1.png', 'version': 3, 'private': False, 'tags': ['person', 'hospital', 'furniture']}}, {{'createdAt': '2020-06-25T10:18:19Z', 'updatedAt': '2025-06-19T13:27:36Z', 'name': 'Shower', 'owner': 'OpenRobotics', 'description': 'A generic shower', 'likes': 1, 'downloads': 35676, 'filesize': 568856, 'upload_date': '2020-06-25T10:18:17Z', 'modify_date': '2023-09-27T15:27:42Z', 'license_id': 2, 'license_name': 'Creative Commons Attribution 4.0 International', 'license_url': 'http://creativecommons.org/licenses/by/4.0/', 'license_image': 'https://i.creativecommons.org/l/by/4.0/88x31.png', 'permission': 0, 'url_name': '', 'thumbnail_url': '/OpenRobotics/models/Shower/tip/files/thumbnails/1.png', 'version': 2, 'private': False, 'categories': ['Furniture and Home']}}, {{'createdAt': '2020-06-26T09:39:00Z', 'updatedAt': '2025-06-19T13:27:08Z', 'name': 'SurgicalTrolleyMed', 'owner': 'OpenRobotics', 'description': 'Medium sized surgical trolley.', 'likes': 1, 'downloads': 27778, 'filesize': 860176, 'upload_date': '2020-06-26T09:38:58Z', 'modify_date': '2023-09-27T15:26:41Z', 'license_id': 2, 'license_name': 'Creative Commons Attribution 4.0 International', 'license_url': 'http://creativecommons.org/licenses/by/4.0/', 'license_image': 'https://i.creativecommons.org/l/by/4.0/88x31.png', 'permission': 0, 'url_name': '', 'thumbnail_url': '/OpenRobotics/models/SurgicalTrolleyMed/tip/files/thumbnails/1.png', 'version': 2, 'private': False, 'categories': ['Appliance']}}, {{'createdAt': '2019-10-28T06:42:26Z', 'updatedAt': '2025-06-19T10:02:31Z', 'name': 'StorageRackCovered', 'owner': 'OpenRobotics', 'description': 'Storage rack covered.', 'likes': 0, 'downloads': 22857, 'filesize': 536807, 'upload_date': '2019-10-28T06:42:22Z', 'modify_date': '2023-09-27T16:19:32Z', 'license_id': 2, 'license_name': 'Creative Commons Attribution 4.0 International', 'license_url': 'http://creativecommons.org/licenses/by/4.0/', 'license_image': 'https://i.creativecommons.org/l/by/4.0/88x31.png', 'permission': 0, 'url_name': '', 'thumbnail_url': '/OpenRobotics/models/StorageRackCovered/tip/files/thumbnails/1.png', 'version': 2, 'private': False, 'tags': ['hospital']}}, {{'createdAt': '2020-06-22T08:38:48Z', 'updatedAt': '2025-06-19T13:26:56Z', 'name': 'KitchenSink', 'owner': 'OpenRobotics', 'description': 'A countertop with a kitchen sink', 'likes': 1, 'downloads': 37098, 'filesize': 41731, 'upload_date': '2020-06-22T08:38:47Z', 'modify_date': '2023-09-27T15:30:05Z', 'license_id': 2, 'license_name': 'Creative Commons Attribution 4.0 International', 'license_url': 'http://creativecommons.org/licenses/by/4.0/', 'license_image': 'https://i.creativecommons.org/l/by/4.0/88x31.png', 'permission': 0, 'url_name': '', 'thumbnail_url': '/OpenRobotics/models/KitchenSink/tip/files/thumbnails/1.png', 'version': 2, 'private': False, 'categories': ['Furniture and Home', 'Kitchen']}}, {{'createdAt': '2020-06-25T10:18:48Z', 'updatedAt': '2025-06-19T13:27:41Z', 'name': 'Toilet', 'owner': 'OpenRobotics', 'description': 'A generic toilet', 'likes': 0, 'downloads': 83927, 'filesize': 205503, 'upload_date': '2020-06-25T10:18:46Z', 'modify_date': '2023-09-27T15:27:37Z', 'license_id': 2, 'license_name': 'Creative Commons Attribution 4.0 International', 'license_url': 'http://creativecommons.org/licenses/by/4.0/', 'license_image': 'https://i.creativecommons.org/l/by/4.0/88x31.png', 'permission': 0, 'url_name': '', 'thumbnail_url': '/OpenRobotics/models/Toilet/tip/files/thumbnails/1.png', 'version': 2, 'private': False, 'categories': ['Furniture and Home']}}, {{'createdAt': '2020-06-25T10:20:57Z', 'updatedAt': '2025-06-19T13:27:46Z', 'name': 'VendingMachine', 'owner': 'OpenRobotics', 'description': 'Beverage vending device mostly seen across singapore, including hospitals', 'likes': 0, 'downloads': 75779, 'filesize': 619550, 'upload_date': '2020-06-25T10:20:53Z', 'modify_date': '2023-09-27T15:27:16Z', 'license_id': 2, 'license_name': 'Creative Commons Attribution 4.0 International', 'license_url': 'http://creativecommons.org/licenses/by/4.0/', 'license_image': 'https://i.creativecommons.org/l/by/4.0/88x31.png', 'permission': 0, 'url_name': '', 'thumbnail_url': '/OpenRobotics/models/VendingMachine/tip/files/thumbnails/1.png', 'version': 3, 'private': False, 'categories': ['Appliance']}}, {{'createdAt': '2019-10-28T06:31:59Z', 'updatedAt': '2025-06-19T10:03:00Z', 'name': 'ParkingTrolleyMin', 'owner': 'OpenRobotics', 'description': 'Trolley and carts parking area with bags, this one has less bags', 'likes': 0, 'downloads': 4760, 'filesize': 1946726, 'upload_date': '2019-10-28T06:31:55Z', 'modify_date': '2023-09-27T16:20:24Z', 'license_id': 2, 'license_name': 'Creative Commons Attribution 4.0 International', 'license_url': 'http://creativecommons.org/licenses/by/4.0/', 'license_image': 'https://i.creativecommons.org/l/by/4.0/88x31.png', 'permission': 0, 'url_name': '', 'thumbnail_url': '/OpenRobotics/models/ParkingTrolleyMin/tip/files/thumbnails/1.png', 'version': 3, 'private': False, 'tags': ['hospital']}}, {{'createdAt': '2020-06-25T10:17:29Z', 'updatedAt': '2025-06-19T13:46:43Z', 'name': 'PatientFSit', 'owner': 'OpenRobotics', 'description': '', 'likes': 0, 'downloads': 28228, 'filesize': 657045, 'upload_date': '2020-06-25T10:17:27Z', 'modify_date': '2023-09-27T15:27:47Z', 'license_id': 2, 'license_name': 'Creative Commons Attribution 4.0 International', 'license_url': 'http://creativecommons.org/licenses/by/4.0/', 'license_image': 'https://i.creativecommons.org/l/by/4.0/88x31.png', 'permission': 0, 'url_name': '', 'thumbnail_url': '/OpenRobotics/models/PatientFSit/tip/files/thumbnails/1.png', 'version': 2, 'private': False, 'categories': ['People']}}, {{'createdAt': '2020-06-25T10:13:35Z', 'updatedAt': '2025-06-19T13:46:22Z', 'name': 'MaleVisitorOnPhone', 'owner': 'OpenRobotics', 'description': 'A man wearing purple shirt, looking at his phone', 'likes': 0, 'downloads': 44766, 'filesize': 1394258, 'upload_date': '2020-06-25T10:13:33Z', 'modify_date': '2023-09-27T15:28:15Z', 'license_id': 2, 'license_name': 'Creative Commons Attribution 4.0 International', 'license_url': 'http://creativecommons.org/licenses/by/4.0/', 'license_image': 'https://i.creativecommons.org/l/by/4.0/88x31.png', 'permission': 0, 'url_name': '', 'thumbnail_url': '/OpenRobotics/models/MaleVisitorOnPhone/tip/files/thumbnails/1.png', 'version': 2, 'private': False, 'categories': ['People', 'Tablet and Smartphone']}}, {{'createdAt': '2020-05-20T19:33:13Z', 'updatedAt': '2025-06-19T13:27:31Z', 'name': 'FemaleVisitor', 'owner': 'OpenRobotics', 'description': 'Female visitor', 'likes': 0, 'downloads': 56571, 'filesize': 685516, 'upload_date': '2020-05-20T19:33:11Z', 'modify_date': '2023-09-27T15:40:27Z', 'license_id': 2, 'license_name': 'Creative Commons Attribution 4.0 International', 'license_url': 'http://creativecommons.org/licenses/by/4.0/', 'license_image': 'https://i.creativecommons.org/l/by/4.0/88x31.png', 'permission': 0, 'url_name': '', 'thumbnail_url': '/OpenRobotics/models/FemaleVisitor/tip/files/thumbnails/1.png', 'version': 2, 'private': False, 'categories': ['People']}}, {{'createdAt': '2020-06-25T10:12:27Z', 'updatedAt': '2025-06-19T10:03:33Z', 'name': 'MalePatientBed', 'owner': 'OpenRobotics', 'description': 'A male patient lying down on a hospital bed.\nCharacter generated from Autodesk Character Generator - https://charactergenerator.autodesk.com/\nPose from Mixamo - https://www.mixamo.com/\nBed from Cole Biesemeyer.', 'likes': 0, 'downloads': 5699, 'filesize': 2087725, 'upload_date': '2020-06-25T10:12:25Z', 'modify_date': '2023-09-27T15:28:21Z', 'license_id': 2, 'license_name': 'Creative Commons Attribution 4.0 International', 'license_url': 'http://creativecommons.org/licenses/by/4.0/', 'license_image': 'https://i.creativecommons.org/l/by/4.0/88x31.png', 'permission': 0, 'url_name': '', 'thumbnail_url': '/OpenRobotics/models/MalePatientBed/tip/files/thumbnails/1.png', 'version': 2, 'private': False, 'categories': ['People']}}, {{'createdAt': '2019-10-28T06:41:39Z', 'updatedAt': '2025-06-19T10:03:42Z', 'name': 'StorageRackCoverOpen', 'owner': 'OpenRobotics', 'description': 'Storage rack with blue cover, open.', 'likes': 1, 'downloads': 21237, 'filesize': 635216, 'upload_date': '2019-10-28T06:41:36Z', 'modify_date': '2023-09-27T16:19:41Z', 'license_id': 2, 'license_name': 'Creative Commons Attribution 4.0 International', 'license_url': 'http://creativecommons.org/licenses/by/4.0/', 'license_image': 'https://i.creativecommons.org/l/by/4.0/88x31.png', 'permission': 0, 'url_name': '', 'thumbnail_url': '/OpenRobotics/models/StorageRackCoverOpen/tip/files/thumbnails/1.png', 'version': 2, 'private': False, 'tags': ['hospital']}}, {{'createdAt': '2019-10-28T06:30:59Z', 'updatedAt': '2025-06-19T13:27:43Z', 'name': 'ParkingTrolleyMax', 'owner': 'OpenRobotics', 'description': 'Trolley and carts parking area with bags, this one has more bags', 'likes': 0, 'downloads': 35088, 'filesize': 778398, 'upload_date': '2019-10-28T06:30:55Z', 'modify_date': '2023-09-27T16:20:32Z', 'license_id': 2, 'license_name': 'Creative Commons Attribution 4.0 International', 'license_url': 'http://creativecommons.org/licenses/by/4.0/', 'license_image': 'https://i.creativecommons.org/l/by/4.0/88x31.png', 'permission': 0, 'url_name': '', 'thumbnail_url': '/OpenRobotics/models/ParkingTrolleyMax/tip/files/thumbnails/1.png', 'version': 3, 'private': False, 'tags': ['hospital']}}]
INFO:root:Downloading zip files and extracting them into /home/shari/cohan_multi_ws/src/aws-robomaker-hospital-world/fuel_models directory
INFO:root:Model XRayMachine already downloaded.
INFO:root:Model IVStand already downloaded.
INFO:root:Model BloodPressureMonitor already downloaded.
INFO:root:Model BPCart already downloaded.
INFO:root:Model BMWCart already downloaded.
INFO:root:Model CGMClassic already downloaded.
INFO:root:Model StorageRack already downloaded.
INFO:root:Model Chair already downloaded.
INFO:root:Model InstrumentCart1 already downloaded.
INFO:root:Model Scrubs already downloaded.
INFO:root:Model PatientWheelChair already downloaded.
INFO:root:Model WhiteChipChair already downloaded.
INFO:root:Model TrolleyBed already downloaded.
INFO:root:Model SurgicalTrolley already downloaded.
INFO:root:Model PotatoChipChair already downloaded.
INFO:root:Model VisitorKidSit already downloaded.
INFO:root:Model FemaleVisitorSit already downloaded.
INFO:root:Model AdjTable already downloaded.
INFO:root:Model MopCart3 already downloaded.
INFO:root:Model MaleVisitorSit already downloaded.
INFO:root:Model Drawer already downloaded.
INFO:root:Model OfficeChairBlack already downloaded.
INFO:root:Model ElderLadyPatient already downloaded.
INFO:root:Model ElderMalePatient already downloaded.
INFO:root:Model InstrumentCart2 already downloaded.
INFO:root:Model MetalCabinet already downloaded.
INFO:root:Model BedTable already downloaded.
INFO:root:Model BedsideTable already downloaded.
INFO:root:Model AnesthesiaMachine already downloaded.
INFO:root:Model TrolleyBedPatient already downloaded.
INFO:root:Model Shower already downloaded.
INFO:root:Model SurgicalTrolleyMed already downloaded.
INFO:root:Model StorageRackCovered already downloaded.
INFO:root:Model KitchenSink already downloaded.
INFO:root:Model Toilet already downloaded.
INFO:root:Model VendingMachine already downloaded.
INFO:root:Model ParkingTrolleyMin already downloaded.
INFO:root:Model PatientFSit already downloaded.
INFO:root:Model MaleVisitorOnPhone already downloaded.
INFO:root:Model FemaleVisitor already downloaded.
INFO:root:Model MalePatientBed already downloaded.
INFO:root:Model StorageRackCoverOpen already downloaded.
INFO:root:Model ParkingTrolleyMax already downloaded.
INFO:root:Creating database file: /home/shari/cohan_multi_ws/src/aws-robomaker-hospital-world/fuel_models/database.config
INFO:root:All done!
[36m--[0m Configuring done
[36m--[0m Generating done
[36m--[0m Build files have been written to: /home/shari/cohan_multi_ws/build/aws_robomaker_hospital_world
