[  0%] Built target std_msgs_generate_messages_cpp
[  0%] Built target cohan_msgs_generate_messages_cpp
[  0%] Built target costmap_converter_generate_messages_cpp
[  0%] Built target geometry_msgs_generate_messages_cpp
[  0%] Built target _hateb_local_planner_generate_messages_check_deps_FeedbackMsg
[  0%] Built target geometry_msgs_generate_messages_eus
[  0%] Built target _hateb_local_planner_generate_messages_check_deps_OptimizationCostArray
[  0%] Built target _hateb_local_planner_generate_messages_check_deps_ObstacleMsg
[  0%] Built target _hateb_local_planner_generate_messages_check_deps_TrajectoryPointMsg
[  0%] Built target _hateb_local_planner_generate_messages_check_deps_getOptimVel
[  1%] Built target hateb_local_planner_gencfg
[  1%] Built target _hateb_local_planner_generate_messages_check_deps_setPlanning
[  1%] Built target _hateb_local_planner_generate_messages_check_deps_Optimize
[  1%] Built target _hateb_local_planner_generate_messages_check_deps_getPlanning
[  1%] Built target _hateb_local_planner_generate_messages_check_deps_TrajectoryMsg
[  1%] Built target std_msgs_generate_messages_eus
[  1%] Built target costmap_converter_generate_messages_py
[  1%] Built target cohan_msgs_generate_messages_py
[  1%] Built target std_msgs_generate_messages_py
[  1%] Built target cohan_msgs_generate_messages_eus
[  1%] Built target costmap_converter_generate_messages_eus
[  1%] Built target _hateb_local_planner_generate_messages_check_deps_OptimizationCost
[  1%] Built target _hateb_local_planner_generate_messages_check_deps_Approach
[  1%] Built target geometry_msgs_generate_messages_py
[  1%] Built target geometry_msgs_generate_messages_nodejs
[  1%] Built target cohan_msgs_generate_messages_nodejs
[  1%] Built target std_msgs_generate_messages_nodejs
[  1%] Built target costmap_converter_generate_messages_nodejs
[  1%] Built target geometry_msgs_generate_messages_lisp
[  1%] Built target costmap_converter_generate_messages_lisp
[  1%] Built target std_msgs_generate_messages_lisp
[  1%] Built target cohan_msgs_generate_messages_lisp
[ 15%] Built target hateb_local_planner_generate_messages_cpp
[ 43%] Built target hateb_local_planner_generate_messages_nodejs
[ 44%] Built target hateb_local_planner_generate_messages_eus
[ 61%] Built target hateb_local_planner_generate_messages_py
[ 75%] Built target hateb_local_planner_generate_messages_lisp
[ 75%] Built target hateb_local_planner_generate_messages
[ 89%] Built target hateb_local_planner
[ 92%] Built target get_optim_vel
[ 94%] Built target static_visualize
[ 97%] Built target local_planner
[100%] Built target test_optim_node
