[  0%] Built target _cohan_msgs_generate_messages_check_deps_TrackedAgent
[  0%] Built target _cohan_msgs_generate_messages_check_deps_AgentMarkerStamped
[  0%] Built target _cohan_msgs_generate_messages_check_deps_AgentMarker
[  0%] Built target _cohan_msgs_generate_messages_check_deps_StateArray
[  0%] Built target _cohan_msgs_generate_messages_check_deps_TrajectoryMsg
[  0%] Built target _cohan_msgs_generate_messages_check_deps_TrajectoryPointMsg
[  0%] Built target _cohan_msgs_generate_messages_check_deps_TrackedAgents
[  0%] Built target _cohan_msgs_generate_messages_check_deps_TrackedSegment
[  0%] Built target _cohan_msgs_generate_messages_check_deps_AgentType
[  0%] Built target _cohan_msgs_generate_messages_check_deps_AgentTrajectory
[  0%] Built target _cohan_msgs_generate_messages_check_deps_AgentTimeToGoalArray
[  0%] Built target _cohan_msgs_generate_messages_check_deps_AgentTrajectoryArray
[  0%] Built target _cohan_msgs_generate_messages_check_deps_AgentPathArray
[  0%] Built target std_msgs_generate_messages_py
[  0%] Built target _cohan_msgs_generate_messages_check_deps_AgentPath
[  0%] Built target _cohan_msgs_generate_messages_check_deps_TrajectoryPoint
[  0%] Built target geometry_msgs_generate_messages_py
[  0%] Built target nav_msgs_generate_messages_py
[  0%] Built target _cohan_msgs_generate_messages_check_deps_TrajectoryArray
[  0%] Built target std_msgs_generate_messages_lisp
[  0%] Built target _cohan_msgs_generate_messages_check_deps_Trajectory
[  0%] Built target _cohan_msgs_generate_messages_check_deps_PointArray
[  0%] Built target nav_msgs_generate_messages_lisp
[  0%] Built target _cohan_msgs_generate_messages_check_deps_TrackedSegmentType
[  0%] Built target geometry_msgs_generate_messages_lisp
[  0%] Built target _cohan_msgs_generate_messages_check_deps_AgentTimeToGoal
[  0%] Built target std_msgs_generate_messages_cpp
[  0%] Built target nav_msgs_generate_messages_cpp
[  0%] Built target geometry_msgs_generate_messages_cpp
[  0%] Built target nav_msgs_generate_messages_eus
[  0%] Built target geometry_msgs_generate_messages_eus
[  0%] Built target std_msgs_generate_messages_eus
[  0%] Built target std_msgs_generate_messages_nodejs
[  0%] Built target geometry_msgs_generate_messages_nodejs
[  0%] Built target nav_msgs_generate_messages_nodejs
[ 19%] Built target cohan_msgs_generate_messages_cpp
[ 40%] Built target cohan_msgs_generate_messages_py
[ 59%] Built target cohan_msgs_generate_messages_lisp
[ 80%] Built target cohan_msgs_generate_messages_eus
[100%] Built target cohan_msgs_generate_messages_nodejs
[100%] Built target cohan_msgs_generate_messages
