Linked: (/home/shari/cohan_multi_ws/devel/.private/cohan_msgs/include/cohan_msgs/TrackedAgents.h, /home/shari/cohan_multi_ws/devel/include/cohan_msgs/TrackedAgents.h)
Linked: (/home/shari/cohan_multi_ws/devel/.private/cohan_msgs/include/cohan_msgs/AgentPathArray.h, /home/shari/cohan_multi_ws/devel/include/cohan_msgs/AgentPathArray.h)
Linked: (/home/shari/cohan_multi_ws/devel/.private/cohan_msgs/include/cohan_msgs/AgentTimeToGoalArray.h, /home/shari/cohan_multi_ws/devel/include/cohan_msgs/AgentTimeToGoalArray.h)
Linked: (/home/shari/cohan_multi_ws/devel/.private/cohan_msgs/include/cohan_msgs/TrackedSegmentType.h, /home/shari/cohan_multi_ws/devel/include/cohan_msgs/TrackedSegmentType.h)
Linked: (/home/shari/cohan_multi_ws/devel/.private/cohan_msgs/include/cohan_msgs/TrajectoryPoint.h, /home/shari/cohan_multi_ws/devel/include/cohan_msgs/TrajectoryPoint.h)
Linked: (/home/shari/cohan_multi_ws/devel/.private/cohan_msgs/include/cohan_msgs/AgentType.h, /home/shari/cohan_multi_ws/devel/include/cohan_msgs/AgentType.h)
Linked: (/home/shari/cohan_multi_ws/devel/.private/cohan_msgs/include/cohan_msgs/AgentMarker.h, /home/shari/cohan_multi_ws/devel/include/cohan_msgs/AgentMarker.h)
Linked: (/home/shari/cohan_multi_ws/devel/.private/cohan_msgs/include/cohan_msgs/AgentTrajectoryArray.h, /home/shari/cohan_multi_ws/devel/include/cohan_msgs/AgentTrajectoryArray.h)
Linked: (/home/shari/cohan_multi_ws/devel/.private/cohan_msgs/include/cohan_msgs/TrajectoryArray.h, /home/shari/cohan_multi_ws/devel/include/cohan_msgs/TrajectoryArray.h)
Linked: (/home/shari/cohan_multi_ws/devel/.private/cohan_msgs/include/cohan_msgs/TrajectoryMsg.h, /home/shari/cohan_multi_ws/devel/include/cohan_msgs/TrajectoryMsg.h)
Linked: (/home/shari/cohan_multi_ws/devel/.private/cohan_msgs/include/cohan_msgs/AgentTimeToGoal.h, /home/shari/cohan_multi_ws/devel/include/cohan_msgs/AgentTimeToGoal.h)
Linked: (/home/shari/cohan_multi_ws/devel/.private/cohan_msgs/include/cohan_msgs/TrajectoryPointMsg.h, /home/shari/cohan_multi_ws/devel/include/cohan_msgs/TrajectoryPointMsg.h)
Linked: (/home/shari/cohan_multi_ws/devel/.private/cohan_msgs/include/cohan_msgs/TrackedAgent.h, /home/shari/cohan_multi_ws/devel/include/cohan_msgs/TrackedAgent.h)
Linked: (/home/shari/cohan_multi_ws/devel/.private/cohan_msgs/include/cohan_msgs/TrackedSegment.h, /home/shari/cohan_multi_ws/devel/include/cohan_msgs/TrackedSegment.h)
Linked: (/home/shari/cohan_multi_ws/devel/.private/cohan_msgs/include/cohan_msgs/Trajectory.h, /home/shari/cohan_multi_ws/devel/include/cohan_msgs/Trajectory.h)
Linked: (/home/shari/cohan_multi_ws/devel/.private/cohan_msgs/include/cohan_msgs/PointArray.h, /home/shari/cohan_multi_ws/devel/include/cohan_msgs/PointArray.h)
Linked: (/home/shari/cohan_multi_ws/devel/.private/cohan_msgs/include/cohan_msgs/StateArray.h, /home/shari/cohan_multi_ws/devel/include/cohan_msgs/StateArray.h)
Linked: (/home/shari/cohan_multi_ws/devel/.private/cohan_msgs/include/cohan_msgs/AgentTrajectory.h, /home/shari/cohan_multi_ws/devel/include/cohan_msgs/AgentTrajectory.h)
Linked: (/home/shari/cohan_multi_ws/devel/.private/cohan_msgs/include/cohan_msgs/AgentMarkerStamped.h, /home/shari/cohan_multi_ws/devel/include/cohan_msgs/AgentMarkerStamped.h)
Linked: (/home/shari/cohan_multi_ws/devel/.private/cohan_msgs/include/cohan_msgs/AgentPath.h, /home/shari/cohan_multi_ws/devel/include/cohan_msgs/AgentPath.h)
Linked: (/home/shari/cohan_multi_ws/devel/.private/cohan_msgs/lib/python3/dist-packages/cohan_msgs/__init__.py, /home/shari/cohan_multi_ws/devel/lib/python3/dist-packages/cohan_msgs/__init__.py)
Linked: (/home/shari/cohan_multi_ws/devel/.private/cohan_msgs/lib/python3/dist-packages/cohan_msgs/msg/_TrajectoryMsg.py, /home/shari/cohan_multi_ws/devel/lib/python3/dist-packages/cohan_msgs/msg/_TrajectoryMsg.py)
Linked: (/home/shari/cohan_multi_ws/devel/.private/cohan_msgs/lib/python3/dist-packages/cohan_msgs/msg/_StateArray.py, /home/shari/cohan_multi_ws/devel/lib/python3/dist-packages/cohan_msgs/msg/_StateArray.py)
Linked: (/home/shari/cohan_multi_ws/devel/.private/cohan_msgs/lib/python3/dist-packages/cohan_msgs/msg/_AgentTimeToGoal.py, /home/shari/cohan_multi_ws/devel/lib/python3/dist-packages/cohan_msgs/msg/_AgentTimeToGoal.py)
Linked: (/home/shari/cohan_multi_ws/devel/.private/cohan_msgs/lib/python3/dist-packages/cohan_msgs/msg/_TrackedSegmentType.py, /home/shari/cohan_multi_ws/devel/lib/python3/dist-packages/cohan_msgs/msg/_TrackedSegmentType.py)
Linked: (/home/shari/cohan_multi_ws/devel/.private/cohan_msgs/lib/python3/dist-packages/cohan_msgs/msg/_AgentPathArray.py, /home/shari/cohan_multi_ws/devel/lib/python3/dist-packages/cohan_msgs/msg/_AgentPathArray.py)
Linked: (/home/shari/cohan_multi_ws/devel/.private/cohan_msgs/lib/python3/dist-packages/cohan_msgs/msg/_AgentPath.py, /home/shari/cohan_multi_ws/devel/lib/python3/dist-packages/cohan_msgs/msg/_AgentPath.py)
Linked: (/home/shari/cohan_multi_ws/devel/.private/cohan_msgs/lib/python3/dist-packages/cohan_msgs/msg/_PointArray.py, /home/shari/cohan_multi_ws/devel/lib/python3/dist-packages/cohan_msgs/msg/_PointArray.py)
Linked: (/home/shari/cohan_multi_ws/devel/.private/cohan_msgs/lib/python3/dist-packages/cohan_msgs/msg/_AgentMarkerStamped.py, /home/shari/cohan_multi_ws/devel/lib/python3/dist-packages/cohan_msgs/msg/_AgentMarkerStamped.py)
Linked: (/home/shari/cohan_multi_ws/devel/.private/cohan_msgs/lib/python3/dist-packages/cohan_msgs/msg/_TrajectoryPointMsg.py, /home/shari/cohan_multi_ws/devel/lib/python3/dist-packages/cohan_msgs/msg/_TrajectoryPointMsg.py)
Linked: (/home/shari/cohan_multi_ws/devel/.private/cohan_msgs/lib/python3/dist-packages/cohan_msgs/msg/_AgentMarker.py, /home/shari/cohan_multi_ws/devel/lib/python3/dist-packages/cohan_msgs/msg/_AgentMarker.py)
Linked: (/home/shari/cohan_multi_ws/devel/.private/cohan_msgs/lib/python3/dist-packages/cohan_msgs/msg/_AgentTrajectoryArray.py, /home/shari/cohan_multi_ws/devel/lib/python3/dist-packages/cohan_msgs/msg/_AgentTrajectoryArray.py)
Linked: (/home/shari/cohan_multi_ws/devel/.private/cohan_msgs/lib/python3/dist-packages/cohan_msgs/msg/__init__.py, /home/shari/cohan_multi_ws/devel/lib/python3/dist-packages/cohan_msgs/msg/__init__.py)
Linked: (/home/shari/cohan_multi_ws/devel/.private/cohan_msgs/lib/python3/dist-packages/cohan_msgs/msg/_TrackedSegment.py, /home/shari/cohan_multi_ws/devel/lib/python3/dist-packages/cohan_msgs/msg/_TrackedSegment.py)
Linked: (/home/shari/cohan_multi_ws/devel/.private/cohan_msgs/lib/python3/dist-packages/cohan_msgs/msg/_AgentTimeToGoalArray.py, /home/shari/cohan_multi_ws/devel/lib/python3/dist-packages/cohan_msgs/msg/_AgentTimeToGoalArray.py)
Linked: (/home/shari/cohan_multi_ws/devel/.private/cohan_msgs/lib/python3/dist-packages/cohan_msgs/msg/_TrackedAgent.py, /home/shari/cohan_multi_ws/devel/lib/python3/dist-packages/cohan_msgs/msg/_TrackedAgent.py)
Linked: (/home/shari/cohan_multi_ws/devel/.private/cohan_msgs/lib/python3/dist-packages/cohan_msgs/msg/_AgentType.py, /home/shari/cohan_multi_ws/devel/lib/python3/dist-packages/cohan_msgs/msg/_AgentType.py)
Linked: (/home/shari/cohan_multi_ws/devel/.private/cohan_msgs/lib/python3/dist-packages/cohan_msgs/msg/_TrajectoryArray.py, /home/shari/cohan_multi_ws/devel/lib/python3/dist-packages/cohan_msgs/msg/_TrajectoryArray.py)
Linked: (/home/shari/cohan_multi_ws/devel/.private/cohan_msgs/lib/python3/dist-packages/cohan_msgs/msg/_TrajectoryPoint.py, /home/shari/cohan_multi_ws/devel/lib/python3/dist-packages/cohan_msgs/msg/_TrajectoryPoint.py)
Linked: (/home/shari/cohan_multi_ws/devel/.private/cohan_msgs/lib/python3/dist-packages/cohan_msgs/msg/_TrackedAgents.py, /home/shari/cohan_multi_ws/devel/lib/python3/dist-packages/cohan_msgs/msg/_TrackedAgents.py)
Linked: (/home/shari/cohan_multi_ws/devel/.private/cohan_msgs/lib/python3/dist-packages/cohan_msgs/msg/_AgentTrajectory.py, /home/shari/cohan_multi_ws/devel/lib/python3/dist-packages/cohan_msgs/msg/_AgentTrajectory.py)
Linked: (/home/shari/cohan_multi_ws/devel/.private/cohan_msgs/lib/python3/dist-packages/cohan_msgs/msg/_Trajectory.py, /home/shari/cohan_multi_ws/devel/lib/python3/dist-packages/cohan_msgs/msg/_Trajectory.py)
Linked: (/home/shari/cohan_multi_ws/devel/.private/cohan_msgs/lib/pkgconfig/cohan_msgs.pc, /home/shari/cohan_multi_ws/devel/lib/pkgconfig/cohan_msgs.pc)
Linked: (/home/shari/cohan_multi_ws/devel/.private/cohan_msgs/share/gennodejs/ros/cohan_msgs/_index.js, /home/shari/cohan_multi_ws/devel/share/gennodejs/ros/cohan_msgs/_index.js)
Linked: (/home/shari/cohan_multi_ws/devel/.private/cohan_msgs/share/gennodejs/ros/cohan_msgs/msg/AgentTimeToGoalArray.js, /home/shari/cohan_multi_ws/devel/share/gennodejs/ros/cohan_msgs/msg/AgentTimeToGoalArray.js)
Linked: (/home/shari/cohan_multi_ws/devel/.private/cohan_msgs/share/gennodejs/ros/cohan_msgs/msg/TrajectoryPointMsg.js, /home/shari/cohan_multi_ws/devel/share/gennodejs/ros/cohan_msgs/msg/TrajectoryPointMsg.js)
Linked: (/home/shari/cohan_multi_ws/devel/.private/cohan_msgs/share/gennodejs/ros/cohan_msgs/msg/AgentTrajectoryArray.js, /home/shari/cohan_multi_ws/devel/share/gennodejs/ros/cohan_msgs/msg/AgentTrajectoryArray.js)
Linked: (/home/shari/cohan_multi_ws/devel/.private/cohan_msgs/share/gennodejs/ros/cohan_msgs/msg/_index.js, /home/shari/cohan_multi_ws/devel/share/gennodejs/ros/cohan_msgs/msg/_index.js)
Linked: (/home/shari/cohan_multi_ws/devel/.private/cohan_msgs/share/gennodejs/ros/cohan_msgs/msg/TrajectoryPoint.js, /home/shari/cohan_multi_ws/devel/share/gennodejs/ros/cohan_msgs/msg/TrajectoryPoint.js)
Linked: (/home/shari/cohan_multi_ws/devel/.private/cohan_msgs/share/gennodejs/ros/cohan_msgs/msg/Trajectory.js, /home/shari/cohan_multi_ws/devel/share/gennodejs/ros/cohan_msgs/msg/Trajectory.js)
Linked: (/home/shari/cohan_multi_ws/devel/.private/cohan_msgs/share/gennodejs/ros/cohan_msgs/msg/TrackedAgent.js, /home/shari/cohan_multi_ws/devel/share/gennodejs/ros/cohan_msgs/msg/TrackedAgent.js)
Linked: (/home/shari/cohan_multi_ws/devel/.private/cohan_msgs/share/gennodejs/ros/cohan_msgs/msg/AgentPathArray.js, /home/shari/cohan_multi_ws/devel/share/gennodejs/ros/cohan_msgs/msg/AgentPathArray.js)
Linked: (/home/shari/cohan_multi_ws/devel/.private/cohan_msgs/share/gennodejs/ros/cohan_msgs/msg/PointArray.js, /home/shari/cohan_multi_ws/devel/share/gennodejs/ros/cohan_msgs/msg/PointArray.js)
Linked: (/home/shari/cohan_multi_ws/devel/.private/cohan_msgs/share/gennodejs/ros/cohan_msgs/msg/TrackedSegment.js, /home/shari/cohan_multi_ws/devel/share/gennodejs/ros/cohan_msgs/msg/TrackedSegment.js)
Linked: (/home/shari/cohan_multi_ws/devel/.private/cohan_msgs/share/gennodejs/ros/cohan_msgs/msg/TrackedSegmentType.js, /home/shari/cohan_multi_ws/devel/share/gennodejs/ros/cohan_msgs/msg/TrackedSegmentType.js)
Linked: (/home/shari/cohan_multi_ws/devel/.private/cohan_msgs/share/gennodejs/ros/cohan_msgs/msg/TrackedAgents.js, /home/shari/cohan_multi_ws/devel/share/gennodejs/ros/cohan_msgs/msg/TrackedAgents.js)
Linked: (/home/shari/cohan_multi_ws/devel/.private/cohan_msgs/share/gennodejs/ros/cohan_msgs/msg/AgentTimeToGoal.js, /home/shari/cohan_multi_ws/devel/share/gennodejs/ros/cohan_msgs/msg/AgentTimeToGoal.js)
Linked: (/home/shari/cohan_multi_ws/devel/.private/cohan_msgs/share/gennodejs/ros/cohan_msgs/msg/AgentPath.js, /home/shari/cohan_multi_ws/devel/share/gennodejs/ros/cohan_msgs/msg/AgentPath.js)
Linked: (/home/shari/cohan_multi_ws/devel/.private/cohan_msgs/share/gennodejs/ros/cohan_msgs/msg/StateArray.js, /home/shari/cohan_multi_ws/devel/share/gennodejs/ros/cohan_msgs/msg/StateArray.js)
Linked: (/home/shari/cohan_multi_ws/devel/.private/cohan_msgs/share/gennodejs/ros/cohan_msgs/msg/TrajectoryMsg.js, /home/shari/cohan_multi_ws/devel/share/gennodejs/ros/cohan_msgs/msg/TrajectoryMsg.js)
Linked: (/home/shari/cohan_multi_ws/devel/.private/cohan_msgs/share/gennodejs/ros/cohan_msgs/msg/AgentMarker.js, /home/shari/cohan_multi_ws/devel/share/gennodejs/ros/cohan_msgs/msg/AgentMarker.js)
Linked: (/home/shari/cohan_multi_ws/devel/.private/cohan_msgs/share/gennodejs/ros/cohan_msgs/msg/TrajectoryArray.js, /home/shari/cohan_multi_ws/devel/share/gennodejs/ros/cohan_msgs/msg/TrajectoryArray.js)
Linked: (/home/shari/cohan_multi_ws/devel/.private/cohan_msgs/share/gennodejs/ros/cohan_msgs/msg/AgentMarkerStamped.js, /home/shari/cohan_multi_ws/devel/share/gennodejs/ros/cohan_msgs/msg/AgentMarkerStamped.js)
Linked: (/home/shari/cohan_multi_ws/devel/.private/cohan_msgs/share/gennodejs/ros/cohan_msgs/msg/AgentTrajectory.js, /home/shari/cohan_multi_ws/devel/share/gennodejs/ros/cohan_msgs/msg/AgentTrajectory.js)
Linked: (/home/shari/cohan_multi_ws/devel/.private/cohan_msgs/share/gennodejs/ros/cohan_msgs/msg/AgentType.js, /home/shari/cohan_multi_ws/devel/share/gennodejs/ros/cohan_msgs/msg/AgentType.js)
Linked: (/home/shari/cohan_multi_ws/devel/.private/cohan_msgs/share/roseus/ros/cohan_msgs/manifest.l, /home/shari/cohan_multi_ws/devel/share/roseus/ros/cohan_msgs/manifest.l)
Linked: (/home/shari/cohan_multi_ws/devel/.private/cohan_msgs/share/roseus/ros/cohan_msgs/msg/AgentMarkerStamped.l, /home/shari/cohan_multi_ws/devel/share/roseus/ros/cohan_msgs/msg/AgentMarkerStamped.l)
Linked: (/home/shari/cohan_multi_ws/devel/.private/cohan_msgs/share/roseus/ros/cohan_msgs/msg/AgentTimeToGoalArray.l, /home/shari/cohan_multi_ws/devel/share/roseus/ros/cohan_msgs/msg/AgentTimeToGoalArray.l)
Linked: (/home/shari/cohan_multi_ws/devel/.private/cohan_msgs/share/roseus/ros/cohan_msgs/msg/AgentTrajectory.l, /home/shari/cohan_multi_ws/devel/share/roseus/ros/cohan_msgs/msg/AgentTrajectory.l)
Linked: (/home/shari/cohan_multi_ws/devel/.private/cohan_msgs/share/roseus/ros/cohan_msgs/msg/StateArray.l, /home/shari/cohan_multi_ws/devel/share/roseus/ros/cohan_msgs/msg/StateArray.l)
Linked: (/home/shari/cohan_multi_ws/devel/.private/cohan_msgs/share/roseus/ros/cohan_msgs/msg/AgentType.l, /home/shari/cohan_multi_ws/devel/share/roseus/ros/cohan_msgs/msg/AgentType.l)
Linked: (/home/shari/cohan_multi_ws/devel/.private/cohan_msgs/share/roseus/ros/cohan_msgs/msg/TrajectoryMsg.l, /home/shari/cohan_multi_ws/devel/share/roseus/ros/cohan_msgs/msg/TrajectoryMsg.l)
Linked: (/home/shari/cohan_multi_ws/devel/.private/cohan_msgs/share/roseus/ros/cohan_msgs/msg/AgentPathArray.l, /home/shari/cohan_multi_ws/devel/share/roseus/ros/cohan_msgs/msg/AgentPathArray.l)
Linked: (/home/shari/cohan_multi_ws/devel/.private/cohan_msgs/share/roseus/ros/cohan_msgs/msg/TrackedSegmentType.l, /home/shari/cohan_multi_ws/devel/share/roseus/ros/cohan_msgs/msg/TrackedSegmentType.l)
Linked: (/home/shari/cohan_multi_ws/devel/.private/cohan_msgs/share/roseus/ros/cohan_msgs/msg/TrackedSegment.l, /home/shari/cohan_multi_ws/devel/share/roseus/ros/cohan_msgs/msg/TrackedSegment.l)
Linked: (/home/shari/cohan_multi_ws/devel/.private/cohan_msgs/share/roseus/ros/cohan_msgs/msg/Trajectory.l, /home/shari/cohan_multi_ws/devel/share/roseus/ros/cohan_msgs/msg/Trajectory.l)
Linked: (/home/shari/cohan_multi_ws/devel/.private/cohan_msgs/share/roseus/ros/cohan_msgs/msg/TrackedAgents.l, /home/shari/cohan_multi_ws/devel/share/roseus/ros/cohan_msgs/msg/TrackedAgents.l)
Linked: (/home/shari/cohan_multi_ws/devel/.private/cohan_msgs/share/roseus/ros/cohan_msgs/msg/PointArray.l, /home/shari/cohan_multi_ws/devel/share/roseus/ros/cohan_msgs/msg/PointArray.l)
Linked: (/home/shari/cohan_multi_ws/devel/.private/cohan_msgs/share/roseus/ros/cohan_msgs/msg/TrajectoryPoint.l, /home/shari/cohan_multi_ws/devel/share/roseus/ros/cohan_msgs/msg/TrajectoryPoint.l)
Linked: (/home/shari/cohan_multi_ws/devel/.private/cohan_msgs/share/roseus/ros/cohan_msgs/msg/TrajectoryArray.l, /home/shari/cohan_multi_ws/devel/share/roseus/ros/cohan_msgs/msg/TrajectoryArray.l)
Linked: (/home/shari/cohan_multi_ws/devel/.private/cohan_msgs/share/roseus/ros/cohan_msgs/msg/AgentTrajectoryArray.l, /home/shari/cohan_multi_ws/devel/share/roseus/ros/cohan_msgs/msg/AgentTrajectoryArray.l)
Linked: (/home/shari/cohan_multi_ws/devel/.private/cohan_msgs/share/roseus/ros/cohan_msgs/msg/TrackedAgent.l, /home/shari/cohan_multi_ws/devel/share/roseus/ros/cohan_msgs/msg/TrackedAgent.l)
Linked: (/home/shari/cohan_multi_ws/devel/.private/cohan_msgs/share/roseus/ros/cohan_msgs/msg/AgentTimeToGoal.l, /home/shari/cohan_multi_ws/devel/share/roseus/ros/cohan_msgs/msg/AgentTimeToGoal.l)
Linked: (/home/shari/cohan_multi_ws/devel/.private/cohan_msgs/share/roseus/ros/cohan_msgs/msg/AgentPath.l, /home/shari/cohan_multi_ws/devel/share/roseus/ros/cohan_msgs/msg/AgentPath.l)
Linked: (/home/shari/cohan_multi_ws/devel/.private/cohan_msgs/share/roseus/ros/cohan_msgs/msg/AgentMarker.l, /home/shari/cohan_multi_ws/devel/share/roseus/ros/cohan_msgs/msg/AgentMarker.l)
Linked: (/home/shari/cohan_multi_ws/devel/.private/cohan_msgs/share/roseus/ros/cohan_msgs/msg/TrajectoryPointMsg.l, /home/shari/cohan_multi_ws/devel/share/roseus/ros/cohan_msgs/msg/TrajectoryPointMsg.l)
Linked: (/home/shari/cohan_multi_ws/devel/.private/cohan_msgs/share/cohan_msgs/cmake/cohan_msgsConfig.cmake, /home/shari/cohan_multi_ws/devel/share/cohan_msgs/cmake/cohan_msgsConfig.cmake)
Linked: (/home/shari/cohan_multi_ws/devel/.private/cohan_msgs/share/cohan_msgs/cmake/cohan_msgs-msg-extras.cmake, /home/shari/cohan_multi_ws/devel/share/cohan_msgs/cmake/cohan_msgs-msg-extras.cmake)
Linked: (/home/shari/cohan_multi_ws/devel/.private/cohan_msgs/share/cohan_msgs/cmake/cohan_msgs-msg-paths.cmake, /home/shari/cohan_multi_ws/devel/share/cohan_msgs/cmake/cohan_msgs-msg-paths.cmake)
Linked: (/home/shari/cohan_multi_ws/devel/.private/cohan_msgs/share/cohan_msgs/cmake/cohan_msgsConfig-version.cmake, /home/shari/cohan_multi_ws/devel/share/cohan_msgs/cmake/cohan_msgsConfig-version.cmake)
Linked: (/home/shari/cohan_multi_ws/devel/.private/cohan_msgs/share/common-lisp/ros/cohan_msgs/msg/_package_TrajectoryPoint.lisp, /home/shari/cohan_multi_ws/devel/share/common-lisp/ros/cohan_msgs/msg/_package_TrajectoryPoint.lisp)
Linked: (/home/shari/cohan_multi_ws/devel/.private/cohan_msgs/share/common-lisp/ros/cohan_msgs/msg/_package_AgentTrajectory.lisp, /home/shari/cohan_multi_ws/devel/share/common-lisp/ros/cohan_msgs/msg/_package_AgentTrajectory.lisp)
Linked: (/home/shari/cohan_multi_ws/devel/.private/cohan_msgs/share/common-lisp/ros/cohan_msgs/msg/_package_AgentMarker.lisp, /home/shari/cohan_multi_ws/devel/share/common-lisp/ros/cohan_msgs/msg/_package_AgentMarker.lisp)
Linked: (/home/shari/cohan_multi_ws/devel/.private/cohan_msgs/share/common-lisp/ros/cohan_msgs/msg/AgentMarkerStamped.lisp, /home/shari/cohan_multi_ws/devel/share/common-lisp/ros/cohan_msgs/msg/AgentMarkerStamped.lisp)
Linked: (/home/shari/cohan_multi_ws/devel/.private/cohan_msgs/share/common-lisp/ros/cohan_msgs/msg/_package_TrackedSegmentType.lisp, /home/shari/cohan_multi_ws/devel/share/common-lisp/ros/cohan_msgs/msg/_package_TrackedSegmentType.lisp)
Linked: (/home/shari/cohan_multi_ws/devel/.private/cohan_msgs/share/common-lisp/ros/cohan_msgs/msg/StateArray.lisp, /home/shari/cohan_multi_ws/devel/share/common-lisp/ros/cohan_msgs/msg/StateArray.lisp)
Linked: (/home/shari/cohan_multi_ws/devel/.private/cohan_msgs/share/common-lisp/ros/cohan_msgs/msg/_package_AgentPath.lisp, /home/shari/cohan_multi_ws/devel/share/common-lisp/ros/cohan_msgs/msg/_package_AgentPath.lisp)
Linked: (/home/shari/cohan_multi_ws/devel/.private/cohan_msgs/share/common-lisp/ros/cohan_msgs/msg/_package_AgentTimeToGoalArray.lisp, /home/shari/cohan_multi_ws/devel/share/common-lisp/ros/cohan_msgs/msg/_package_AgentTimeToGoalArray.lisp)
Linked: (/home/shari/cohan_multi_ws/devel/.private/cohan_msgs/share/common-lisp/ros/cohan_msgs/msg/_package_TrajectoryMsg.lisp, /home/shari/cohan_multi_ws/devel/share/common-lisp/ros/cohan_msgs/msg/_package_TrajectoryMsg.lisp)
Linked: (/home/shari/cohan_multi_ws/devel/.private/cohan_msgs/share/common-lisp/ros/cohan_msgs/msg/AgentTrajectory.lisp, /home/shari/cohan_multi_ws/devel/share/common-lisp/ros/cohan_msgs/msg/AgentTrajectory.lisp)
Linked: (/home/shari/cohan_multi_ws/devel/.private/cohan_msgs/share/common-lisp/ros/cohan_msgs/msg/_package_AgentTrajectoryArray.lisp, /home/shari/cohan_multi_ws/devel/share/common-lisp/ros/cohan_msgs/msg/_package_AgentTrajectoryArray.lisp)
Linked: (/home/shari/cohan_multi_ws/devel/.private/cohan_msgs/share/common-lisp/ros/cohan_msgs/msg/TrackedSegment.lisp, /home/shari/cohan_multi_ws/devel/share/common-lisp/ros/cohan_msgs/msg/TrackedSegment.lisp)
Linked: (/home/shari/cohan_multi_ws/devel/.private/cohan_msgs/share/common-lisp/ros/cohan_msgs/msg/_package_PointArray.lisp, /home/shari/cohan_multi_ws/devel/share/common-lisp/ros/cohan_msgs/msg/_package_PointArray.lisp)
Linked: (/home/shari/cohan_multi_ws/devel/.private/cohan_msgs/share/common-lisp/ros/cohan_msgs/msg/_package_AgentMarkerStamped.lisp, /home/shari/cohan_multi_ws/devel/share/common-lisp/ros/cohan_msgs/msg/_package_AgentMarkerStamped.lisp)
Linked: (/home/shari/cohan_multi_ws/devel/.private/cohan_msgs/share/common-lisp/ros/cohan_msgs/msg/TrackedAgent.lisp, /home/shari/cohan_multi_ws/devel/share/common-lisp/ros/cohan_msgs/msg/TrackedAgent.lisp)
Linked: (/home/shari/cohan_multi_ws/devel/.private/cohan_msgs/share/common-lisp/ros/cohan_msgs/msg/AgentPathArray.lisp, /home/shari/cohan_multi_ws/devel/share/common-lisp/ros/cohan_msgs/msg/AgentPathArray.lisp)
Linked: (/home/shari/cohan_multi_ws/devel/.private/cohan_msgs/share/common-lisp/ros/cohan_msgs/msg/AgentTimeToGoalArray.lisp, /home/shari/cohan_multi_ws/devel/share/common-lisp/ros/cohan_msgs/msg/AgentTimeToGoalArray.lisp)
Linked: (/home/shari/cohan_multi_ws/devel/.private/cohan_msgs/share/common-lisp/ros/cohan_msgs/msg/AgentMarker.lisp, /home/shari/cohan_multi_ws/devel/share/common-lisp/ros/cohan_msgs/msg/AgentMarker.lisp)
Linked: (/home/shari/cohan_multi_ws/devel/.private/cohan_msgs/share/common-lisp/ros/cohan_msgs/msg/AgentTrajectoryArray.lisp, /home/shari/cohan_multi_ws/devel/share/common-lisp/ros/cohan_msgs/msg/AgentTrajectoryArray.lisp)
Linked: (/home/shari/cohan_multi_ws/devel/.private/cohan_msgs/share/common-lisp/ros/cohan_msgs/msg/TrajectoryMsg.lisp, /home/shari/cohan_multi_ws/devel/share/common-lisp/ros/cohan_msgs/msg/TrajectoryMsg.lisp)
Linked: (/home/shari/cohan_multi_ws/devel/.private/cohan_msgs/share/common-lisp/ros/cohan_msgs/msg/_package_TrackedAgents.lisp, /home/shari/cohan_multi_ws/devel/share/common-lisp/ros/cohan_msgs/msg/_package_TrackedAgents.lisp)
Linked: (/home/shari/cohan_multi_ws/devel/.private/cohan_msgs/share/common-lisp/ros/cohan_msgs/msg/TrackedSegmentType.lisp, /home/shari/cohan_multi_ws/devel/share/common-lisp/ros/cohan_msgs/msg/TrackedSegmentType.lisp)
Linked: (/home/shari/cohan_multi_ws/devel/.private/cohan_msgs/share/common-lisp/ros/cohan_msgs/msg/_package_StateArray.lisp, /home/shari/cohan_multi_ws/devel/share/common-lisp/ros/cohan_msgs/msg/_package_StateArray.lisp)
Linked: (/home/shari/cohan_multi_ws/devel/.private/cohan_msgs/share/common-lisp/ros/cohan_msgs/msg/AgentPath.lisp, /home/shari/cohan_multi_ws/devel/share/common-lisp/ros/cohan_msgs/msg/AgentPath.lisp)
Linked: (/home/shari/cohan_multi_ws/devel/.private/cohan_msgs/share/common-lisp/ros/cohan_msgs/msg/_package_TrajectoryArray.lisp, /home/shari/cohan_multi_ws/devel/share/common-lisp/ros/cohan_msgs/msg/_package_TrajectoryArray.lisp)
Linked: (/home/shari/cohan_multi_ws/devel/.private/cohan_msgs/share/common-lisp/ros/cohan_msgs/msg/PointArray.lisp, /home/shari/cohan_multi_ws/devel/share/common-lisp/ros/cohan_msgs/msg/PointArray.lisp)
Linked: (/home/shari/cohan_multi_ws/devel/.private/cohan_msgs/share/common-lisp/ros/cohan_msgs/msg/_package_AgentTimeToGoal.lisp, /home/shari/cohan_multi_ws/devel/share/common-lisp/ros/cohan_msgs/msg/_package_AgentTimeToGoal.lisp)
Linked: (/home/shari/cohan_multi_ws/devel/.private/cohan_msgs/share/common-lisp/ros/cohan_msgs/msg/_package_Trajectory.lisp, /home/shari/cohan_multi_ws/devel/share/common-lisp/ros/cohan_msgs/msg/_package_Trajectory.lisp)
Linked: (/home/shari/cohan_multi_ws/devel/.private/cohan_msgs/share/common-lisp/ros/cohan_msgs/msg/cohan_msgs-msg.asd, /home/shari/cohan_multi_ws/devel/share/common-lisp/ros/cohan_msgs/msg/cohan_msgs-msg.asd)
Linked: (/home/shari/cohan_multi_ws/devel/.private/cohan_msgs/share/common-lisp/ros/cohan_msgs/msg/_package.lisp, /home/shari/cohan_multi_ws/devel/share/common-lisp/ros/cohan_msgs/msg/_package.lisp)
Linked: (/home/shari/cohan_multi_ws/devel/.private/cohan_msgs/share/common-lisp/ros/cohan_msgs/msg/Trajectory.lisp, /home/shari/cohan_multi_ws/devel/share/common-lisp/ros/cohan_msgs/msg/Trajectory.lisp)
Linked: (/home/shari/cohan_multi_ws/devel/.private/cohan_msgs/share/common-lisp/ros/cohan_msgs/msg/TrajectoryPointMsg.lisp, /home/shari/cohan_multi_ws/devel/share/common-lisp/ros/cohan_msgs/msg/TrajectoryPointMsg.lisp)
Linked: (/home/shari/cohan_multi_ws/devel/.private/cohan_msgs/share/common-lisp/ros/cohan_msgs/msg/_package_TrackedAgent.lisp, /home/shari/cohan_multi_ws/devel/share/common-lisp/ros/cohan_msgs/msg/_package_TrackedAgent.lisp)
Linked: (/home/shari/cohan_multi_ws/devel/.private/cohan_msgs/share/common-lisp/ros/cohan_msgs/msg/AgentTimeToGoal.lisp, /home/shari/cohan_multi_ws/devel/share/common-lisp/ros/cohan_msgs/msg/AgentTimeToGoal.lisp)
Linked: (/home/shari/cohan_multi_ws/devel/.private/cohan_msgs/share/common-lisp/ros/cohan_msgs/msg/AgentType.lisp, /home/shari/cohan_multi_ws/devel/share/common-lisp/ros/cohan_msgs/msg/AgentType.lisp)
Linked: (/home/shari/cohan_multi_ws/devel/.private/cohan_msgs/share/common-lisp/ros/cohan_msgs/msg/TrajectoryArray.lisp, /home/shari/cohan_multi_ws/devel/share/common-lisp/ros/cohan_msgs/msg/TrajectoryArray.lisp)
Linked: (/home/shari/cohan_multi_ws/devel/.private/cohan_msgs/share/common-lisp/ros/cohan_msgs/msg/_package_AgentPathArray.lisp, /home/shari/cohan_multi_ws/devel/share/common-lisp/ros/cohan_msgs/msg/_package_AgentPathArray.lisp)
Linked: (/home/shari/cohan_multi_ws/devel/.private/cohan_msgs/share/common-lisp/ros/cohan_msgs/msg/_package_AgentType.lisp, /home/shari/cohan_multi_ws/devel/share/common-lisp/ros/cohan_msgs/msg/_package_AgentType.lisp)
Linked: (/home/shari/cohan_multi_ws/devel/.private/cohan_msgs/share/common-lisp/ros/cohan_msgs/msg/TrajectoryPoint.lisp, /home/shari/cohan_multi_ws/devel/share/common-lisp/ros/cohan_msgs/msg/TrajectoryPoint.lisp)
Linked: (/home/shari/cohan_multi_ws/devel/.private/cohan_msgs/share/common-lisp/ros/cohan_msgs/msg/TrackedAgents.lisp, /home/shari/cohan_multi_ws/devel/share/common-lisp/ros/cohan_msgs/msg/TrackedAgents.lisp)
Linked: (/home/shari/cohan_multi_ws/devel/.private/cohan_msgs/share/common-lisp/ros/cohan_msgs/msg/_package_TrajectoryPointMsg.lisp, /home/shari/cohan_multi_ws/devel/share/common-lisp/ros/cohan_msgs/msg/_package_TrajectoryPointMsg.lisp)
Linked: (/home/shari/cohan_multi_ws/devel/.private/cohan_msgs/share/common-lisp/ros/cohan_msgs/msg/_package_TrackedSegment.lisp, /home/shari/cohan_multi_ws/devel/share/common-lisp/ros/cohan_msgs/msg/_package_TrackedSegment.lisp)
