Performing C SOURCE FILE Test CMAKE_HAVE_LIBC_PTHREAD failed with the following output:
Change Dir: /home/shari/cohan_multi_ws/build/realsense_gazebo_plugin/CMakeFiles/CMakeTmp

Run Build Command(s):/usr/bin/make cmTC_2f7a0/fast && /usr/bin/make -f CMakeFiles/cmTC_2f7a0.dir/build.make CMakeFiles/cmTC_2f7a0.dir/build
make[1]: Entering directory '/home/shari/cohan_multi_ws/build/realsense_gazebo_plugin/CMakeFiles/CMakeTmp'
Building C object CMakeFiles/cmTC_2f7a0.dir/src.c.o
/usr/bin/cc   -DCMAKE_HAVE_LIBC_PTHREAD   -o CMakeFiles/cmTC_2f7a0.dir/src.c.o   -c /home/shari/cohan_multi_ws/build/realsense_gazebo_plugin/CMakeFiles/CMakeTmp/src.c
Linking C executable cmTC_2f7a0
/usr/bin/cmake -E cmake_link_script CMakeFiles/cmTC_2f7a0.dir/link.txt --verbose=1
/usr/bin/cc  -DCMAKE_HAVE_LIBC_PTHREAD    -rdynamic CMakeFiles/cmTC_2f7a0.dir/src.c.o  -o cmTC_2f7a0 
/usr/bin/ld: CMakeFiles/cmTC_2f7a0.dir/src.c.o: in function `main':
src.c:(.text+0x46): undefined reference to `pthread_create'
/usr/bin/ld: src.c:(.text+0x52): undefined reference to `pthread_detach'
/usr/bin/ld: src.c:(.text+0x63): undefined reference to `pthread_join'
collect2: error: ld returned 1 exit status
make[1]: *** [CMakeFiles/cmTC_2f7a0.dir/build.make:87: cmTC_2f7a0] Error 1
make[1]: Leaving directory '/home/shari/cohan_multi_ws/build/realsense_gazebo_plugin/CMakeFiles/CMakeTmp'
make: *** [Makefile:121: cmTC_2f7a0/fast] Error 2


Source file was:
#include <pthread.h>

void* test_func(void* data)
{
  return data;
}

int main(void)
{
  pthread_t thread;
  pthread_create(&thread, NULL, test_func, NULL);
  pthread_detach(thread);
  pthread_join(thread, NULL);
  pthread_atfork(NULL, NULL, NULL);
  pthread_exit(NULL);

  return 0;
}

Determining if the function pthread_create exists in the pthreads failed with the following output:
Change Dir: /home/shari/cohan_multi_ws/build/realsense_gazebo_plugin/CMakeFiles/CMakeTmp

Run Build Command(s):/usr/bin/make cmTC_564fb/fast && /usr/bin/make -f CMakeFiles/cmTC_564fb.dir/build.make CMakeFiles/cmTC_564fb.dir/build
make[1]: Entering directory '/home/shari/cohan_multi_ws/build/realsense_gazebo_plugin/CMakeFiles/CMakeTmp'
Building C object CMakeFiles/cmTC_564fb.dir/CheckFunctionExists.c.o
/usr/bin/cc   -DCHECK_FUNCTION_EXISTS=pthread_create   -o CMakeFiles/cmTC_564fb.dir/CheckFunctionExists.c.o   -c /usr/share/cmake-3.16/Modules/CheckFunctionExists.c
Linking C executable cmTC_564fb
/usr/bin/cmake -E cmake_link_script CMakeFiles/cmTC_564fb.dir/link.txt --verbose=1
/usr/bin/cc  -DCHECK_FUNCTION_EXISTS=pthread_create    -rdynamic CMakeFiles/cmTC_564fb.dir/CheckFunctionExists.c.o  -o cmTC_564fb  -lpthreads 
/usr/bin/ld: cannot find -lpthreads
collect2: error: ld returned 1 exit status
make[1]: *** [CMakeFiles/cmTC_564fb.dir/build.make:87: cmTC_564fb] Error 1
make[1]: Leaving directory '/home/shari/cohan_multi_ws/build/realsense_gazebo_plugin/CMakeFiles/CMakeTmp'
make: *** [Makefile:121: cmTC_564fb/fast] Error 2



Performing C SOURCE FILE Test CMAKE_HAVE_LIBC_PTHREAD failed with the following output:
Change Dir: /home/shari/cohan_multi_ws/build/realsense_gazebo_plugin/CMakeFiles/CMakeTmp

Run Build Command(s):/usr/bin/make cmTC_3214f/fast && /usr/bin/make -f CMakeFiles/cmTC_3214f.dir/build.make CMakeFiles/cmTC_3214f.dir/build
make[1]: Entering directory '/home/shari/cohan_multi_ws/build/realsense_gazebo_plugin/CMakeFiles/CMakeTmp'
Building C object CMakeFiles/cmTC_3214f.dir/src.c.o
/usr/bin/cc   -DCMAKE_HAVE_LIBC_PTHREAD   -o CMakeFiles/cmTC_3214f.dir/src.c.o   -c /home/shari/cohan_multi_ws/build/realsense_gazebo_plugin/CMakeFiles/CMakeTmp/src.c
Linking C executable cmTC_3214f
/usr/bin/cmake -E cmake_link_script CMakeFiles/cmTC_3214f.dir/link.txt --verbose=1
/usr/bin/cc  -DCMAKE_HAVE_LIBC_PTHREAD    -rdynamic CMakeFiles/cmTC_3214f.dir/src.c.o  -o cmTC_3214f 
/usr/bin/ld: CMakeFiles/cmTC_3214f.dir/src.c.o: in function `main':
src.c:(.text+0x46): undefined reference to `pthread_create'
/usr/bin/ld: src.c:(.text+0x52): undefined reference to `pthread_detach'
/usr/bin/ld: src.c:(.text+0x63): undefined reference to `pthread_join'
collect2: error: ld returned 1 exit status
make[1]: *** [CMakeFiles/cmTC_3214f.dir/build.make:87: cmTC_3214f] Error 1
make[1]: Leaving directory '/home/shari/cohan_multi_ws/build/realsense_gazebo_plugin/CMakeFiles/CMakeTmp'
make: *** [Makefile:121: cmTC_3214f/fast] Error 2


Source file was:
#include <pthread.h>

void* test_func(void* data)
{
  return data;
}

int main(void)
{
  pthread_t thread;
  pthread_create(&thread, NULL, test_func, NULL);
  pthread_detach(thread);
  pthread_join(thread, NULL);
  pthread_atfork(NULL, NULL, NULL);
  pthread_exit(NULL);

  return 0;
}

Determining if the function pthread_create exists in the pthreads failed with the following output:
Change Dir: /home/shari/cohan_multi_ws/build/realsense_gazebo_plugin/CMakeFiles/CMakeTmp

Run Build Command(s):/usr/bin/make cmTC_f117f/fast && /usr/bin/make -f CMakeFiles/cmTC_f117f.dir/build.make CMakeFiles/cmTC_f117f.dir/build
make[1]: Entering directory '/home/shari/cohan_multi_ws/build/realsense_gazebo_plugin/CMakeFiles/CMakeTmp'
Building C object CMakeFiles/cmTC_f117f.dir/CheckFunctionExists.c.o
/usr/bin/cc   -DCHECK_FUNCTION_EXISTS=pthread_create   -o CMakeFiles/cmTC_f117f.dir/CheckFunctionExists.c.o   -c /usr/share/cmake-3.16/Modules/CheckFunctionExists.c
Linking C executable cmTC_f117f
/usr/bin/cmake -E cmake_link_script CMakeFiles/cmTC_f117f.dir/link.txt --verbose=1
/usr/bin/cc  -DCHECK_FUNCTION_EXISTS=pthread_create    -rdynamic CMakeFiles/cmTC_f117f.dir/CheckFunctionExists.c.o  -o cmTC_f117f  -lpthreads 
/usr/bin/ld: cannot find -lpthreads
collect2: error: ld returned 1 exit status
make[1]: *** [CMakeFiles/cmTC_f117f.dir/build.make:87: cmTC_f117f] Error 1
make[1]: Leaving directory '/home/shari/cohan_multi_ws/build/realsense_gazebo_plugin/CMakeFiles/CMakeTmp'
make: *** [Makefile:121: cmTC_f117f/fast] Error 2



