[  0%] Built target std_msgs_generate_messages_cpp
[  0%] Built target _pr2_msgs_generate_messages_check_deps_PowerBoardState
[  0%] Built target _pr2_msgs_generate_messages_check_deps_PowerState
[  0%] Built target _pr2_msgs_generate_messages_check_deps_BatteryState
[  0%] Built target _pr2_msgs_generate_messages_check_deps_LaserTrajCmd
[  0%] Built target _pr2_msgs_generate_messages_check_deps_PressureState
[  0%] Built target _pr2_msgs_generate_messages_check_deps_BatteryServer
[  0%] Built target _pr2_msgs_generate_messages_check_deps_LaserScannerSignal
[  0%] Built target _pr2_msgs_generate_messages_check_deps_PeriodicCmd
[  0%] Built target geometry_msgs_generate_messages_cpp
[  0%] Built target _pr2_msgs_generate_messages_check_deps_DashboardState
[  0%] Built target _pr2_msgs_generate_messages_check_deps_BatteryState2
[  0%] Built target _pr2_msgs_generate_messages_check_deps_BatteryServer2
[  0%] Built target _pr2_msgs_generate_messages_check_deps_SetLaserTrajCmd
[  0%] Built target _pr2_msgs_generate_messages_check_deps_SetPeriodicCmd
[  0%] Built target _pr2_msgs_generate_messages_check_deps_AccelerometerState
[  0%] Built target std_msgs_generate_messages_py
[  0%] Built target _pr2_msgs_generate_messages_check_deps_AccessPoint
[  0%] Built target geometry_msgs_generate_messages_lisp
[  0%] Built target std_msgs_generate_messages_lisp
[  0%] Built target geometry_msgs_generate_messages_nodejs
[  0%] Built target std_msgs_generate_messages_nodejs
[  0%] Built target geometry_msgs_generate_messages_py
[  0%] Built target std_msgs_generate_messages_eus
[  0%] Built target _pr2_msgs_generate_messages_check_deps_GPUStatus
[  0%] Built target geometry_msgs_generate_messages_eus
[ 21%] Built target pr2_msgs_generate_messages_py
[ 42%] Built target pr2_msgs_generate_messages_cpp
[ 67%] Built target pr2_msgs_generate_messages_lisp
[ 79%] Built target pr2_msgs_generate_messages_nodejs
[100%] Built target pr2_msgs_generate_messages_eus
[100%] Built target pr2_msgs_generate_messages
