Linked: (/home/shari/cohan_multi_ws/devel/.private/pr2_msgs/include/pr2_msgs/SetPeriodicCmdRequest.h, /home/shari/cohan_multi_ws/devel/include/pr2_msgs/SetPeriodicCmdRequest.h)
Linked: (/home/shari/cohan_multi_ws/devel/.private/pr2_msgs/include/pr2_msgs/AccelerometerState.h, /home/shari/cohan_multi_ws/devel/include/pr2_msgs/AccelerometerState.h)
Linked: (/home/shari/cohan_multi_ws/devel/.private/pr2_msgs/include/pr2_msgs/PowerState.h, /home/shari/cohan_multi_ws/devel/include/pr2_msgs/PowerState.h)
Linked: (/home/shari/cohan_multi_ws/devel/.private/pr2_msgs/include/pr2_msgs/PressureState.h, /home/shari/cohan_multi_ws/devel/include/pr2_msgs/PressureState.h)
Linked: (/home/shari/cohan_multi_ws/devel/.private/pr2_msgs/include/pr2_msgs/BatteryState.h, /home/shari/cohan_multi_ws/devel/include/pr2_msgs/BatteryState.h)
Linked: (/home/shari/cohan_multi_ws/devel/.private/pr2_msgs/include/pr2_msgs/BatteryServer2.h, /home/shari/cohan_multi_ws/devel/include/pr2_msgs/BatteryServer2.h)
Linked: (/home/shari/cohan_multi_ws/devel/.private/pr2_msgs/include/pr2_msgs/SetLaserTrajCmd.h, /home/shari/cohan_multi_ws/devel/include/pr2_msgs/SetLaserTrajCmd.h)
Linked: (/home/shari/cohan_multi_ws/devel/.private/pr2_msgs/include/pr2_msgs/LaserScannerSignal.h, /home/shari/cohan_multi_ws/devel/include/pr2_msgs/LaserScannerSignal.h)
Linked: (/home/shari/cohan_multi_ws/devel/.private/pr2_msgs/include/pr2_msgs/BatteryServer.h, /home/shari/cohan_multi_ws/devel/include/pr2_msgs/BatteryServer.h)
Linked: (/home/shari/cohan_multi_ws/devel/.private/pr2_msgs/include/pr2_msgs/BatteryState2.h, /home/shari/cohan_multi_ws/devel/include/pr2_msgs/BatteryState2.h)
Linked: (/home/shari/cohan_multi_ws/devel/.private/pr2_msgs/include/pr2_msgs/AccessPoint.h, /home/shari/cohan_multi_ws/devel/include/pr2_msgs/AccessPoint.h)
Linked: (/home/shari/cohan_multi_ws/devel/.private/pr2_msgs/include/pr2_msgs/PowerBoardState.h, /home/shari/cohan_multi_ws/devel/include/pr2_msgs/PowerBoardState.h)
Linked: (/home/shari/cohan_multi_ws/devel/.private/pr2_msgs/include/pr2_msgs/SetLaserTrajCmdRequest.h, /home/shari/cohan_multi_ws/devel/include/pr2_msgs/SetLaserTrajCmdRequest.h)
Linked: (/home/shari/cohan_multi_ws/devel/.private/pr2_msgs/include/pr2_msgs/PeriodicCmd.h, /home/shari/cohan_multi_ws/devel/include/pr2_msgs/PeriodicCmd.h)
Linked: (/home/shari/cohan_multi_ws/devel/.private/pr2_msgs/include/pr2_msgs/SetPeriodicCmd.h, /home/shari/cohan_multi_ws/devel/include/pr2_msgs/SetPeriodicCmd.h)
Linked: (/home/shari/cohan_multi_ws/devel/.private/pr2_msgs/include/pr2_msgs/LaserTrajCmd.h, /home/shari/cohan_multi_ws/devel/include/pr2_msgs/LaserTrajCmd.h)
Linked: (/home/shari/cohan_multi_ws/devel/.private/pr2_msgs/include/pr2_msgs/SetLaserTrajCmdResponse.h, /home/shari/cohan_multi_ws/devel/include/pr2_msgs/SetLaserTrajCmdResponse.h)
Linked: (/home/shari/cohan_multi_ws/devel/.private/pr2_msgs/include/pr2_msgs/DashboardState.h, /home/shari/cohan_multi_ws/devel/include/pr2_msgs/DashboardState.h)
Linked: (/home/shari/cohan_multi_ws/devel/.private/pr2_msgs/include/pr2_msgs/GPUStatus.h, /home/shari/cohan_multi_ws/devel/include/pr2_msgs/GPUStatus.h)
Linked: (/home/shari/cohan_multi_ws/devel/.private/pr2_msgs/include/pr2_msgs/SetPeriodicCmdResponse.h, /home/shari/cohan_multi_ws/devel/include/pr2_msgs/SetPeriodicCmdResponse.h)
Linked: (/home/shari/cohan_multi_ws/devel/.private/pr2_msgs/lib/python3/dist-packages/pr2_msgs/__init__.py, /home/shari/cohan_multi_ws/devel/lib/python3/dist-packages/pr2_msgs/__init__.py)
Linked: (/home/shari/cohan_multi_ws/devel/.private/pr2_msgs/lib/python3/dist-packages/pr2_msgs/msg/_LaserScannerSignal.py, /home/shari/cohan_multi_ws/devel/lib/python3/dist-packages/pr2_msgs/msg/_LaserScannerSignal.py)
Linked: (/home/shari/cohan_multi_ws/devel/.private/pr2_msgs/lib/python3/dist-packages/pr2_msgs/msg/_GPUStatus.py, /home/shari/cohan_multi_ws/devel/lib/python3/dist-packages/pr2_msgs/msg/_GPUStatus.py)
Linked: (/home/shari/cohan_multi_ws/devel/.private/pr2_msgs/lib/python3/dist-packages/pr2_msgs/msg/_BatteryState.py, /home/shari/cohan_multi_ws/devel/lib/python3/dist-packages/pr2_msgs/msg/_BatteryState.py)
Linked: (/home/shari/cohan_multi_ws/devel/.private/pr2_msgs/lib/python3/dist-packages/pr2_msgs/msg/_DashboardState.py, /home/shari/cohan_multi_ws/devel/lib/python3/dist-packages/pr2_msgs/msg/_DashboardState.py)
Linked: (/home/shari/cohan_multi_ws/devel/.private/pr2_msgs/lib/python3/dist-packages/pr2_msgs/msg/_PowerState.py, /home/shari/cohan_multi_ws/devel/lib/python3/dist-packages/pr2_msgs/msg/_PowerState.py)
Linked: (/home/shari/cohan_multi_ws/devel/.private/pr2_msgs/lib/python3/dist-packages/pr2_msgs/msg/__init__.py, /home/shari/cohan_multi_ws/devel/lib/python3/dist-packages/pr2_msgs/msg/__init__.py)
Linked: (/home/shari/cohan_multi_ws/devel/.private/pr2_msgs/lib/python3/dist-packages/pr2_msgs/msg/_BatteryState2.py, /home/shari/cohan_multi_ws/devel/lib/python3/dist-packages/pr2_msgs/msg/_BatteryState2.py)
Linked: (/home/shari/cohan_multi_ws/devel/.private/pr2_msgs/lib/python3/dist-packages/pr2_msgs/msg/_PowerBoardState.py, /home/shari/cohan_multi_ws/devel/lib/python3/dist-packages/pr2_msgs/msg/_PowerBoardState.py)
Linked: (/home/shari/cohan_multi_ws/devel/.private/pr2_msgs/lib/python3/dist-packages/pr2_msgs/msg/_BatteryServer.py, /home/shari/cohan_multi_ws/devel/lib/python3/dist-packages/pr2_msgs/msg/_BatteryServer.py)
Linked: (/home/shari/cohan_multi_ws/devel/.private/pr2_msgs/lib/python3/dist-packages/pr2_msgs/msg/_BatteryServer2.py, /home/shari/cohan_multi_ws/devel/lib/python3/dist-packages/pr2_msgs/msg/_BatteryServer2.py)
Linked: (/home/shari/cohan_multi_ws/devel/.private/pr2_msgs/lib/python3/dist-packages/pr2_msgs/msg/_PressureState.py, /home/shari/cohan_multi_ws/devel/lib/python3/dist-packages/pr2_msgs/msg/_PressureState.py)
Linked: (/home/shari/cohan_multi_ws/devel/.private/pr2_msgs/lib/python3/dist-packages/pr2_msgs/msg/_AccelerometerState.py, /home/shari/cohan_multi_ws/devel/lib/python3/dist-packages/pr2_msgs/msg/_AccelerometerState.py)
Linked: (/home/shari/cohan_multi_ws/devel/.private/pr2_msgs/lib/python3/dist-packages/pr2_msgs/msg/_AccessPoint.py, /home/shari/cohan_multi_ws/devel/lib/python3/dist-packages/pr2_msgs/msg/_AccessPoint.py)
Linked: (/home/shari/cohan_multi_ws/devel/.private/pr2_msgs/lib/python3/dist-packages/pr2_msgs/msg/_PeriodicCmd.py, /home/shari/cohan_multi_ws/devel/lib/python3/dist-packages/pr2_msgs/msg/_PeriodicCmd.py)
Linked: (/home/shari/cohan_multi_ws/devel/.private/pr2_msgs/lib/python3/dist-packages/pr2_msgs/msg/_LaserTrajCmd.py, /home/shari/cohan_multi_ws/devel/lib/python3/dist-packages/pr2_msgs/msg/_LaserTrajCmd.py)
Linked: (/home/shari/cohan_multi_ws/devel/.private/pr2_msgs/lib/python3/dist-packages/pr2_msgs/srv/_SetLaserTrajCmd.py, /home/shari/cohan_multi_ws/devel/lib/python3/dist-packages/pr2_msgs/srv/_SetLaserTrajCmd.py)
Linked: (/home/shari/cohan_multi_ws/devel/.private/pr2_msgs/lib/python3/dist-packages/pr2_msgs/srv/__init__.py, /home/shari/cohan_multi_ws/devel/lib/python3/dist-packages/pr2_msgs/srv/__init__.py)
Linked: (/home/shari/cohan_multi_ws/devel/.private/pr2_msgs/lib/python3/dist-packages/pr2_msgs/srv/_SetPeriodicCmd.py, /home/shari/cohan_multi_ws/devel/lib/python3/dist-packages/pr2_msgs/srv/_SetPeriodicCmd.py)
Linked: (/home/shari/cohan_multi_ws/devel/.private/pr2_msgs/lib/pkgconfig/pr2_msgs.pc, /home/shari/cohan_multi_ws/devel/lib/pkgconfig/pr2_msgs.pc)
Linked: (/home/shari/cohan_multi_ws/devel/.private/pr2_msgs/share/gennodejs/ros/pr2_msgs/_index.js, /home/shari/cohan_multi_ws/devel/share/gennodejs/ros/pr2_msgs/_index.js)
Linked: (/home/shari/cohan_multi_ws/devel/.private/pr2_msgs/share/gennodejs/ros/pr2_msgs/msg/BatteryState.js, /home/shari/cohan_multi_ws/devel/share/gennodejs/ros/pr2_msgs/msg/BatteryState.js)
Linked: (/home/shari/cohan_multi_ws/devel/.private/pr2_msgs/share/gennodejs/ros/pr2_msgs/msg/GPUStatus.js, /home/shari/cohan_multi_ws/devel/share/gennodejs/ros/pr2_msgs/msg/GPUStatus.js)
Linked: (/home/shari/cohan_multi_ws/devel/.private/pr2_msgs/share/gennodejs/ros/pr2_msgs/msg/DashboardState.js, /home/shari/cohan_multi_ws/devel/share/gennodejs/ros/pr2_msgs/msg/DashboardState.js)
Linked: (/home/shari/cohan_multi_ws/devel/.private/pr2_msgs/share/gennodejs/ros/pr2_msgs/msg/_index.js, /home/shari/cohan_multi_ws/devel/share/gennodejs/ros/pr2_msgs/msg/_index.js)
Linked: (/home/shari/cohan_multi_ws/devel/.private/pr2_msgs/share/gennodejs/ros/pr2_msgs/msg/BatteryServer2.js, /home/shari/cohan_multi_ws/devel/share/gennodejs/ros/pr2_msgs/msg/BatteryServer2.js)
Linked: (/home/shari/cohan_multi_ws/devel/.private/pr2_msgs/share/gennodejs/ros/pr2_msgs/msg/AccelerometerState.js, /home/shari/cohan_multi_ws/devel/share/gennodejs/ros/pr2_msgs/msg/AccelerometerState.js)
Linked: (/home/shari/cohan_multi_ws/devel/.private/pr2_msgs/share/gennodejs/ros/pr2_msgs/msg/BatteryState2.js, /home/shari/cohan_multi_ws/devel/share/gennodejs/ros/pr2_msgs/msg/BatteryState2.js)
Linked: (/home/shari/cohan_multi_ws/devel/.private/pr2_msgs/share/gennodejs/ros/pr2_msgs/msg/AccessPoint.js, /home/shari/cohan_multi_ws/devel/share/gennodejs/ros/pr2_msgs/msg/AccessPoint.js)
Linked: (/home/shari/cohan_multi_ws/devel/.private/pr2_msgs/share/gennodejs/ros/pr2_msgs/msg/LaserTrajCmd.js, /home/shari/cohan_multi_ws/devel/share/gennodejs/ros/pr2_msgs/msg/LaserTrajCmd.js)
Linked: (/home/shari/cohan_multi_ws/devel/.private/pr2_msgs/share/gennodejs/ros/pr2_msgs/msg/PowerState.js, /home/shari/cohan_multi_ws/devel/share/gennodejs/ros/pr2_msgs/msg/PowerState.js)
Linked: (/home/shari/cohan_multi_ws/devel/.private/pr2_msgs/share/gennodejs/ros/pr2_msgs/msg/PressureState.js, /home/shari/cohan_multi_ws/devel/share/gennodejs/ros/pr2_msgs/msg/PressureState.js)
Linked: (/home/shari/cohan_multi_ws/devel/.private/pr2_msgs/share/gennodejs/ros/pr2_msgs/msg/LaserScannerSignal.js, /home/shari/cohan_multi_ws/devel/share/gennodejs/ros/pr2_msgs/msg/LaserScannerSignal.js)
Linked: (/home/shari/cohan_multi_ws/devel/.private/pr2_msgs/share/gennodejs/ros/pr2_msgs/msg/BatteryServer.js, /home/shari/cohan_multi_ws/devel/share/gennodejs/ros/pr2_msgs/msg/BatteryServer.js)
Linked: (/home/shari/cohan_multi_ws/devel/.private/pr2_msgs/share/gennodejs/ros/pr2_msgs/msg/PowerBoardState.js, /home/shari/cohan_multi_ws/devel/share/gennodejs/ros/pr2_msgs/msg/PowerBoardState.js)
Linked: (/home/shari/cohan_multi_ws/devel/.private/pr2_msgs/share/gennodejs/ros/pr2_msgs/msg/PeriodicCmd.js, /home/shari/cohan_multi_ws/devel/share/gennodejs/ros/pr2_msgs/msg/PeriodicCmd.js)
Linked: (/home/shari/cohan_multi_ws/devel/.private/pr2_msgs/share/gennodejs/ros/pr2_msgs/srv/SetLaserTrajCmd.js, /home/shari/cohan_multi_ws/devel/share/gennodejs/ros/pr2_msgs/srv/SetLaserTrajCmd.js)
Linked: (/home/shari/cohan_multi_ws/devel/.private/pr2_msgs/share/gennodejs/ros/pr2_msgs/srv/_index.js, /home/shari/cohan_multi_ws/devel/share/gennodejs/ros/pr2_msgs/srv/_index.js)
Linked: (/home/shari/cohan_multi_ws/devel/.private/pr2_msgs/share/gennodejs/ros/pr2_msgs/srv/SetPeriodicCmd.js, /home/shari/cohan_multi_ws/devel/share/gennodejs/ros/pr2_msgs/srv/SetPeriodicCmd.js)
Linked: (/home/shari/cohan_multi_ws/devel/.private/pr2_msgs/share/roseus/ros/pr2_msgs/manifest.l, /home/shari/cohan_multi_ws/devel/share/roseus/ros/pr2_msgs/manifest.l)
Linked: (/home/shari/cohan_multi_ws/devel/.private/pr2_msgs/share/roseus/ros/pr2_msgs/msg/PressureState.l, /home/shari/cohan_multi_ws/devel/share/roseus/ros/pr2_msgs/msg/PressureState.l)
Linked: (/home/shari/cohan_multi_ws/devel/.private/pr2_msgs/share/roseus/ros/pr2_msgs/msg/BatteryServer.l, /home/shari/cohan_multi_ws/devel/share/roseus/ros/pr2_msgs/msg/BatteryServer.l)
Linked: (/home/shari/cohan_multi_ws/devel/.private/pr2_msgs/share/roseus/ros/pr2_msgs/msg/AccessPoint.l, /home/shari/cohan_multi_ws/devel/share/roseus/ros/pr2_msgs/msg/AccessPoint.l)
Linked: (/home/shari/cohan_multi_ws/devel/.private/pr2_msgs/share/roseus/ros/pr2_msgs/msg/PeriodicCmd.l, /home/shari/cohan_multi_ws/devel/share/roseus/ros/pr2_msgs/msg/PeriodicCmd.l)
Linked: (/home/shari/cohan_multi_ws/devel/.private/pr2_msgs/share/roseus/ros/pr2_msgs/msg/LaserTrajCmd.l, /home/shari/cohan_multi_ws/devel/share/roseus/ros/pr2_msgs/msg/LaserTrajCmd.l)
Linked: (/home/shari/cohan_multi_ws/devel/.private/pr2_msgs/share/roseus/ros/pr2_msgs/msg/BatteryState.l, /home/shari/cohan_multi_ws/devel/share/roseus/ros/pr2_msgs/msg/BatteryState.l)
Linked: (/home/shari/cohan_multi_ws/devel/.private/pr2_msgs/share/roseus/ros/pr2_msgs/msg/AccelerometerState.l, /home/shari/cohan_multi_ws/devel/share/roseus/ros/pr2_msgs/msg/AccelerometerState.l)
Linked: (/home/shari/cohan_multi_ws/devel/.private/pr2_msgs/share/roseus/ros/pr2_msgs/msg/DashboardState.l, /home/shari/cohan_multi_ws/devel/share/roseus/ros/pr2_msgs/msg/DashboardState.l)
Linked: (/home/shari/cohan_multi_ws/devel/.private/pr2_msgs/share/roseus/ros/pr2_msgs/msg/GPUStatus.l, /home/shari/cohan_multi_ws/devel/share/roseus/ros/pr2_msgs/msg/GPUStatus.l)
Linked: (/home/shari/cohan_multi_ws/devel/.private/pr2_msgs/share/roseus/ros/pr2_msgs/msg/PowerBoardState.l, /home/shari/cohan_multi_ws/devel/share/roseus/ros/pr2_msgs/msg/PowerBoardState.l)
Linked: (/home/shari/cohan_multi_ws/devel/.private/pr2_msgs/share/roseus/ros/pr2_msgs/msg/PowerState.l, /home/shari/cohan_multi_ws/devel/share/roseus/ros/pr2_msgs/msg/PowerState.l)
Linked: (/home/shari/cohan_multi_ws/devel/.private/pr2_msgs/share/roseus/ros/pr2_msgs/msg/BatteryState2.l, /home/shari/cohan_multi_ws/devel/share/roseus/ros/pr2_msgs/msg/BatteryState2.l)
Linked: (/home/shari/cohan_multi_ws/devel/.private/pr2_msgs/share/roseus/ros/pr2_msgs/msg/BatteryServer2.l, /home/shari/cohan_multi_ws/devel/share/roseus/ros/pr2_msgs/msg/BatteryServer2.l)
Linked: (/home/shari/cohan_multi_ws/devel/.private/pr2_msgs/share/roseus/ros/pr2_msgs/msg/LaserScannerSignal.l, /home/shari/cohan_multi_ws/devel/share/roseus/ros/pr2_msgs/msg/LaserScannerSignal.l)
Linked: (/home/shari/cohan_multi_ws/devel/.private/pr2_msgs/share/roseus/ros/pr2_msgs/srv/SetPeriodicCmd.l, /home/shari/cohan_multi_ws/devel/share/roseus/ros/pr2_msgs/srv/SetPeriodicCmd.l)
Linked: (/home/shari/cohan_multi_ws/devel/.private/pr2_msgs/share/roseus/ros/pr2_msgs/srv/SetLaserTrajCmd.l, /home/shari/cohan_multi_ws/devel/share/roseus/ros/pr2_msgs/srv/SetLaserTrajCmd.l)
Linked: (/home/shari/cohan_multi_ws/devel/.private/pr2_msgs/share/pr2_msgs/cmake/pr2_msgsConfig-version.cmake, /home/shari/cohan_multi_ws/devel/share/pr2_msgs/cmake/pr2_msgsConfig-version.cmake)
Linked: (/home/shari/cohan_multi_ws/devel/.private/pr2_msgs/share/pr2_msgs/cmake/pr2_msgs-msg-paths.cmake, /home/shari/cohan_multi_ws/devel/share/pr2_msgs/cmake/pr2_msgs-msg-paths.cmake)
Linked: (/home/shari/cohan_multi_ws/devel/.private/pr2_msgs/share/pr2_msgs/cmake/pr2_msgsConfig.cmake, /home/shari/cohan_multi_ws/devel/share/pr2_msgs/cmake/pr2_msgsConfig.cmake)
Linked: (/home/shari/cohan_multi_ws/devel/.private/pr2_msgs/share/pr2_msgs/cmake/pr2_msgs-msg-extras.cmake, /home/shari/cohan_multi_ws/devel/share/pr2_msgs/cmake/pr2_msgs-msg-extras.cmake)
Linked: (/home/shari/cohan_multi_ws/devel/.private/pr2_msgs/share/common-lisp/ros/pr2_msgs/msg/PowerBoardState.lisp, /home/shari/cohan_multi_ws/devel/share/common-lisp/ros/pr2_msgs/msg/PowerBoardState.lisp)
Linked: (/home/shari/cohan_multi_ws/devel/.private/pr2_msgs/share/common-lisp/ros/pr2_msgs/msg/BatteryState.lisp, /home/shari/cohan_multi_ws/devel/share/common-lisp/ros/pr2_msgs/msg/BatteryState.lisp)
Linked: (/home/shari/cohan_multi_ws/devel/.private/pr2_msgs/share/common-lisp/ros/pr2_msgs/msg/_package_AccelerometerState.lisp, /home/shari/cohan_multi_ws/devel/share/common-lisp/ros/pr2_msgs/msg/_package_AccelerometerState.lisp)
Linked: (/home/shari/cohan_multi_ws/devel/.private/pr2_msgs/share/common-lisp/ros/pr2_msgs/msg/_package_BatteryServer.lisp, /home/shari/cohan_multi_ws/devel/share/common-lisp/ros/pr2_msgs/msg/_package_BatteryServer.lisp)
Linked: (/home/shari/cohan_multi_ws/devel/.private/pr2_msgs/share/common-lisp/ros/pr2_msgs/msg/BatteryServer.lisp, /home/shari/cohan_multi_ws/devel/share/common-lisp/ros/pr2_msgs/msg/BatteryServer.lisp)
Linked: (/home/shari/cohan_multi_ws/devel/.private/pr2_msgs/share/common-lisp/ros/pr2_msgs/msg/_package_BatteryServer2.lisp, /home/shari/cohan_multi_ws/devel/share/common-lisp/ros/pr2_msgs/msg/_package_BatteryServer2.lisp)
Linked: (/home/shari/cohan_multi_ws/devel/.private/pr2_msgs/share/common-lisp/ros/pr2_msgs/msg/PressureState.lisp, /home/shari/cohan_multi_ws/devel/share/common-lisp/ros/pr2_msgs/msg/PressureState.lisp)
Linked: (/home/shari/cohan_multi_ws/devel/.private/pr2_msgs/share/common-lisp/ros/pr2_msgs/msg/LaserTrajCmd.lisp, /home/shari/cohan_multi_ws/devel/share/common-lisp/ros/pr2_msgs/msg/LaserTrajCmd.lisp)
Linked: (/home/shari/cohan_multi_ws/devel/.private/pr2_msgs/share/common-lisp/ros/pr2_msgs/msg/LaserScannerSignal.lisp, /home/shari/cohan_multi_ws/devel/share/common-lisp/ros/pr2_msgs/msg/LaserScannerSignal.lisp)
Linked: (/home/shari/cohan_multi_ws/devel/.private/pr2_msgs/share/common-lisp/ros/pr2_msgs/msg/GPUStatus.lisp, /home/shari/cohan_multi_ws/devel/share/common-lisp/ros/pr2_msgs/msg/GPUStatus.lisp)
Linked: (/home/shari/cohan_multi_ws/devel/.private/pr2_msgs/share/common-lisp/ros/pr2_msgs/msg/_package_LaserTrajCmd.lisp, /home/shari/cohan_multi_ws/devel/share/common-lisp/ros/pr2_msgs/msg/_package_LaserTrajCmd.lisp)
Linked: (/home/shari/cohan_multi_ws/devel/.private/pr2_msgs/share/common-lisp/ros/pr2_msgs/msg/_package_LaserScannerSignal.lisp, /home/shari/cohan_multi_ws/devel/share/common-lisp/ros/pr2_msgs/msg/_package_LaserScannerSignal.lisp)
Linked: (/home/shari/cohan_multi_ws/devel/.private/pr2_msgs/share/common-lisp/ros/pr2_msgs/msg/_package_BatteryState2.lisp, /home/shari/cohan_multi_ws/devel/share/common-lisp/ros/pr2_msgs/msg/_package_BatteryState2.lisp)
Linked: (/home/shari/cohan_multi_ws/devel/.private/pr2_msgs/share/common-lisp/ros/pr2_msgs/msg/_package_PowerBoardState.lisp, /home/shari/cohan_multi_ws/devel/share/common-lisp/ros/pr2_msgs/msg/_package_PowerBoardState.lisp)
Linked: (/home/shari/cohan_multi_ws/devel/.private/pr2_msgs/share/common-lisp/ros/pr2_msgs/msg/BatteryServer2.lisp, /home/shari/cohan_multi_ws/devel/share/common-lisp/ros/pr2_msgs/msg/BatteryServer2.lisp)
Linked: (/home/shari/cohan_multi_ws/devel/.private/pr2_msgs/share/common-lisp/ros/pr2_msgs/msg/PeriodicCmd.lisp, /home/shari/cohan_multi_ws/devel/share/common-lisp/ros/pr2_msgs/msg/PeriodicCmd.lisp)
Linked: (/home/shari/cohan_multi_ws/devel/.private/pr2_msgs/share/common-lisp/ros/pr2_msgs/msg/_package_BatteryState.lisp, /home/shari/cohan_multi_ws/devel/share/common-lisp/ros/pr2_msgs/msg/_package_BatteryState.lisp)
Linked: (/home/shari/cohan_multi_ws/devel/.private/pr2_msgs/share/common-lisp/ros/pr2_msgs/msg/AccessPoint.lisp, /home/shari/cohan_multi_ws/devel/share/common-lisp/ros/pr2_msgs/msg/AccessPoint.lisp)
Linked: (/home/shari/cohan_multi_ws/devel/.private/pr2_msgs/share/common-lisp/ros/pr2_msgs/msg/_package_DashboardState.lisp, /home/shari/cohan_multi_ws/devel/share/common-lisp/ros/pr2_msgs/msg/_package_DashboardState.lisp)
Linked: (/home/shari/cohan_multi_ws/devel/.private/pr2_msgs/share/common-lisp/ros/pr2_msgs/msg/_package_PeriodicCmd.lisp, /home/shari/cohan_multi_ws/devel/share/common-lisp/ros/pr2_msgs/msg/_package_PeriodicCmd.lisp)
Linked: (/home/shari/cohan_multi_ws/devel/.private/pr2_msgs/share/common-lisp/ros/pr2_msgs/msg/PowerState.lisp, /home/shari/cohan_multi_ws/devel/share/common-lisp/ros/pr2_msgs/msg/PowerState.lisp)
Linked: (/home/shari/cohan_multi_ws/devel/.private/pr2_msgs/share/common-lisp/ros/pr2_msgs/msg/AccelerometerState.lisp, /home/shari/cohan_multi_ws/devel/share/common-lisp/ros/pr2_msgs/msg/AccelerometerState.lisp)
Linked: (/home/shari/cohan_multi_ws/devel/.private/pr2_msgs/share/common-lisp/ros/pr2_msgs/msg/BatteryState2.lisp, /home/shari/cohan_multi_ws/devel/share/common-lisp/ros/pr2_msgs/msg/BatteryState2.lisp)
Linked: (/home/shari/cohan_multi_ws/devel/.private/pr2_msgs/share/common-lisp/ros/pr2_msgs/msg/_package.lisp, /home/shari/cohan_multi_ws/devel/share/common-lisp/ros/pr2_msgs/msg/_package.lisp)
Linked: (/home/shari/cohan_multi_ws/devel/.private/pr2_msgs/share/common-lisp/ros/pr2_msgs/msg/pr2_msgs-msg.asd, /home/shari/cohan_multi_ws/devel/share/common-lisp/ros/pr2_msgs/msg/pr2_msgs-msg.asd)
Linked: (/home/shari/cohan_multi_ws/devel/.private/pr2_msgs/share/common-lisp/ros/pr2_msgs/msg/_package_GPUStatus.lisp, /home/shari/cohan_multi_ws/devel/share/common-lisp/ros/pr2_msgs/msg/_package_GPUStatus.lisp)
Linked: (/home/shari/cohan_multi_ws/devel/.private/pr2_msgs/share/common-lisp/ros/pr2_msgs/msg/_package_PressureState.lisp, /home/shari/cohan_multi_ws/devel/share/common-lisp/ros/pr2_msgs/msg/_package_PressureState.lisp)
Linked: (/home/shari/cohan_multi_ws/devel/.private/pr2_msgs/share/common-lisp/ros/pr2_msgs/msg/_package_AccessPoint.lisp, /home/shari/cohan_multi_ws/devel/share/common-lisp/ros/pr2_msgs/msg/_package_AccessPoint.lisp)
Linked: (/home/shari/cohan_multi_ws/devel/.private/pr2_msgs/share/common-lisp/ros/pr2_msgs/msg/_package_PowerState.lisp, /home/shari/cohan_multi_ws/devel/share/common-lisp/ros/pr2_msgs/msg/_package_PowerState.lisp)
Linked: (/home/shari/cohan_multi_ws/devel/.private/pr2_msgs/share/common-lisp/ros/pr2_msgs/msg/DashboardState.lisp, /home/shari/cohan_multi_ws/devel/share/common-lisp/ros/pr2_msgs/msg/DashboardState.lisp)
Linked: (/home/shari/cohan_multi_ws/devel/.private/pr2_msgs/share/common-lisp/ros/pr2_msgs/srv/SetLaserTrajCmd.lisp, /home/shari/cohan_multi_ws/devel/share/common-lisp/ros/pr2_msgs/srv/SetLaserTrajCmd.lisp)
Linked: (/home/shari/cohan_multi_ws/devel/.private/pr2_msgs/share/common-lisp/ros/pr2_msgs/srv/SetPeriodicCmd.lisp, /home/shari/cohan_multi_ws/devel/share/common-lisp/ros/pr2_msgs/srv/SetPeriodicCmd.lisp)
Linked: (/home/shari/cohan_multi_ws/devel/.private/pr2_msgs/share/common-lisp/ros/pr2_msgs/srv/_package_SetLaserTrajCmd.lisp, /home/shari/cohan_multi_ws/devel/share/common-lisp/ros/pr2_msgs/srv/_package_SetLaserTrajCmd.lisp)
Linked: (/home/shari/cohan_multi_ws/devel/.private/pr2_msgs/share/common-lisp/ros/pr2_msgs/srv/_package_SetPeriodicCmd.lisp, /home/shari/cohan_multi_ws/devel/share/common-lisp/ros/pr2_msgs/srv/_package_SetPeriodicCmd.lisp)
Linked: (/home/shari/cohan_multi_ws/devel/.private/pr2_msgs/share/common-lisp/ros/pr2_msgs/srv/_package.lisp, /home/shari/cohan_multi_ws/devel/share/common-lisp/ros/pr2_msgs/srv/_package.lisp)
Linked: (/home/shari/cohan_multi_ws/devel/.private/pr2_msgs/share/common-lisp/ros/pr2_msgs/srv/pr2_msgs-srv.asd, /home/shari/cohan_multi_ws/devel/share/common-lisp/ros/pr2_msgs/srv/pr2_msgs-srv.asd)
