[35m[1mScanning dependencies of target std_msgs_generate_messages_cpp[0m
[35m[1mScanning dependencies of target _pr2_msgs_generate_messages_check_deps_LaserTrajCmd[0m
[35m[1mScanning dependencies of target _pr2_msgs_generate_messages_check_deps_PressureState[0m
[35m[1mScanning dependencies of target _pr2_msgs_generate_messages_check_deps_PowerBoardState[0m
[35m[1mScanning dependencies of target _pr2_msgs_generate_messages_check_deps_PowerState[0m
[35m[1mScanning dependencies of target _pr2_msgs_generate_messages_check_deps_PeriodicCmd[0m
[35m[1mScanning dependencies of target _pr2_msgs_generate_messages_check_deps_BatteryState[0m
[35m[1mScanning dependencies of target _pr2_msgs_generate_messages_check_deps_AccelerometerState[0m
[35m[1mScanning dependencies of target _pr2_msgs_generate_messages_check_deps_BatteryServer[0m
[35m[1mScanning dependencies of target geometry_msgs_generate_messages_cpp[0m
[35m[1mScanning dependencies of target _pr2_msgs_generate_messages_check_deps_BatteryServer2[0m
[35m[1mScanning dependencies of target _pr2_msgs_generate_messages_check_deps_SetLaserTrajCmd[0m
[35m[1mScanning dependencies of target _pr2_msgs_generate_messages_check_deps_SetPeriodicCmd[0m
[35m[1mScanning dependencies of target _pr2_msgs_generate_messages_check_deps_LaserScannerSignal[0m
[  0%] Built target std_msgs_generate_messages_cpp
[  0%] Built target geometry_msgs_generate_messages_cpp
[35m[1mScanning dependencies of target _pr2_msgs_generate_messages_check_deps_BatteryState2[0m
[35m[1mScanning dependencies of target _pr2_msgs_generate_messages_check_deps_DashboardState[0m
[  0%] Built target _pr2_msgs_generate_messages_check_deps_PowerBoardState
[  0%] Built target _pr2_msgs_generate_messages_check_deps_SetLaserTrajCmd
[  0%] Built target _pr2_msgs_generate_messages_check_deps_BatteryState
[  0%] Built target _pr2_msgs_generate_messages_check_deps_PeriodicCmd
[  0%] Built target _pr2_msgs_generate_messages_check_deps_PressureState
[  0%] Built target _pr2_msgs_generate_messages_check_deps_PowerState
[  0%] Built target _pr2_msgs_generate_messages_check_deps_SetPeriodicCmd
[  0%] Built target _pr2_msgs_generate_messages_check_deps_LaserTrajCmd
[  0%] Built target _pr2_msgs_generate_messages_check_deps_BatteryServer
[  0%] Built target _pr2_msgs_generate_messages_check_deps_AccelerometerState
[  0%] Built target _pr2_msgs_generate_messages_check_deps_BatteryServer2
[35m[1mScanning dependencies of target _pr2_msgs_generate_messages_check_deps_GPUStatus[0m
[35m[1mScanning dependencies of target std_msgs_generate_messages_py[0m
[35m[1mScanning dependencies of target geometry_msgs_generate_messages_py[0m
[35m[1mScanning dependencies of target _pr2_msgs_generate_messages_check_deps_AccessPoint[0m
[  0%] Built target _pr2_msgs_generate_messages_check_deps_LaserScannerSignal
[35m[1mScanning dependencies of target std_msgs_generate_messages_nodejs[0m
[35m[1mScanning dependencies of target geometry_msgs_generate_messages_nodejs[0m
[35m[1mScanning dependencies of target std_msgs_generate_messages_lisp[0m
[35m[1mScanning dependencies of target std_msgs_generate_messages_eus[0m
[35m[1mScanning dependencies of target geometry_msgs_generate_messages_eus[0m
[35m[1mScanning dependencies of target geometry_msgs_generate_messages_lisp[0m
[  0%] Built target geometry_msgs_generate_messages_py
[  0%] Built target std_msgs_generate_messages_py
[  0%] Built target std_msgs_generate_messages_nodejs
[  0%] Built target geometry_msgs_generate_messages_nodejs
[  0%] Built target std_msgs_generate_messages_lisp
[  0%] Built target _pr2_msgs_generate_messages_check_deps_BatteryState2
[  0%] Built target geometry_msgs_generate_messages_eus
[  0%] Built target std_msgs_generate_messages_eus
[  0%] Built target geometry_msgs_generate_messages_lisp
[  0%] Built target _pr2_msgs_generate_messages_check_deps_DashboardState
[  0%] Built target _pr2_msgs_generate_messages_check_deps_GPUStatus
[  0%] Built target _pr2_msgs_generate_messages_check_deps_AccessPoint
[35m[1mScanning dependencies of target pr2_msgs_generate_messages_nodejs[0m
[35m[1mScanning dependencies of target pr2_msgs_generate_messages_cpp[0m
[35m[1mScanning dependencies of target pr2_msgs_generate_messages_lisp[0m
[35m[1mScanning dependencies of target pr2_msgs_generate_messages_eus[0m
[35m[1mScanning dependencies of target pr2_msgs_generate_messages_py[0m
[  3%] [34m[1mGenerating Javascript code from pr2_msgs/BatteryServer.msg[0m
[  3%] [34m[1mGenerating Javascript code from pr2_msgs/AccelerometerState.msg[0m
[  3%] [34m[1mGenerating Javascript code from pr2_msgs/BatteryServer2.msg[0m
[  4%] [34m[1mGenerating EusLisp code from pr2_msgs/AccelerometerState.msg[0m
[  6%] [34m[1mGenerating Javascript code from pr2_msgs/BatteryState.msg[0m
[  7%] [34m[1mGenerating EusLisp code from pr2_msgs/AccessPoint.msg[0m
[  8%] [34m[1mGenerating EusLisp code from pr2_msgs/BatteryServer2.msg[0m
[  9%] [34m[1mGenerating Javascript code from pr2_msgs/BatteryState2.msg[0m
[ 10%] [34m[1mGenerating Javascript code from pr2_msgs/DashboardState.msg[0m
[ 13%] [34m[1mGenerating Python from MSG pr2_msgs/AccelerometerState[0m
[ 13%] [34m[1mGenerating Javascript code from pr2_msgs/AccessPoint.msg[0m
[ 14%] [34m[1mGenerating Lisp code from pr2_msgs/AccelerometerState.msg[0m
[ 15%] [34m[1mGenerating Javascript code from pr2_msgs/GPUStatus.msg[0m
[ 16%] [34m[1mGenerating Lisp code from pr2_msgs/AccessPoint.msg[0m
[ 18%] [34m[1mGenerating C++ code from pr2_msgs/AccelerometerState.msg[0m
[ 19%] [34m[1mGenerating Lisp code from pr2_msgs/BatteryServer2.msg[0m
[ 20%] [34m[1mGenerating EusLisp code from pr2_msgs/BatteryServer.msg[0m
[ 21%] [34m[1mGenerating Javascript code from pr2_msgs/LaserTrajCmd.msg[0m
[ 22%] [34m[1mGenerating Javascript code from pr2_msgs/LaserScannerSignal.msg[0m
[ 25%] [34m[1mGenerating Javascript code from pr2_msgs/PowerState.msg[0m
[ 25%] [34m[1mGenerating Javascript code from pr2_msgs/PowerBoardState.msg[0m
[ 26%] [34m[1mGenerating Javascript code from pr2_msgs/PeriodicCmd.msg[0m
[ 27%] [34m[1mGenerating Javascript code from pr2_msgs/PressureState.msg[0m
[ 28%] [34m[1mGenerating Lisp code from pr2_msgs/BatteryServer.msg[0m
[ 30%] [34m[1mGenerating Javascript code from pr2_msgs/SetLaserTrajCmd.srv[0m
[ 31%] [34m[1mGenerating Lisp code from pr2_msgs/BatteryState2.msg[0m
[ 32%] [34m[1mGenerating EusLisp code from pr2_msgs/BatteryState2.msg[0m
[ 33%] [34m[1mGenerating Lisp code from pr2_msgs/BatteryState.msg[0m
[ 34%] [34m[1mGenerating Lisp code from pr2_msgs/DashboardState.msg[0m
[ 36%] [34m[1mGenerating Javascript code from pr2_msgs/SetPeriodicCmd.srv[0m
[ 37%] [34m[1mGenerating Lisp code from pr2_msgs/GPUStatus.msg[0m
[ 38%] [34m[1mGenerating EusLisp code from pr2_msgs/BatteryState.msg[0m
[ 39%] [34m[1mGenerating C++ code from pr2_msgs/AccessPoint.msg[0m
[ 40%] [34m[1mGenerating Python from MSG pr2_msgs/AccessPoint[0m
[ 42%] [34m[1mGenerating EusLisp code from pr2_msgs/DashboardState.msg[0m
[ 43%] [34m[1mGenerating EusLisp code from pr2_msgs/GPUStatus.msg[0m
[ 44%] [34m[1mGenerating C++ code from pr2_msgs/BatteryServer2.msg[0m
[ 45%] [34m[1mGenerating Lisp code from pr2_msgs/LaserScannerSignal.msg[0m
[ 46%] [34m[1mGenerating Python from MSG pr2_msgs/BatteryServer2[0m
[ 48%] [34m[1mGenerating Lisp code from pr2_msgs/LaserTrajCmd.msg[0m
[ 49%] [34m[1mGenerating EusLisp code from pr2_msgs/LaserScannerSignal.msg[0m
[ 50%] [34m[1mGenerating Lisp code from pr2_msgs/PeriodicCmd.msg[0m
[ 50%] Built target pr2_msgs_generate_messages_nodejs
[ 51%] [34m[1mGenerating EusLisp code from pr2_msgs/LaserTrajCmd.msg[0m
[ 53%] [34m[1mGenerating Lisp code from pr2_msgs/PowerBoardState.msg[0m
[ 54%] [34m[1mGenerating Lisp code from pr2_msgs/PressureState.msg[0m
[ 55%] [34m[1mGenerating Lisp code from pr2_msgs/PowerState.msg[0m
[ 56%] [34m[1mGenerating EusLisp code from pr2_msgs/PeriodicCmd.msg[0m
[ 57%] [34m[1mGenerating Lisp code from pr2_msgs/SetLaserTrajCmd.srv[0m
[ 59%] [34m[1mGenerating Lisp code from pr2_msgs/SetPeriodicCmd.srv[0m
[ 61%] [34m[1mGenerating EusLisp code from pr2_msgs/PowerState.msg[0m
[ 61%] [34m[1mGenerating EusLisp code from pr2_msgs/PressureState.msg[0m
[ 62%] [34m[1mGenerating EusLisp code from pr2_msgs/PowerBoardState.msg[0m
[ 63%] [34m[1mGenerating EusLisp code from pr2_msgs/SetLaserTrajCmd.srv[0m
[ 65%] [34m[1mGenerating EusLisp code from pr2_msgs/SetPeriodicCmd.srv[0m
[ 66%] [34m[1mGenerating EusLisp manifest code for pr2_msgs[0m
[ 67%] [34m[1mGenerating C++ code from pr2_msgs/BatteryServer.msg[0m
[ 68%] [34m[1mGenerating C++ code from pr2_msgs/BatteryState2.msg[0m
[ 69%] [34m[1mGenerating C++ code from pr2_msgs/BatteryState.msg[0m
[ 69%] Built target pr2_msgs_generate_messages_lisp
[ 71%] [34m[1mGenerating C++ code from pr2_msgs/DashboardState.msg[0m
[ 72%] [34m[1mGenerating C++ code from pr2_msgs/GPUStatus.msg[0m
[ 73%] [34m[1mGenerating C++ code from pr2_msgs/LaserScannerSignal.msg[0m
[ 74%] [34m[1mGenerating C++ code from pr2_msgs/LaserTrajCmd.msg[0m
[ 75%] [34m[1mGenerating C++ code from pr2_msgs/PeriodicCmd.msg[0m
[ 77%] [34m[1mGenerating C++ code from pr2_msgs/PowerBoardState.msg[0m
[ 78%] [34m[1mGenerating Python from MSG pr2_msgs/BatteryServer[0m
[ 79%] [34m[1mGenerating Python from MSG pr2_msgs/BatteryState2[0m
[ 80%] [34m[1mGenerating Python from MSG pr2_msgs/GPUStatus[0m
[ 81%] [34m[1mGenerating Python from MSG pr2_msgs/BatteryState[0m
[ 83%] [34m[1mGenerating Python from MSG pr2_msgs/DashboardState[0m
[ 84%] [34m[1mGenerating C++ code from pr2_msgs/PowerState.msg[0m
[ 85%] [34m[1mGenerating C++ code from pr2_msgs/PressureState.msg[0m
[ 86%] [34m[1mGenerating C++ code from pr2_msgs/SetPeriodicCmd.srv[0m
[ 87%] [34m[1mGenerating C++ code from pr2_msgs/SetLaserTrajCmd.srv[0m
[ 89%] [34m[1mGenerating Python from MSG pr2_msgs/LaserScannerSignal[0m
[ 90%] [34m[1mGenerating Python from MSG pr2_msgs/LaserTrajCmd[0m
[ 91%] [34m[1mGenerating Python from MSG pr2_msgs/PeriodicCmd[0m
[ 92%] [34m[1mGenerating Python from MSG pr2_msgs/PowerBoardState[0m
[ 93%] [34m[1mGenerating Python from MSG pr2_msgs/PowerState[0m
[ 95%] [34m[1mGenerating Python from MSG pr2_msgs/PressureState[0m
[ 96%] [34m[1mGenerating Python code from SRV pr2_msgs/SetLaserTrajCmd[0m
[ 97%] [34m[1mGenerating Python code from SRV pr2_msgs/SetPeriodicCmd[0m
[ 97%] Built target pr2_msgs_generate_messages_cpp
[ 98%] [34m[1mGenerating Python srv __init__.py for pr2_msgs[0m
[100%] [34m[1mGenerating Python msg __init__.py for pr2_msgs[0m
[100%] Built target pr2_msgs_generate_messages_py
[100%] Built target pr2_msgs_generate_messages_eus
[35m[1mScanning dependencies of target pr2_msgs_generate_messages[0m
[100%] Built target pr2_msgs_generate_messages
