Linked: (/home/shari/cohan_multi_ws/devel/.private/cohan_gazebo/include/cohan_gazebo/setGoal.h, /home/shari/cohan_multi_ws/devel/include/cohan_gazebo/setGoal.h)
Linked: (/home/shari/cohan_multi_ws/devel/.private/cohan_gazebo/include/cohan_gazebo/abortGoal.h, /home/shari/cohan_multi_ws/devel/include/cohan_gazebo/abortGoal.h)
Linked: (/home/shari/cohan_multi_ws/devel/.private/cohan_gazebo/lib/python3/dist-packages/cohan_gazebo/__init__.py, /home/shari/cohan_multi_ws/devel/lib/python3/dist-packages/cohan_gazebo/__init__.py)
Linked: (/home/shari/cohan_multi_ws/devel/.private/cohan_gazebo/lib/python3/dist-packages/cohan_gazebo/msg/_setGoal.py, /home/shari/cohan_multi_ws/devel/lib/python3/dist-packages/cohan_gazebo/msg/_setGoal.py)
Linked: (/home/shari/cohan_multi_ws/devel/.private/cohan_gazebo/lib/python3/dist-packages/cohan_gazebo/msg/__init__.py, /home/shari/cohan_multi_ws/devel/lib/python3/dist-packages/cohan_gazebo/msg/__init__.py)
Linked: (/home/shari/cohan_multi_ws/devel/.private/cohan_gazebo/lib/python3/dist-packages/cohan_gazebo/msg/_abortGoal.py, /home/shari/cohan_multi_ws/devel/lib/python3/dist-packages/cohan_gazebo/msg/_abortGoal.py)
Linked: (/home/shari/cohan_multi_ws/devel/.private/cohan_gazebo/lib/pkgconfig/cohan_gazebo.pc, /home/shari/cohan_multi_ws/devel/lib/pkgconfig/cohan_gazebo.pc)
Linked: (/home/shari/cohan_multi_ws/devel/.private/cohan_gazebo/share/gennodejs/ros/cohan_gazebo/_index.js, /home/shari/cohan_multi_ws/devel/share/gennodejs/ros/cohan_gazebo/_index.js)
Linked: (/home/shari/cohan_multi_ws/devel/.private/cohan_gazebo/share/gennodejs/ros/cohan_gazebo/msg/_index.js, /home/shari/cohan_multi_ws/devel/share/gennodejs/ros/cohan_gazebo/msg/_index.js)
Linked: (/home/shari/cohan_multi_ws/devel/.private/cohan_gazebo/share/gennodejs/ros/cohan_gazebo/msg/abortGoal.js, /home/shari/cohan_multi_ws/devel/share/gennodejs/ros/cohan_gazebo/msg/abortGoal.js)
Linked: (/home/shari/cohan_multi_ws/devel/.private/cohan_gazebo/share/gennodejs/ros/cohan_gazebo/msg/setGoal.js, /home/shari/cohan_multi_ws/devel/share/gennodejs/ros/cohan_gazebo/msg/setGoal.js)
Linked: (/home/shari/cohan_multi_ws/devel/.private/cohan_gazebo/share/roseus/ros/cohan_gazebo/manifest.l, /home/shari/cohan_multi_ws/devel/share/roseus/ros/cohan_gazebo/manifest.l)
Linked: (/home/shari/cohan_multi_ws/devel/.private/cohan_gazebo/share/roseus/ros/cohan_gazebo/msg/abortGoal.l, /home/shari/cohan_multi_ws/devel/share/roseus/ros/cohan_gazebo/msg/abortGoal.l)
Linked: (/home/shari/cohan_multi_ws/devel/.private/cohan_gazebo/share/roseus/ros/cohan_gazebo/msg/setGoal.l, /home/shari/cohan_multi_ws/devel/share/roseus/ros/cohan_gazebo/msg/setGoal.l)
Linked: (/home/shari/cohan_multi_ws/devel/.private/cohan_gazebo/share/cohan_gazebo/cmake/cohan_gazeboConfig-version.cmake, /home/shari/cohan_multi_ws/devel/share/cohan_gazebo/cmake/cohan_gazeboConfig-version.cmake)
Linked: (/home/shari/cohan_multi_ws/devel/.private/cohan_gazebo/share/cohan_gazebo/cmake/cohan_gazeboConfig.cmake, /home/shari/cohan_multi_ws/devel/share/cohan_gazebo/cmake/cohan_gazeboConfig.cmake)
Linked: (/home/shari/cohan_multi_ws/devel/.private/cohan_gazebo/share/cohan_gazebo/cmake/cohan_gazebo-msg-extras.cmake, /home/shari/cohan_multi_ws/devel/share/cohan_gazebo/cmake/cohan_gazebo-msg-extras.cmake)
Linked: (/home/shari/cohan_multi_ws/devel/.private/cohan_gazebo/share/cohan_gazebo/cmake/cohan_gazebo-msg-paths.cmake, /home/shari/cohan_multi_ws/devel/share/cohan_gazebo/cmake/cohan_gazebo-msg-paths.cmake)
Linked: (/home/shari/cohan_multi_ws/devel/.private/cohan_gazebo/share/common-lisp/ros/cohan_gazebo/msg/setGoal.lisp, /home/shari/cohan_multi_ws/devel/share/common-lisp/ros/cohan_gazebo/msg/setGoal.lisp)
Linked: (/home/shari/cohan_multi_ws/devel/.private/cohan_gazebo/share/common-lisp/ros/cohan_gazebo/msg/cohan_gazebo-msg.asd, /home/shari/cohan_multi_ws/devel/share/common-lisp/ros/cohan_gazebo/msg/cohan_gazebo-msg.asd)
Linked: (/home/shari/cohan_multi_ws/devel/.private/cohan_gazebo/share/common-lisp/ros/cohan_gazebo/msg/_package_setGoal.lisp, /home/shari/cohan_multi_ws/devel/share/common-lisp/ros/cohan_gazebo/msg/_package_setGoal.lisp)
Linked: (/home/shari/cohan_multi_ws/devel/.private/cohan_gazebo/share/common-lisp/ros/cohan_gazebo/msg/abortGoal.lisp, /home/shari/cohan_multi_ws/devel/share/common-lisp/ros/cohan_gazebo/msg/abortGoal.lisp)
Linked: (/home/shari/cohan_multi_ws/devel/.private/cohan_gazebo/share/common-lisp/ros/cohan_gazebo/msg/_package_abortGoal.lisp, /home/shari/cohan_multi_ws/devel/share/common-lisp/ros/cohan_gazebo/msg/_package_abortGoal.lisp)
Linked: (/home/shari/cohan_multi_ws/devel/.private/cohan_gazebo/share/common-lisp/ros/cohan_gazebo/msg/_package.lisp, /home/shari/cohan_multi_ws/devel/share/common-lisp/ros/cohan_gazebo/msg/_package.lisp)
