Symlinking /home/shari/cohan2_ws/devel/include/cohan_msgs/TrackedAgents.h
Symlinking /home/shari/cohan2_ws/devel/include/cohan_msgs/GetTrajectoryResponse.h
Symlinking /home/shari/cohan2_ws/devel/include/cohan_msgs/AgentPathArray.h
Symlinking /home/shari/cohan2_ws/devel/include/cohan_msgs/PassageType.h
Symlinking /home/shari/cohan2_ws/devel/include/cohan_msgs/AgentTimeToGoalArray.h
Symlinking /home/shari/cohan2_ws/devel/include/cohan_msgs/OptimizeRequest.h
Symlinking /home/shari/cohan2_ws/devel/include/cohan_msgs/TrackedSegmentType.h
Symlinking /home/shari/cohan2_ws/devel/include/cohan_msgs/TrajectoryPoint.h
Symlinking /home/shari/cohan2_ws/devel/include/cohan_msgs/AgentType.h
Symlinking /home/shari/cohan2_ws/devel/include/cohan_msgs/AgentMarker.h
Symlinking /home/shari/cohan2_ws/devel/include/cohan_msgs/TrajectoryStamped.h
Symlinking /home/shari/cohan2_ws/devel/include/cohan_msgs/Predictions.h
Symlinking /home/shari/cohan2_ws/devel/include/cohan_msgs/Optimize.h
Symlinking /home/shari/cohan2_ws/devel/include/cohan_msgs/AgentTrajectoryArray.h
Symlinking /home/shari/cohan2_ws/devel/include/cohan_msgs/TrajectoryArray.h
Symlinking /home/shari/cohan2_ws/devel/include/cohan_msgs/AgentTimeToGoal.h
Symlinking /home/shari/cohan2_ws/devel/include/cohan_msgs/TrackedAgent.h
Symlinking /home/shari/cohan2_ws/devel/include/cohan_msgs/GetTrajectory.h
Symlinking /home/shari/cohan2_ws/devel/include/cohan_msgs/TrackedSegment.h
Symlinking /home/shari/cohan2_ws/devel/include/cohan_msgs/Trajectory.h
Symlinking /home/shari/cohan2_ws/devel/include/cohan_msgs/PointArray.h
Symlinking /home/shari/cohan2_ws/devel/include/cohan_msgs/StateArray.h
Symlinking /home/shari/cohan2_ws/devel/include/cohan_msgs/GetTrajectoryRequest.h
Symlinking /home/shari/cohan2_ws/devel/include/cohan_msgs/AgentTrajectory.h
Symlinking /home/shari/cohan2_ws/devel/include/cohan_msgs/AgentMarkerStamped.h
Symlinking /home/shari/cohan2_ws/devel/include/cohan_msgs/OptimizeResponse.h
Symlinking /home/shari/cohan2_ws/devel/include/cohan_msgs/AgentPath.h
Symlinking /home/shari/cohan2_ws/devel/lib/python3/dist-packages/cohan_msgs/__init__.py
Symlinking /home/shari/cohan2_ws/devel/lib/python3/dist-packages/cohan_msgs/msg/_StateArray.py
Symlinking /home/shari/cohan2_ws/devel/lib/python3/dist-packages/cohan_msgs/msg/_AgentTimeToGoal.py
Symlinking /home/shari/cohan2_ws/devel/lib/python3/dist-packages/cohan_msgs/msg/_TrackedSegmentType.py
Symlinking /home/shari/cohan2_ws/devel/lib/python3/dist-packages/cohan_msgs/msg/_AgentPathArray.py
Symlinking /home/shari/cohan2_ws/devel/lib/python3/dist-packages/cohan_msgs/msg/_AgentPath.py
Symlinking /home/shari/cohan2_ws/devel/lib/python3/dist-packages/cohan_msgs/msg/_PointArray.py
Symlinking /home/shari/cohan2_ws/devel/lib/python3/dist-packages/cohan_msgs/msg/_AgentMarkerStamped.py
Symlinking /home/shari/cohan2_ws/devel/lib/python3/dist-packages/cohan_msgs/msg/_PassageType.py
Symlinking /home/shari/cohan2_ws/devel/lib/python3/dist-packages/cohan_msgs/msg/_AgentMarker.py
Symlinking /home/shari/cohan2_ws/devel/lib/python3/dist-packages/cohan_msgs/msg/_AgentTrajectoryArray.py
Symlinking /home/shari/cohan2_ws/devel/lib/python3/dist-packages/cohan_msgs/msg/__init__.py
Symlinking /home/shari/cohan2_ws/devel/lib/python3/dist-packages/cohan_msgs/msg/_TrackedSegment.py
Symlinking /home/shari/cohan2_ws/devel/lib/python3/dist-packages/cohan_msgs/msg/_AgentTimeToGoalArray.py
Symlinking /home/shari/cohan2_ws/devel/lib/python3/dist-packages/cohan_msgs/msg/_TrackedAgent.py
Symlinking /home/shari/cohan2_ws/devel/lib/python3/dist-packages/cohan_msgs/msg/_AgentType.py
Symlinking /home/shari/cohan2_ws/devel/lib/python3/dist-packages/cohan_msgs/msg/_TrajectoryArray.py
Symlinking /home/shari/cohan2_ws/devel/lib/python3/dist-packages/cohan_msgs/msg/_TrajectoryPoint.py
Symlinking /home/shari/cohan2_ws/devel/lib/python3/dist-packages/cohan_msgs/msg/_TrackedAgents.py
Symlinking /home/shari/cohan2_ws/devel/lib/python3/dist-packages/cohan_msgs/msg/_AgentTrajectory.py
Symlinking /home/shari/cohan2_ws/devel/lib/python3/dist-packages/cohan_msgs/msg/_Trajectory.py
Symlinking /home/shari/cohan2_ws/devel/lib/python3/dist-packages/cohan_msgs/msg/_Predictions.py
Symlinking /home/shari/cohan2_ws/devel/lib/python3/dist-packages/cohan_msgs/msg/_TrajectoryStamped.py
Symlinking /home/shari/cohan2_ws/devel/lib/python3/dist-packages/cohan_msgs/srv/__init__.py
Symlinking /home/shari/cohan2_ws/devel/lib/python3/dist-packages/cohan_msgs/srv/_GetTrajectory.py
Symlinking /home/shari/cohan2_ws/devel/lib/python3/dist-packages/cohan_msgs/srv/_Optimize.py
Symlinking /home/shari/cohan2_ws/devel/lib/pkgconfig/cohan_msgs.pc
Symlinking /home/shari/cohan2_ws/devel/share/gennodejs/ros/cohan_msgs/_index.js
Symlinking /home/shari/cohan2_ws/devel/share/gennodejs/ros/cohan_msgs/msg/AgentTimeToGoalArray.js
Symlinking /home/shari/cohan2_ws/devel/share/gennodejs/ros/cohan_msgs/msg/AgentTrajectoryArray.js
Symlinking /home/shari/cohan2_ws/devel/share/gennodejs/ros/cohan_msgs/msg/_index.js
Symlinking /home/shari/cohan2_ws/devel/share/gennodejs/ros/cohan_msgs/msg/Predictions.js
Symlinking /home/shari/cohan2_ws/devel/share/gennodejs/ros/cohan_msgs/msg/TrajectoryPoint.js
Symlinking /home/shari/cohan2_ws/devel/share/gennodejs/ros/cohan_msgs/msg/Trajectory.js
Symlinking /home/shari/cohan2_ws/devel/share/gennodejs/ros/cohan_msgs/msg/TrackedAgent.js
Symlinking /home/shari/cohan2_ws/devel/share/gennodejs/ros/cohan_msgs/msg/AgentPathArray.js
Symlinking /home/shari/cohan2_ws/devel/share/gennodejs/ros/cohan_msgs/msg/PointArray.js
Symlinking /home/shari/cohan2_ws/devel/share/gennodejs/ros/cohan_msgs/msg/TrajectoryStamped.js
Symlinking /home/shari/cohan2_ws/devel/share/gennodejs/ros/cohan_msgs/msg/TrackedSegment.js
Symlinking /home/shari/cohan2_ws/devel/share/gennodejs/ros/cohan_msgs/msg/PassageType.js
Symlinking /home/shari/cohan2_ws/devel/share/gennodejs/ros/cohan_msgs/msg/TrackedSegmentType.js
Symlinking /home/shari/cohan2_ws/devel/share/gennodejs/ros/cohan_msgs/msg/TrackedAgents.js
Symlinking /home/shari/cohan2_ws/devel/share/gennodejs/ros/cohan_msgs/msg/AgentTimeToGoal.js
Symlinking /home/shari/cohan2_ws/devel/share/gennodejs/ros/cohan_msgs/msg/AgentPath.js
Symlinking /home/shari/cohan2_ws/devel/share/gennodejs/ros/cohan_msgs/msg/StateArray.js
Symlinking /home/shari/cohan2_ws/devel/share/gennodejs/ros/cohan_msgs/msg/AgentMarker.js
Symlinking /home/shari/cohan2_ws/devel/share/gennodejs/ros/cohan_msgs/msg/TrajectoryArray.js
Symlinking /home/shari/cohan2_ws/devel/share/gennodejs/ros/cohan_msgs/msg/AgentMarkerStamped.js
Symlinking /home/shari/cohan2_ws/devel/share/gennodejs/ros/cohan_msgs/msg/AgentTrajectory.js
Symlinking /home/shari/cohan2_ws/devel/share/gennodejs/ros/cohan_msgs/msg/AgentType.js
Symlinking /home/shari/cohan2_ws/devel/share/gennodejs/ros/cohan_msgs/srv/Optimize.js
Symlinking /home/shari/cohan2_ws/devel/share/gennodejs/ros/cohan_msgs/srv/_index.js
Symlinking /home/shari/cohan2_ws/devel/share/gennodejs/ros/cohan_msgs/srv/GetTrajectory.js
Symlinking /home/shari/cohan2_ws/devel/share/roseus/ros/cohan_msgs/manifest.l
Symlinking /home/shari/cohan2_ws/devel/share/roseus/ros/cohan_msgs/msg/AgentMarkerStamped.l
Symlinking /home/shari/cohan2_ws/devel/share/roseus/ros/cohan_msgs/msg/AgentTimeToGoalArray.l
Symlinking /home/shari/cohan2_ws/devel/share/roseus/ros/cohan_msgs/msg/AgentTrajectory.l
Symlinking /home/shari/cohan2_ws/devel/share/roseus/ros/cohan_msgs/msg/StateArray.l
Symlinking /home/shari/cohan2_ws/devel/share/roseus/ros/cohan_msgs/msg/AgentType.l
Symlinking /home/shari/cohan2_ws/devel/share/roseus/ros/cohan_msgs/msg/AgentPathArray.l
Symlinking /home/shari/cohan2_ws/devel/share/roseus/ros/cohan_msgs/msg/TrackedSegmentType.l
Symlinking /home/shari/cohan2_ws/devel/share/roseus/ros/cohan_msgs/msg/Predictions.l
Symlinking /home/shari/cohan2_ws/devel/share/roseus/ros/cohan_msgs/msg/TrackedSegment.l
Symlinking /home/shari/cohan2_ws/devel/share/roseus/ros/cohan_msgs/msg/Trajectory.l
Symlinking /home/shari/cohan2_ws/devel/share/roseus/ros/cohan_msgs/msg/TrackedAgents.l
Symlinking /home/shari/cohan2_ws/devel/share/roseus/ros/cohan_msgs/msg/PointArray.l
Symlinking /home/shari/cohan2_ws/devel/share/roseus/ros/cohan_msgs/msg/TrajectoryPoint.l
Symlinking /home/shari/cohan2_ws/devel/share/roseus/ros/cohan_msgs/msg/TrajectoryArray.l
Symlinking /home/shari/cohan2_ws/devel/share/roseus/ros/cohan_msgs/msg/TrajectoryStamped.l
Symlinking /home/shari/cohan2_ws/devel/share/roseus/ros/cohan_msgs/msg/AgentTrajectoryArray.l
Symlinking /home/shari/cohan2_ws/devel/share/roseus/ros/cohan_msgs/msg/TrackedAgent.l
Symlinking /home/shari/cohan2_ws/devel/share/roseus/ros/cohan_msgs/msg/AgentTimeToGoal.l
Symlinking /home/shari/cohan2_ws/devel/share/roseus/ros/cohan_msgs/msg/PassageType.l
Symlinking /home/shari/cohan2_ws/devel/share/roseus/ros/cohan_msgs/msg/AgentPath.l
Symlinking /home/shari/cohan2_ws/devel/share/roseus/ros/cohan_msgs/msg/AgentMarker.l
Symlinking /home/shari/cohan2_ws/devel/share/roseus/ros/cohan_msgs/srv/GetTrajectory.l
Symlinking /home/shari/cohan2_ws/devel/share/roseus/ros/cohan_msgs/srv/Optimize.l
Symlinking /home/shari/cohan2_ws/devel/share/cohan_msgs/cmake/cohan_msgsConfig.cmake
Symlinking /home/shari/cohan2_ws/devel/share/cohan_msgs/cmake/cohan_msgs-msg-extras.cmake
Symlinking /home/shari/cohan2_ws/devel/share/cohan_msgs/cmake/cohan_msgs-msg-paths.cmake
Symlinking /home/shari/cohan2_ws/devel/share/cohan_msgs/cmake/cohan_msgsConfig-version.cmake
Symlinking /home/shari/cohan2_ws/devel/share/common-lisp/ros/cohan_msgs/msg/_package_TrajectoryPoint.lisp
Symlinking /home/shari/cohan2_ws/devel/share/common-lisp/ros/cohan_msgs/msg/_package_AgentTrajectory.lisp
Symlinking /home/shari/cohan2_ws/devel/share/common-lisp/ros/cohan_msgs/msg/_package_AgentMarker.lisp
Symlinking /home/shari/cohan2_ws/devel/share/common-lisp/ros/cohan_msgs/msg/AgentMarkerStamped.lisp
Symlinking /home/shari/cohan2_ws/devel/share/common-lisp/ros/cohan_msgs/msg/_package_TrackedSegmentType.lisp
Symlinking /home/shari/cohan2_ws/devel/share/common-lisp/ros/cohan_msgs/msg/StateArray.lisp
Symlinking /home/shari/cohan2_ws/devel/share/common-lisp/ros/cohan_msgs/msg/_package_AgentPath.lisp
Symlinking /home/shari/cohan2_ws/devel/share/common-lisp/ros/cohan_msgs/msg/_package_AgentTimeToGoalArray.lisp
Symlinking /home/shari/cohan2_ws/devel/share/common-lisp/ros/cohan_msgs/msg/_package_PassageType.lisp
Symlinking /home/shari/cohan2_ws/devel/share/common-lisp/ros/cohan_msgs/msg/AgentTrajectory.lisp
Symlinking /home/shari/cohan2_ws/devel/share/common-lisp/ros/cohan_msgs/msg/_package_AgentTrajectoryArray.lisp
Symlinking /home/shari/cohan2_ws/devel/share/common-lisp/ros/cohan_msgs/msg/TrackedSegment.lisp
Symlinking /home/shari/cohan2_ws/devel/share/common-lisp/ros/cohan_msgs/msg/TrajectoryStamped.lisp
Symlinking /home/shari/cohan2_ws/devel/share/common-lisp/ros/cohan_msgs/msg/_package_PointArray.lisp
Symlinking /home/shari/cohan2_ws/devel/share/common-lisp/ros/cohan_msgs/msg/_package_AgentMarkerStamped.lisp
Symlinking /home/shari/cohan2_ws/devel/share/common-lisp/ros/cohan_msgs/msg/TrackedAgent.lisp
Symlinking /home/shari/cohan2_ws/devel/share/common-lisp/ros/cohan_msgs/msg/AgentPathArray.lisp
Symlinking /home/shari/cohan2_ws/devel/share/common-lisp/ros/cohan_msgs/msg/AgentTimeToGoalArray.lisp
Symlinking /home/shari/cohan2_ws/devel/share/common-lisp/ros/cohan_msgs/msg/PassageType.lisp
Symlinking /home/shari/cohan2_ws/devel/share/common-lisp/ros/cohan_msgs/msg/AgentMarker.lisp
Symlinking /home/shari/cohan2_ws/devel/share/common-lisp/ros/cohan_msgs/msg/AgentTrajectoryArray.lisp
Symlinking /home/shari/cohan2_ws/devel/share/common-lisp/ros/cohan_msgs/msg/_package_TrackedAgents.lisp
Symlinking /home/shari/cohan2_ws/devel/share/common-lisp/ros/cohan_msgs/msg/TrackedSegmentType.lisp
Symlinking /home/shari/cohan2_ws/devel/share/common-lisp/ros/cohan_msgs/msg/_package_StateArray.lisp
Symlinking /home/shari/cohan2_ws/devel/share/common-lisp/ros/cohan_msgs/msg/AgentPath.lisp
Symlinking /home/shari/cohan2_ws/devel/share/common-lisp/ros/cohan_msgs/msg/_package_TrajectoryArray.lisp
Symlinking /home/shari/cohan2_ws/devel/share/common-lisp/ros/cohan_msgs/msg/PointArray.lisp
Symlinking /home/shari/cohan2_ws/devel/share/common-lisp/ros/cohan_msgs/msg/_package_AgentTimeToGoal.lisp
Symlinking /home/shari/cohan2_ws/devel/share/common-lisp/ros/cohan_msgs/msg/_package_Trajectory.lisp
Symlinking /home/shari/cohan2_ws/devel/share/common-lisp/ros/cohan_msgs/msg/_package_Predictions.lisp
Symlinking /home/shari/cohan2_ws/devel/share/common-lisp/ros/cohan_msgs/msg/cohan_msgs-msg.asd
Symlinking /home/shari/cohan2_ws/devel/share/common-lisp/ros/cohan_msgs/msg/_package.lisp
Symlinking /home/shari/cohan2_ws/devel/share/common-lisp/ros/cohan_msgs/msg/Trajectory.lisp
Symlinking /home/shari/cohan2_ws/devel/share/common-lisp/ros/cohan_msgs/msg/_package_TrackedAgent.lisp
Symlinking /home/shari/cohan2_ws/devel/share/common-lisp/ros/cohan_msgs/msg/AgentTimeToGoal.lisp
Symlinking /home/shari/cohan2_ws/devel/share/common-lisp/ros/cohan_msgs/msg/AgentType.lisp
Symlinking /home/shari/cohan2_ws/devel/share/common-lisp/ros/cohan_msgs/msg/TrajectoryArray.lisp
Symlinking /home/shari/cohan2_ws/devel/share/common-lisp/ros/cohan_msgs/msg/_package_AgentPathArray.lisp
Symlinking /home/shari/cohan2_ws/devel/share/common-lisp/ros/cohan_msgs/msg/_package_AgentType.lisp
Symlinking /home/shari/cohan2_ws/devel/share/common-lisp/ros/cohan_msgs/msg/Predictions.lisp
Symlinking /home/shari/cohan2_ws/devel/share/common-lisp/ros/cohan_msgs/msg/TrajectoryPoint.lisp
Symlinking /home/shari/cohan2_ws/devel/share/common-lisp/ros/cohan_msgs/msg/TrackedAgents.lisp
Symlinking /home/shari/cohan2_ws/devel/share/common-lisp/ros/cohan_msgs/msg/_package_TrajectoryStamped.lisp
Symlinking /home/shari/cohan2_ws/devel/share/common-lisp/ros/cohan_msgs/msg/_package_TrackedSegment.lisp
Symlinking /home/shari/cohan2_ws/devel/share/common-lisp/ros/cohan_msgs/srv/GetTrajectory.lisp
Symlinking /home/shari/cohan2_ws/devel/share/common-lisp/ros/cohan_msgs/srv/_package_Optimize.lisp
Symlinking /home/shari/cohan2_ws/devel/share/common-lisp/ros/cohan_msgs/srv/_package_GetTrajectory.lisp
Symlinking /home/shari/cohan2_ws/devel/share/common-lisp/ros/cohan_msgs/srv/cohan_msgs-srv.asd
Symlinking /home/shari/cohan2_ws/devel/share/common-lisp/ros/cohan_msgs/srv/_package.lisp
Symlinking /home/shari/cohan2_ws/devel/share/common-lisp/ros/cohan_msgs/srv/Optimize.lisp
