[35m[1mScanning dependencies of target _cohan_msgs_generate_messages_check_deps_TrackedAgents[0m
[35m[1mScanning dependencies of target _cohan_msgs_generate_messages_check_deps_AgentTimeToGoalArray[0m
[35m[1mScanning dependencies of target _cohan_msgs_generate_messages_check_deps_TrackedAgent[0m
[35m[1mScanning dependencies of target _cohan_msgs_generate_messages_check_deps_TrackedSegment[0m
[35m[1mScanning dependencies of target _cohan_msgs_generate_messages_check_deps_AgentPath[0m
[35m[1mScanning dependencies of target _cohan_msgs_generate_messages_check_deps_TrajectoryStamped[0m
[35m[1mScanning dependencies of target _cohan_msgs_generate_messages_check_deps_AgentMarkerStamped[0m
[35m[1mScanning dependencies of target std_msgs_generate_messages_py[0m
[35m[1mScanning dependencies of target _cohan_msgs_generate_messages_check_deps_AgentTrajectory[0m
[35m[1mScanning dependencies of target _cohan_msgs_generate_messages_check_deps_AgentMarker[0m
[35m[1mScanning dependencies of target _cohan_msgs_generate_messages_check_deps_AgentTrajectoryArray[0m
[35m[1mScanning dependencies of target _cohan_msgs_generate_messages_check_deps_AgentType[0m
[35m[1mScanning dependencies of target _cohan_msgs_generate_messages_check_deps_Optimize[0m
[35m[1mScanning dependencies of target _cohan_msgs_generate_messages_check_deps_TrajectoryPoint[0m
[35m[1mScanning dependencies of target _cohan_msgs_generate_messages_check_deps_StateArray[0m
[35m[1mScanning dependencies of target _cohan_msgs_generate_messages_check_deps_AgentPathArray[0m
[  0%] Built target std_msgs_generate_messages_py
[35m[1mScanning dependencies of target _cohan_msgs_generate_messages_check_deps_TrajectoryArray[0m
[  0%] Built target _cohan_msgs_generate_messages_check_deps_AgentMarker
[  0%] Built target _cohan_msgs_generate_messages_check_deps_TrackedAgents
[  0%] Built target _cohan_msgs_generate_messages_check_deps_AgentTrajectoryArray
[  0%] Built target _cohan_msgs_generate_messages_check_deps_TrackedSegment
[  0%] Built target _cohan_msgs_generate_messages_check_deps_AgentMarkerStamped
[  0%] Built target _cohan_msgs_generate_messages_check_deps_TrajectoryPoint
[  0%] Built target _cohan_msgs_generate_messages_check_deps_Optimize
[  0%] Built target _cohan_msgs_generate_messages_check_deps_TrackedAgent
[  0%] Built target _cohan_msgs_generate_messages_check_deps_TrajectoryStamped
[  0%] Built target _cohan_msgs_generate_messages_check_deps_AgentPath
[  0%] Built target _cohan_msgs_generate_messages_check_deps_AgentType
[  0%] Built target _cohan_msgs_generate_messages_check_deps_StateArray
[  0%] Built target _cohan_msgs_generate_messages_check_deps_AgentTrajectory
[  0%] Built target _cohan_msgs_generate_messages_check_deps_AgentTimeToGoalArray
[35m[1mScanning dependencies of target _cohan_msgs_generate_messages_check_deps_Trajectory[0m
[  0%] Built target _cohan_msgs_generate_messages_check_deps_AgentPathArray
[35m[1mScanning dependencies of target geometry_msgs_generate_messages_py[0m
[35m[1mScanning dependencies of target _cohan_msgs_generate_messages_check_deps_Predictions[0m
[35m[1mScanning dependencies of target _cohan_msgs_generate_messages_check_deps_PassageType[0m
[35m[1mScanning dependencies of target nav_msgs_generate_messages_py[0m
[35m[1mScanning dependencies of target _cohan_msgs_generate_messages_check_deps_PointArray[0m
[35m[1mScanning dependencies of target _cohan_msgs_generate_messages_check_deps_TrackedSegmentType[0m
[35m[1mScanning dependencies of target nav_msgs_generate_messages_lisp[0m
[35m[1mScanning dependencies of target std_msgs_generate_messages_lisp[0m
[35m[1mScanning dependencies of target _cohan_msgs_generate_messages_check_deps_GetTrajectory[0m
[35m[1mScanning dependencies of target _cohan_msgs_generate_messages_check_deps_AgentTimeToGoal[0m
[35m[1mScanning dependencies of target nav_msgs_generate_messages_cpp[0m
[35m[1mScanning dependencies of target std_msgs_generate_messages_cpp[0m
[35m[1mScanning dependencies of target geometry_msgs_generate_messages_lisp[0m
[35m[1mScanning dependencies of target geometry_msgs_generate_messages_cpp[0m
[  0%] Built target _cohan_msgs_generate_messages_check_deps_TrajectoryArray
[  0%] Built target nav_msgs_generate_messages_py
[  0%] Built target nav_msgs_generate_messages_lisp
[  0%] Built target geometry_msgs_generate_messages_py
[  0%] Built target geometry_msgs_generate_messages_lisp
[  0%] Built target std_msgs_generate_messages_lisp
[  0%] Built target geometry_msgs_generate_messages_cpp
[  0%] Built target std_msgs_generate_messages_cpp
[  0%] Built target nav_msgs_generate_messages_cpp
[35m[1mScanning dependencies of target nav_msgs_generate_messages_eus[0m
[35m[1mScanning dependencies of target std_msgs_generate_messages_eus[0m
[35m[1mScanning dependencies of target std_msgs_generate_messages_nodejs[0m
[35m[1mScanning dependencies of target geometry_msgs_generate_messages_eus[0m
[35m[1mScanning dependencies of target geometry_msgs_generate_messages_nodejs[0m
[35m[1mScanning dependencies of target nav_msgs_generate_messages_nodejs[0m
[  0%] Built target geometry_msgs_generate_messages_nodejs
[  0%] Built target std_msgs_generate_messages_nodejs
[  0%] Built target nav_msgs_generate_messages_eus
[  0%] Built target std_msgs_generate_messages_eus
[  0%] Built target geometry_msgs_generate_messages_eus
[  0%] Built target nav_msgs_generate_messages_nodejs
[  0%] Built target _cohan_msgs_generate_messages_check_deps_Trajectory
[  0%] Built target _cohan_msgs_generate_messages_check_deps_Predictions
[  0%] Built target _cohan_msgs_generate_messages_check_deps_PassageType
[  0%] Built target _cohan_msgs_generate_messages_check_deps_PointArray
[  0%] Built target _cohan_msgs_generate_messages_check_deps_TrackedSegmentType
[  0%] Built target _cohan_msgs_generate_messages_check_deps_AgentTimeToGoal
[  0%] Built target _cohan_msgs_generate_messages_check_deps_GetTrajectory
[35m[1mScanning dependencies of target cohan_msgs_generate_messages_eus[0m
[35m[1mScanning dependencies of target cohan_msgs_generate_messages_lisp[0m
[35m[1mScanning dependencies of target cohan_msgs_generate_messages_nodejs[0m
[35m[1mScanning dependencies of target cohan_msgs_generate_messages_py[0m
[35m[1mScanning dependencies of target cohan_msgs_generate_messages_cpp[0m
[  0%] [34m[1mGenerating EusLisp code from cohan_msgs/AgentPathArray.msg[0m
[  1%] [34m[1mGenerating Lisp code from cohan_msgs/AgentPath.msg[0m
[  3%] [34m[1mGenerating EusLisp code from cohan_msgs/AgentTimeToGoal.msg[0m
[  3%] [34m[1mGenerating Javascript code from cohan_msgs/AgentTimeToGoalArray.msg[0m
[  3%] [34m[1mGenerating Javascript code from cohan_msgs/AgentTimeToGoal.msg[0m
[  4%] [34m[1mGenerating Python from MSG cohan_msgs/AgentPathArray[0m
[  4%] [34m[1mGenerating Lisp code from cohan_msgs/AgentPathArray.msg[0m
[  5%] [34m[1mGenerating EusLisp code from cohan_msgs/AgentPath.msg[0m
[  6%] [34m[1mGenerating Javascript code from cohan_msgs/AgentPathArray.msg[0m
[  6%] [34m[1mGenerating C++ code from cohan_msgs/AgentPath.msg[0m
[  7%] [34m[1mGenerating Lisp code from cohan_msgs/AgentTimeToGoal.msg[0m
[  8%] [34m[1mGenerating Javascript code from cohan_msgs/AgentPath.msg[0m
[  9%] [34m[1mGenerating EusLisp code from cohan_msgs/AgentTimeToGoalArray.msg[0m
[ 10%] [34m[1mGenerating Lisp code from cohan_msgs/AgentTrajectory.msg[0m
[ 11%] [34m[1mGenerating Lisp code from cohan_msgs/AgentTimeToGoalArray.msg[0m
[ 12%] [34m[1mGenerating Python from MSG cohan_msgs/AgentPath[0m
[ 13%] [34m[1mGenerating C++ code from cohan_msgs/AgentPathArray.msg[0m
[ 15%] [34m[1mGenerating EusLisp code from cohan_msgs/AgentTrajectory.msg[0m
[ 16%] [34m[1mGenerating Lisp code from cohan_msgs/AgentTrajectoryArray.msg[0m
[ 17%] [34m[1mGenerating Javascript code from cohan_msgs/AgentTrajectoryArray.msg[0m
[ 18%] [34m[1mGenerating C++ code from cohan_msgs/AgentTimeToGoal.msg[0m
[ 19%] [34m[1mGenerating Javascript code from cohan_msgs/AgentTrajectory.msg[0m
[ 20%] [34m[1mGenerating Python from MSG cohan_msgs/AgentTimeToGoal[0m
[ 21%] [34m[1mGenerating C++ code from cohan_msgs/AgentTimeToGoalArray.msg[0m
[ 22%] [34m[1mGenerating Javascript code from cohan_msgs/AgentType.msg[0m
[ 22%] [34m[1mGenerating Javascript code from cohan_msgs/TrackedSegment.msg[0m
[ 22%] [34m[1mGenerating C++ code from cohan_msgs/AgentTrajectory.msg[0m
[ 22%] [34m[1mGenerating Lisp code from cohan_msgs/AgentType.msg[0m
[ 22%] [34m[1mGenerating Python from MSG cohan_msgs/AgentTimeToGoalArray[0m
[ 23%] [34m[1mGenerating Javascript code from cohan_msgs/TrackedAgent.msg[0m
[ 24%] [34m[1mGenerating EusLisp code from cohan_msgs/AgentTrajectoryArray.msg[0m
[ 24%] [34m[1mGenerating EusLisp code from cohan_msgs/AgentType.msg[0m
[ 25%] [34m[1mGenerating Javascript code from cohan_msgs/TrackedAgents.msg[0m
[ 26%] [34m[1mGenerating EusLisp code from cohan_msgs/TrackedSegment.msg[0m
[ 27%] [34m[1mGenerating EusLisp code from cohan_msgs/TrackedAgent.msg[0m
[ 29%] [34m[1mGenerating Lisp code from cohan_msgs/TrackedSegment.msg[0m
[ 31%] [34m[1mGenerating C++ code from cohan_msgs/AgentTrajectoryArray.msg[0m
[ 30%] [34m[1mGenerating Lisp code from cohan_msgs/TrackedAgent.msg[0m
[ 32%] [34m[1mGenerating Javascript code from cohan_msgs/TrackedSegmentType.msg[0m
[ 33%] [34m[1mGenerating Lisp code from cohan_msgs/TrackedAgents.msg[0m
[ 34%] [34m[1mGenerating Lisp code from cohan_msgs/TrackedSegmentType.msg[0m
[ 35%] [34m[1mGenerating Javascript code from cohan_msgs/Trajectory.msg[0m
[ 36%] [34m[1mGenerating EusLisp code from cohan_msgs/TrackedAgents.msg[0m
[ 37%] [34m[1mGenerating C++ code from cohan_msgs/TrackedSegment.msg[0m
[ 38%] [34m[1mGenerating C++ code from cohan_msgs/AgentType.msg[0m
[ 38%] [34m[1mGenerating Javascript code from cohan_msgs/TrajectoryStamped.msg[0m
[ 38%] [34m[1mGenerating Lisp code from cohan_msgs/Trajectory.msg[0m
[ 39%] [34m[1mGenerating Python from MSG cohan_msgs/AgentTrajectory[0m
[ 40%] [34m[1mGenerating Lisp code from cohan_msgs/TrajectoryStamped.msg[0m
[ 40%] [34m[1mGenerating EusLisp code from cohan_msgs/TrackedSegmentType.msg[0m
[ 41%] [34m[1mGenerating Javascript code from cohan_msgs/TrajectoryArray.msg[0m
[ 43%] [34m[1mGenerating Lisp code from cohan_msgs/TrajectoryArray.msg[0m
[ 44%] [34m[1mGenerating Python from MSG cohan_msgs/AgentTrajectoryArray[0m
[ 45%] [34m[1mGenerating Lisp code from cohan_msgs/TrajectoryPoint.msg[0m
[ 46%] [34m[1mGenerating Python from MSG cohan_msgs/AgentType[0m
[ 47%] [34m[1mGenerating EusLisp code from cohan_msgs/Trajectory.msg[0m
[ 48%] [34m[1mGenerating EusLisp code from cohan_msgs/TrajectoryStamped.msg[0m
[ 49%] [34m[1mGenerating Python from MSG cohan_msgs/TrackedSegment[0m
[ 49%] [34m[1mGenerating Python from MSG cohan_msgs/TrackedAgent[0m
[ 50%] [34m[1mGenerating C++ code from cohan_msgs/TrackedAgent.msg[0m
[ 51%] [34m[1mGenerating EusLisp code from cohan_msgs/TrajectoryArray.msg[0m
[ 52%] [34m[1mGenerating EusLisp code from cohan_msgs/TrajectoryPoint.msg[0m
[ 52%] [34m[1mGenerating C++ code from cohan_msgs/TrackedAgents.msg[0m
[ 53%] [34m[1mGenerating Javascript code from cohan_msgs/TrajectoryPoint.msg[0m
[ 54%] [34m[1mGenerating Lisp code from cohan_msgs/StateArray.msg[0m
[ 55%] [34m[1mGenerating Python from MSG cohan_msgs/TrackedAgents[0m
[ 55%] [34m[1mGenerating Lisp code from cohan_msgs/AgentMarker.msg[0m
[ 55%] [34m[1mGenerating EusLisp code from cohan_msgs/StateArray.msg[0m
[ 56%] [34m[1mGenerating Python from MSG cohan_msgs/TrackedSegmentType[0m
[ 58%] [34m[1mGenerating C++ code from cohan_msgs/TrackedSegmentType.msg[0m
[ 59%] [34m[1mGenerating Lisp code from cohan_msgs/AgentMarkerStamped.msg[0m
[ 60%] [34m[1mGenerating Python from MSG cohan_msgs/Trajectory[0m
[ 61%] [34m[1mGenerating Javascript code from cohan_msgs/StateArray.msg[0m
[ 62%] [34m[1mGenerating Python from MSG cohan_msgs/TrajectoryStamped[0m
[ 63%] [34m[1mGenerating EusLisp code from cohan_msgs/AgentMarker.msg[0m
[ 63%] [34m[1mGenerating Python from MSG cohan_msgs/TrajectoryArray[0m
[ 64%] [34m[1mGenerating C++ code from cohan_msgs/Trajectory.msg[0m
[ 65%] [34m[1mGenerating Lisp code from cohan_msgs/PointArray.msg[0m
[ 66%] [34m[1mGenerating Javascript code from cohan_msgs/AgentMarker.msg[0m
[ 67%] [34m[1mGenerating Lisp code from cohan_msgs/PassageType.msg[0m
[ 67%] [34m[1mGenerating Javascript code from cohan_msgs/AgentMarkerStamped.msg[0m
[ 68%] [34m[1mGenerating C++ code from cohan_msgs/TrajectoryStamped.msg[0m
[ 69%] [34m[1mGenerating Javascript code from cohan_msgs/PointArray.msg[0m
[ 70%] [34m[1mGenerating C++ code from cohan_msgs/TrajectoryArray.msg[0m
[ 72%] [34m[1mGenerating EusLisp code from cohan_msgs/AgentMarkerStamped.msg[0m
[ 72%] [34m[1mGenerating Lisp code from cohan_msgs/Predictions.msg[0m
[ 73%] [34m[1mGenerating C++ code from cohan_msgs/StateArray.msg[0m
[ 73%] [34m[1mGenerating C++ code from cohan_msgs/TrajectoryPoint.msg[0m
[ 74%] [34m[1mGenerating EusLisp code from cohan_msgs/PointArray.msg[0m
[ 75%] [34m[1mGenerating Javascript code from cohan_msgs/PassageType.msg[0m
[ 76%] [34m[1mGenerating Python from MSG cohan_msgs/TrajectoryPoint[0m
[ 78%] [34m[1mGenerating C++ code from cohan_msgs/AgentMarker.msg[0m
[ 78%] [34m[1mGenerating EusLisp code from cohan_msgs/PassageType.msg[0m
[ 79%] [34m[1mGenerating Javascript code from cohan_msgs/Predictions.msg[0m
[ 80%] [34m[1mGenerating Javascript code from cohan_msgs/Optimize.srv[0m
[ 81%] [34m[1mGenerating Lisp code from cohan_msgs/Optimize.srv[0m
[ 82%] [34m[1mGenerating Lisp code from cohan_msgs/GetTrajectory.srv[0m
[ 83%] [34m[1mGenerating Python from MSG cohan_msgs/StateArray[0m
[ 82%] [34m[1mGenerating EusLisp code from cohan_msgs/Predictions.msg[0m
[ 84%] [34m[1mGenerating C++ code from cohan_msgs/AgentMarkerStamped.msg[0m
[ 86%] [34m[1mGenerating EusLisp code from cohan_msgs/Optimize.srv[0m
[ 87%] [34m[1mGenerating C++ code from cohan_msgs/PointArray.msg[0m
[ 88%] [34m[1mGenerating Python from MSG cohan_msgs/AgentMarker[0m
[ 89%] [34m[1mGenerating Python from MSG cohan_msgs/AgentMarkerStamped[0m
[ 89%] [34m[1mGenerating C++ code from cohan_msgs/PassageType.msg[0m
[ 90%] [34m[1mGenerating EusLisp code from cohan_msgs/GetTrajectory.srv[0m
[ 90%] [34m[1mGenerating Javascript code from cohan_msgs/GetTrajectory.srv[0m
[ 91%] [34m[1mGenerating EusLisp manifest code for cohan_msgs[0m
[ 92%] [34m[1mGenerating C++ code from cohan_msgs/Predictions.msg[0m
[ 92%] Built target cohan_msgs_generate_messages_lisp
[ 92%] [34m[1mGenerating Python from MSG cohan_msgs/PointArray[0m
[ 93%] [34m[1mGenerating C++ code from cohan_msgs/Optimize.srv[0m
[ 94%] [34m[1mGenerating C++ code from cohan_msgs/GetTrajectory.srv[0m
[ 95%] [34m[1mGenerating Python from MSG cohan_msgs/PassageType[0m
[ 95%] Built target cohan_msgs_generate_messages_nodejs
[ 96%] [34m[1mGenerating Python code from SRV cohan_msgs/Optimize[0m
[ 97%] [34m[1mGenerating Python from MSG cohan_msgs/Predictions[0m
[ 98%] [34m[1mGenerating Python code from SRV cohan_msgs/GetTrajectory[0m
[ 98%] Built target cohan_msgs_generate_messages_cpp
[ 98%] [34m[1mGenerating Python msg __init__.py for cohan_msgs[0m
[100%] [34m[1mGenerating Python srv __init__.py for cohan_msgs[0m
[100%] Built target cohan_msgs_generate_messages_py
[100%] Built target cohan_msgs_generate_messages_eus
[35m[1mScanning dependencies of target cohan_msgs_generate_messages[0m
[100%] Built target cohan_msgs_generate_messages
