Not searching for unused variables given on the command line.
[36m--[0m The C compiler identification is GNU 11.4.0
[36m--[0m The CXX compiler identification is GNU 11.4.0
[36m--[0m Check for working C compiler: /usr/bin/cc
[36m--[0m Check for working C compiler: /usr/bin/cc -- works
[36m--[0m Detecting C compiler ABI info
[36m--[0m Detecting C compiler ABI info - done
[36m--[0m Detecting C compile features
[36m--[0m Detecting C compile features - done
[36m--[0m Check for working CXX compiler: /usr/bin/c++
[36m--[0m Check for working CXX compiler: /usr/bin/c++ -- works
[36m--[0m Detecting CXX compiler ABI info
[36m--[0m Detecting CXX compiler ABI info - done
[36m--[0m Detecting CXX compile features
[36m--[0m Detecting CXX compile features - done
[36m--[0m Using CATKIN_DEVEL_PREFIX: /home/shari/cohan2_ws/devel/.private/hateb_local_planner
[36m--[0m Using CMAKE_PREFIX_PATH: /home/shari/cohan2_ws/devel;/home/shari/cohan_multi_ws/devel;/opt/ros/noetic
[36m--[0m This workspace overlays: /home/shari/cohan2_ws/devel;/home/shari/cohan_multi_ws/devel;/opt/ros/noetic
[36m--[0m Found PythonInterp: /usr/bin/python3 (found suitable version "3.8.10", minimum required is "3")
[36m--[0m Using PYTHON_EXECUTABLE: /usr/bin/python3
[36m--[0m Using Debian Python package layout
[36m--[0m Found PY_em: /usr/lib/python3/dist-packages/em.py
[36m--[0m Using empy: /usr/lib/python3/dist-packages/em.py
[36m--[0m Using CATKIN_ENABLE_TESTING: ON
[36m--[0m Call enable_testing()
[36m--[0m Using CATKIN_TEST_RESULTS_DIR: /home/shari/cohan2_ws/build/hateb_local_planner/test_results
[36m--[0m Forcing gtest/gmock from source, though one was otherwise available.
[36m--[0m Found gtest sources under '/usr/src/googletest': gtests will be built
[36m--[0m Found gmock sources under '/usr/src/googletest': gmock will be built
[36m--[0m Found PythonInterp: /usr/bin/python3 (found version "3.8.10")
[36m--[0m Found Threads: TRUE
[36m--[0m Using Python nosetests: /usr/bin/nosetests3
[36m--[0m catkin 0.8.12
[36m--[0m BUILD_SHARED_LIBS is on
[36m--[0m Using these message generators: gencpp;geneus;genlisp;gennodejs;genpy
[36m--[0m System: Linux-6.6.87.2-microsoft-standard-WSL2
[36m--[0m /opt/ros/noetic/share/cmake_modules/cmake/../../../share/cmake_modules/cmake/Modules;/home/shari/cohan2_ws/src/CoHAN2.0/src/hateb_local_planner/cmake_modules
[36m--[0m Found Boost: /usr/lib/x86_64-linux-gnu/cmake/Boost-1.71.0/BoostConfig.cmake (found version "1.71.0") found components: system thread graph
[36m--[0m Found SuiteSparse
[36m--[0m Searching for g2o ...
[36m--[0m Found g2o headers in: /home/shari/cohan2_ws/src/CoHAN2.0/src/3rdparty/g2o/include
[36m--[0m Found libg2o: /home/shari/cohan2_ws/src/CoHAN2.0/src/3rdparty/g2o/lib/libg2o_csparse_extension.so;/home/shari/cohan2_ws/src/CoHAN2.0/src/3rdparty/g2o/lib/libg2o_core.so;/home/shari/cohan2_ws/src/CoHAN2.0/src/3rdparty/g2o/lib/libg2o_stuff.so;/home/shari/cohan2_ws/src/CoHAN2.0/src/3rdparty/g2o/lib/libg2o_types_slam2d.so;/home/shari/cohan2_ws/src/CoHAN2.0/src/3rdparty/g2o/lib/libg2o_types_slam3d.so;/home/shari/cohan2_ws/src/CoHAN2.0/src/3rdparty/g2o/lib/libg2o_solver_cholmod.so;/home/shari/cohan2_ws/src/CoHAN2.0/src/3rdparty/g2o/lib/libg2o_solver_pcg.so;/home/shari/cohan2_ws/src/CoHAN2.0/src/3rdparty/g2o/lib/libg2o_solver_csparse.so;/home/shari/cohan2_ws/src/CoHAN2.0/src/3rdparty/g2o/lib/libg2o_incremental.so
[36m--[0m Performing Test COMPILER_SUPPORTS_CXX17
[36m--[0m Performing Test COMPILER_SUPPORTS_CXX17 - Success
[36m--[0m Performing Test COMPILER_SUPPORTS_CXX0X
[36m--[0m Performing Test COMPILER_SUPPORTS_CXX0X - Success
[36m--[0m hateb_local_planner: 5 messages, 0 services
[36m--[0m Configuring done
[36m--[0m Generating done
[36m--[0m Build files have been written to: /home/shari/cohan2_ws/build/hateb_local_planner
