Symlinking /home/shari/cohan2_ws/devel/include/hateb_local_planner/ObstacleMsg.h
Symlinking /home/shari/cohan2_ws/devel/include/hateb_local_planner/OptimizationCost.h
Symlinking /home/shari/cohan2_ws/devel/include/hateb_local_planner/PlanningMode.h
Symlinking /home/shari/cohan2_ws/devel/include/hateb_local_planner/OptimizationCostArray.h
Symlinking /home/shari/cohan2_ws/devel/include/hateb_local_planner/FeedbackMsg.h
Symlinking /home/shari/cohan2_ws/devel/include/hateb_local_planner/HATebLocalPlannerReconfigureConfig.h
Symlinking /home/shari/cohan2_ws/devel/lib/libhateb_local_planner.so
Symlinking /home/shari/cohan2_ws/devel/lib/python3/dist-packages/hateb_local_planner/__init__.py
Symlinking /home/shari/cohan2_ws/devel/lib/python3/dist-packages/hateb_local_planner/msg/__init__.py
Symlinking /home/shari/cohan2_ws/devel/lib/python3/dist-packages/hateb_local_planner/msg/_ObstacleMsg.py
Symlinking /home/shari/cohan2_ws/devel/lib/python3/dist-packages/hateb_local_planner/msg/_OptimizationCost.py
Symlinking /home/shari/cohan2_ws/devel/lib/python3/dist-packages/hateb_local_planner/msg/_FeedbackMsg.py
Symlinking /home/shari/cohan2_ws/devel/lib/python3/dist-packages/hateb_local_planner/msg/_OptimizationCostArray.py
Symlinking /home/shari/cohan2_ws/devel/lib/python3/dist-packages/hateb_local_planner/msg/_PlanningMode.py
Symlinking /home/shari/cohan2_ws/devel/lib/python3/dist-packages/hateb_local_planner/cfg/HATebLocalPlannerReconfigureConfig.py
Symlinking /home/shari/cohan2_ws/devel/lib/python3/dist-packages/hateb_local_planner/cfg/__init__.py
Symlinking /home/shari/cohan2_ws/devel/lib/pkgconfig/hateb_local_planner.pc
Symlinking /home/shari/cohan2_ws/devel/share/gennodejs/ros/hateb_local_planner/_index.js
Symlinking /home/shari/cohan2_ws/devel/share/gennodejs/ros/hateb_local_planner/msg/_index.js
Symlinking /home/shari/cohan2_ws/devel/share/gennodejs/ros/hateb_local_planner/msg/OptimizationCost.js
Symlinking /home/shari/cohan2_ws/devel/share/gennodejs/ros/hateb_local_planner/msg/OptimizationCostArray.js
Symlinking /home/shari/cohan2_ws/devel/share/gennodejs/ros/hateb_local_planner/msg/ObstacleMsg.js
Symlinking /home/shari/cohan2_ws/devel/share/gennodejs/ros/hateb_local_planner/msg/PlanningMode.js
Symlinking /home/shari/cohan2_ws/devel/share/gennodejs/ros/hateb_local_planner/msg/FeedbackMsg.js
Symlinking /home/shari/cohan2_ws/devel/share/roseus/ros/hateb_local_planner/manifest.l
Symlinking /home/shari/cohan2_ws/devel/share/roseus/ros/hateb_local_planner/msg/FeedbackMsg.l
Symlinking /home/shari/cohan2_ws/devel/share/roseus/ros/hateb_local_planner/msg/OptimizationCost.l
Symlinking /home/shari/cohan2_ws/devel/share/roseus/ros/hateb_local_planner/msg/OptimizationCostArray.l
Symlinking /home/shari/cohan2_ws/devel/share/roseus/ros/hateb_local_planner/msg/PlanningMode.l
Symlinking /home/shari/cohan2_ws/devel/share/roseus/ros/hateb_local_planner/msg/ObstacleMsg.l
Symlinking /home/shari/cohan2_ws/devel/share/hateb_local_planner/docs/HATebLocalPlannerReconfigureConfig.wikidoc
Symlinking /home/shari/cohan2_ws/devel/share/hateb_local_planner/docs/HATebLocalPlannerReconfigureConfig.dox
Symlinking /home/shari/cohan2_ws/devel/share/hateb_local_planner/docs/HATebLocalPlannerReconfigureConfig-usage.dox
Symlinking /home/shari/cohan2_ws/devel/share/hateb_local_planner/cmake/hateb_local_planner-msg-paths.cmake
Symlinking /home/shari/cohan2_ws/devel/share/hateb_local_planner/cmake/hateb_local_plannerConfig.cmake
Symlinking /home/shari/cohan2_ws/devel/share/hateb_local_planner/cmake/hateb_local_planner-msg-extras.cmake
Symlinking /home/shari/cohan2_ws/devel/share/hateb_local_planner/cmake/hateb_local_plannerConfig-version.cmake
Symlinking /home/shari/cohan2_ws/devel/share/common-lisp/ros/hateb_local_planner/msg/FeedbackMsg.lisp
Symlinking /home/shari/cohan2_ws/devel/share/common-lisp/ros/hateb_local_planner/msg/hateb_local_planner-msg.asd
Symlinking /home/shari/cohan2_ws/devel/share/common-lisp/ros/hateb_local_planner/msg/_package_FeedbackMsg.lisp
Symlinking /home/shari/cohan2_ws/devel/share/common-lisp/ros/hateb_local_planner/msg/PlanningMode.lisp
Symlinking /home/shari/cohan2_ws/devel/share/common-lisp/ros/hateb_local_planner/msg/_package_OptimizationCost.lisp
Symlinking /home/shari/cohan2_ws/devel/share/common-lisp/ros/hateb_local_planner/msg/_package_OptimizationCostArray.lisp
Symlinking /home/shari/cohan2_ws/devel/share/common-lisp/ros/hateb_local_planner/msg/_package_PlanningMode.lisp
Symlinking /home/shari/cohan2_ws/devel/share/common-lisp/ros/hateb_local_planner/msg/OptimizationCost.lisp
Symlinking /home/shari/cohan2_ws/devel/share/common-lisp/ros/hateb_local_planner/msg/ObstacleMsg.lisp
Symlinking /home/shari/cohan2_ws/devel/share/common-lisp/ros/hateb_local_planner/msg/_package.lisp
Symlinking /home/shari/cohan2_ws/devel/share/common-lisp/ros/hateb_local_planner/msg/_package_ObstacleMsg.lisp
Symlinking /home/shari/cohan2_ws/devel/share/common-lisp/ros/hateb_local_planner/msg/OptimizationCostArray.lisp
