Performing C SOURCE FILE Test CMAKE_HAVE_LIBC_PTHREAD failed with the following output:
Change Dir: /home/shari/cohan_multi_ws/build/pr2_gazebo_plugins/CMakeFiles/CMakeTmp

Run Build Command(s):/usr/bin/make cmTC_6dca1/fast && /usr/bin/make -f CMakeFiles/cmTC_6dca1.dir/build.make CMakeFiles/cmTC_6dca1.dir/build
make[1]: Entering directory '/home/shari/cohan_multi_ws/build/pr2_gazebo_plugins/CMakeFiles/CMakeTmp'
Building C object CMakeFiles/cmTC_6dca1.dir/src.c.o
/usr/bin/cc   -DCMAKE_HAVE_LIBC_PTHREAD   -o CMakeFiles/cmTC_6dca1.dir/src.c.o   -c /home/shari/cohan_multi_ws/build/pr2_gazebo_plugins/CMakeFiles/CMakeTmp/src.c
Linking C executable cmTC_6dca1
/usr/bin/cmake -E cmake_link_script CMakeFiles/cmTC_6dca1.dir/link.txt --verbose=1
/usr/bin/cc  -DCMAKE_HAVE_LIBC_PTHREAD    -rdynamic CMakeFiles/cmTC_6dca1.dir/src.c.o  -o cmTC_6dca1 
/usr/bin/ld: CMakeFiles/cmTC_6dca1.dir/src.c.o: in function `main':
src.c:(.text+0x46): undefined reference to `pthread_create'
/usr/bin/ld: src.c:(.text+0x52): undefined reference to `pthread_detach'
/usr/bin/ld: src.c:(.text+0x63): undefined reference to `pthread_join'
collect2: error: ld returned 1 exit status
make[1]: *** [CMakeFiles/cmTC_6dca1.dir/build.make:87: cmTC_6dca1] Error 1
make[1]: Leaving directory '/home/shari/cohan_multi_ws/build/pr2_gazebo_plugins/CMakeFiles/CMakeTmp'
make: *** [Makefile:121: cmTC_6dca1/fast] Error 2


Source file was:
#include <pthread.h>

void* test_func(void* data)
{
  return data;
}

int main(void)
{
  pthread_t thread;
  pthread_create(&thread, NULL, test_func, NULL);
  pthread_detach(thread);
  pthread_join(thread, NULL);
  pthread_atfork(NULL, NULL, NULL);
  pthread_exit(NULL);

  return 0;
}

Determining if the function pthread_create exists in the pthreads failed with the following output:
Change Dir: /home/shari/cohan_multi_ws/build/pr2_gazebo_plugins/CMakeFiles/CMakeTmp

Run Build Command(s):/usr/bin/make cmTC_dc2f5/fast && /usr/bin/make -f CMakeFiles/cmTC_dc2f5.dir/build.make CMakeFiles/cmTC_dc2f5.dir/build
make[1]: Entering directory '/home/shari/cohan_multi_ws/build/pr2_gazebo_plugins/CMakeFiles/CMakeTmp'
Building C object CMakeFiles/cmTC_dc2f5.dir/CheckFunctionExists.c.o
/usr/bin/cc   -DCHECK_FUNCTION_EXISTS=pthread_create   -o CMakeFiles/cmTC_dc2f5.dir/CheckFunctionExists.c.o   -c /usr/share/cmake-3.16/Modules/CheckFunctionExists.c
Linking C executable cmTC_dc2f5
/usr/bin/cmake -E cmake_link_script CMakeFiles/cmTC_dc2f5.dir/link.txt --verbose=1
/usr/bin/cc  -DCHECK_FUNCTION_EXISTS=pthread_create    -rdynamic CMakeFiles/cmTC_dc2f5.dir/CheckFunctionExists.c.o  -o cmTC_dc2f5  -lpthreads 
/usr/bin/ld: cannot find -lpthreads
collect2: error: ld returned 1 exit status
make[1]: *** [CMakeFiles/cmTC_dc2f5.dir/build.make:87: cmTC_dc2f5] Error 1
make[1]: Leaving directory '/home/shari/cohan_multi_ws/build/pr2_gazebo_plugins/CMakeFiles/CMakeTmp'
make: *** [Makefile:121: cmTC_dc2f5/fast] Error 2



Performing C SOURCE FILE Test CMAKE_HAVE_LIBC_PTHREAD failed with the following output:
Change Dir: /home/shari/cohan_multi_ws/build/pr2_gazebo_plugins/CMakeFiles/CMakeTmp

Run Build Command(s):/usr/bin/make cmTC_bcc99/fast && /usr/bin/make -f CMakeFiles/cmTC_bcc99.dir/build.make CMakeFiles/cmTC_bcc99.dir/build
make[1]: Entering directory '/home/shari/cohan_multi_ws/build/pr2_gazebo_plugins/CMakeFiles/CMakeTmp'
Building C object CMakeFiles/cmTC_bcc99.dir/src.c.o
/usr/bin/cc   -DCMAKE_HAVE_LIBC_PTHREAD   -o CMakeFiles/cmTC_bcc99.dir/src.c.o   -c /home/shari/cohan_multi_ws/build/pr2_gazebo_plugins/CMakeFiles/CMakeTmp/src.c
Linking C executable cmTC_bcc99
/usr/bin/cmake -E cmake_link_script CMakeFiles/cmTC_bcc99.dir/link.txt --verbose=1
/usr/bin/cc  -DCMAKE_HAVE_LIBC_PTHREAD    -rdynamic CMakeFiles/cmTC_bcc99.dir/src.c.o  -o cmTC_bcc99 
/usr/bin/ld: CMakeFiles/cmTC_bcc99.dir/src.c.o: in function `main':
src.c:(.text+0x46): undefined reference to `pthread_create'
/usr/bin/ld: src.c:(.text+0x52): undefined reference to `pthread_detach'
/usr/bin/ld: src.c:(.text+0x63): undefined reference to `pthread_join'
collect2: error: ld returned 1 exit status
make[1]: *** [CMakeFiles/cmTC_bcc99.dir/build.make:87: cmTC_bcc99] Error 1
make[1]: Leaving directory '/home/shari/cohan_multi_ws/build/pr2_gazebo_plugins/CMakeFiles/CMakeTmp'
make: *** [Makefile:121: cmTC_bcc99/fast] Error 2


Source file was:
#include <pthread.h>

void* test_func(void* data)
{
  return data;
}

int main(void)
{
  pthread_t thread;
  pthread_create(&thread, NULL, test_func, NULL);
  pthread_detach(thread);
  pthread_join(thread, NULL);
  pthread_atfork(NULL, NULL, NULL);
  pthread_exit(NULL);

  return 0;
}

Determining if the function pthread_create exists in the pthreads failed with the following output:
Change Dir: /home/shari/cohan_multi_ws/build/pr2_gazebo_plugins/CMakeFiles/CMakeTmp

Run Build Command(s):/usr/bin/make cmTC_2c6db/fast && /usr/bin/make -f CMakeFiles/cmTC_2c6db.dir/build.make CMakeFiles/cmTC_2c6db.dir/build
make[1]: Entering directory '/home/shari/cohan_multi_ws/build/pr2_gazebo_plugins/CMakeFiles/CMakeTmp'
Building C object CMakeFiles/cmTC_2c6db.dir/CheckFunctionExists.c.o
/usr/bin/cc   -DCHECK_FUNCTION_EXISTS=pthread_create   -o CMakeFiles/cmTC_2c6db.dir/CheckFunctionExists.c.o   -c /usr/share/cmake-3.16/Modules/CheckFunctionExists.c
Linking C executable cmTC_2c6db
/usr/bin/cmake -E cmake_link_script CMakeFiles/cmTC_2c6db.dir/link.txt --verbose=1
/usr/bin/cc  -DCHECK_FUNCTION_EXISTS=pthread_create    -rdynamic CMakeFiles/cmTC_2c6db.dir/CheckFunctionExists.c.o  -o cmTC_2c6db  -lpthreads 
/usr/bin/ld: cannot find -lpthreads
collect2: error: ld returned 1 exit status
make[1]: *** [CMakeFiles/cmTC_2c6db.dir/build.make:87: cmTC_2c6db] Error 1
make[1]: Leaving directory '/home/shari/cohan_multi_ws/build/pr2_gazebo_plugins/CMakeFiles/CMakeTmp'
make: *** [Makefile:121: cmTC_2c6db/fast] Error 2



