[35m[1mScanning dependencies of target lexy_file[0m
[  0%] [32mBuilding CXX object 3rdparty/lexy/src/CMakeFiles/lexy_file.dir/input/file.cpp.o[0m
[  1%] [32m[1mLinking CXX static library /home/shari/cohan2_ws/devel/.private/behaviortree_cpp/lib/liblexy_file.a[0m
[  1%] Built target lexy_file
[35m[1mScanning dependencies of target behaviortree_cpp[0m
[  4%] [32mBuilding CXX object CMakeFiles/behaviortree_cpp.dir/src/decorator_node.cpp.o[0m
[  4%] [32mBuilding CXX object CMakeFiles/behaviortree_cpp.dir/src/bt_factory.cpp.o[0m
[  5%] [32mBuilding CXX object CMakeFiles/behaviortree_cpp.dir/src/control_node.cpp.o[0m
[  5%] [32mBuilding CXX object CMakeFiles/behaviortree_cpp.dir/src/action_node.cpp.o[0m
[  6%] [32mBuilding CXX object CMakeFiles/behaviortree_cpp.dir/src/tree_node.cpp.o[0m
[  8%] [32mBuilding CXX object CMakeFiles/behaviortree_cpp.dir/src/shared_library.cpp.o[0m
[  8%] [32mBuilding CXX object CMakeFiles/behaviortree_cpp.dir/src/condition_node.cpp.o[0m
[  8%] [32mBuilding CXX object CMakeFiles/behaviortree_cpp.dir/src/blackboard.cpp.o[0m
[  9%] [32mBuilding CXX object CMakeFiles/behaviortree_cpp.dir/src/basic_types.cpp.o[0m
[ 10%] [32mBuilding CXX object CMakeFiles/behaviortree_cpp.dir/src/behavior_tree.cpp.o[0m
[ 10%] [32mBuilding CXX object CMakeFiles/behaviortree_cpp.dir/src/actions/test_node.cpp.o[0m
[ 12%] [32mBuilding CXX object CMakeFiles/behaviortree_cpp.dir/src/xml_parsing.cpp.o[0m
[ 13%] [32mBuilding CXX object CMakeFiles/behaviortree_cpp.dir/src/json_export.cpp.o[0m
[ 14%] [32mBuilding CXX object CMakeFiles/behaviortree_cpp.dir/src/actions/sleep_node.cpp.o[0m
[ 14%] [32mBuilding CXX object CMakeFiles/behaviortree_cpp.dir/src/script_parser.cpp.o[0m
[ 16%] [32mBuilding CXX object CMakeFiles/behaviortree_cpp.dir/src/actions/updated_action.cpp.o[0m
[ 16%] [32mBuilding CXX object CMakeFiles/behaviortree_cpp.dir/src/decorators/delay_node.cpp.o[0m
[ 17%] [32mBuilding CXX object CMakeFiles/behaviortree_cpp.dir/src/decorators/inverter_node.cpp.o[0m
[ 18%] [32mBuilding CXX object CMakeFiles/behaviortree_cpp.dir/src/decorators/repeat_node.cpp.o[0m
[ 20%] [32mBuilding CXX object CMakeFiles/behaviortree_cpp.dir/src/decorators/retry_node.cpp.o[0m
[ 20%] [32mBuilding CXX object CMakeFiles/behaviortree_cpp.dir/src/decorators/subtree_node.cpp.o[0m
[ 21%] [32mBuilding CXX object CMakeFiles/behaviortree_cpp.dir/src/decorators/timeout_node.cpp.o[0m
[ 22%] [32mBuilding CXX object CMakeFiles/behaviortree_cpp.dir/src/decorators/updated_decorator.cpp.o[0m
[ 22%] [32mBuilding CXX object CMakeFiles/behaviortree_cpp.dir/src/controls/if_then_else_node.cpp.o[0m
[ 24%] [32mBuilding CXX object CMakeFiles/behaviortree_cpp.dir/src/controls/fallback_node.cpp.o[0m
[ 25%] [32mBuilding CXX object CMakeFiles/behaviortree_cpp.dir/src/controls/parallel_node.cpp.o[0m
[ 26%] [32mBuilding CXX object CMakeFiles/behaviortree_cpp.dir/src/controls/parallel_all_node.cpp.o[0m
[ 26%] [32mBuilding CXX object CMakeFiles/behaviortree_cpp.dir/src/controls/reactive_sequence.cpp.o[0m
[ 28%] [32mBuilding CXX object CMakeFiles/behaviortree_cpp.dir/src/controls/reactive_fallback.cpp.o[0m
[ 29%] [32mBuilding CXX object CMakeFiles/behaviortree_cpp.dir/src/controls/sequence_node.cpp.o[0m
[ 29%] [32mBuilding CXX object CMakeFiles/behaviortree_cpp.dir/src/controls/sequence_with_memory_node.cpp.o[0m
[ 30%] [32mBuilding CXX object CMakeFiles/behaviortree_cpp.dir/src/controls/switch_node.cpp.o[0m
[ 32%] [32mBuilding CXX object CMakeFiles/behaviortree_cpp.dir/src/controls/while_do_else_node.cpp.o[0m
[ 32%] [32mBuilding CXX object CMakeFiles/behaviortree_cpp.dir/src/loggers/bt_cout_logger.cpp.o[0m
[ 33%] [32mBuilding CXX object CMakeFiles/behaviortree_cpp.dir/src/loggers/bt_file_logger_v2.cpp.o[0m
[ 34%] [32mBuilding CXX object CMakeFiles/behaviortree_cpp.dir/src/loggers/bt_minitrace_logger.cpp.o[0m
[ 36%] [32mBuilding CXX object CMakeFiles/behaviortree_cpp.dir/src/loggers/bt_observer.cpp.o[0m
[ 36%] [32mBuilding CXX object CMakeFiles/behaviortree_cpp.dir/3rdparty/tinyxml2/tinyxml2.cpp.o[0m
[ 37%] [32mBuilding CXX object CMakeFiles/behaviortree_cpp.dir/3rdparty/minitrace/minitrace.cpp.o[0m
[ 38%] [32mBuilding CXX object CMakeFiles/behaviortree_cpp.dir/src/loggers/groot2_publisher.cpp.o[0m
[ 38%] [32mBuilding CXX object CMakeFiles/behaviortree_cpp.dir/src/loggers/bt_sqlite_logger.cpp.o[0m
[ 40%] [32mBuilding CXX object CMakeFiles/behaviortree_cpp.dir/src/shared_library_UNIX.cpp.o[0m
[ 41%] [32m[1mLinking CXX shared library /home/shari/cohan2_ws/devel/.private/behaviortree_cpp/lib/libbehaviortree_cpp.so[0m
[ 41%] Built target behaviortree_cpp
[35m[1mScanning dependencies of target test_plugin_action[0m
[35m[1mScanning dependencies of target bt4_log_cat[0m
[35m[1mScanning dependencies of target crossdoor_nodes_dyn[0m
[35m[1mScanning dependencies of target bt_sample_nodes[0m
[35m[1mScanning dependencies of target movebase_node_dyn[0m
[35m[1mScanning dependencies of target test_plugin_executor[0m
[35m[1mScanning dependencies of target t01_first_tree_dynamic[0m
[35m[1mScanning dependencies of target dummy_nodes_dyn[0m
[35m[1mScanning dependencies of target bt4_plugin_manifest[0m
[ 42%] [32mBuilding CXX object tools/CMakeFiles/bt4_log_cat.dir/bt_log_cat.cpp.o[0m
[ 45%] [32mBuilding CXX object sample_nodes/CMakeFiles/bt_sample_nodes.dir/dummy_nodes.cpp.o[0m
[ 45%] [32mBuilding CXX object examples/CMakeFiles/test_plugin_executor.dir/plugin_example/plugin_executor.cpp.o[0m
[ 45%] [32mBuilding CXX object examples/CMakeFiles/test_plugin_action.dir/plugin_example/plugin_action.cpp.o[0m
[ 46%] [32mBuilding CXX object sample_nodes/CMakeFiles/crossdoor_nodes_dyn.dir/crossdoor_nodes.cpp.o[0m
[ 46%] [32mBuilding CXX object sample_nodes/CMakeFiles/bt_sample_nodes.dir/crossdoor_nodes.cpp.o[0m
[ 46%] [32mBuilding CXX object examples/CMakeFiles/t01_first_tree_dynamic.dir/t01_build_your_first_tree.cpp.o[0m
[ 48%] [32mBuilding CXX object sample_nodes/CMakeFiles/movebase_node_dyn.dir/movebase_node.cpp.o[0m
[ 49%] [32mBuilding CXX object sample_nodes/CMakeFiles/dummy_nodes_dyn.dir/dummy_nodes.cpp.o[0m
[ 50%] [32mBuilding CXX object sample_nodes/CMakeFiles/bt_sample_nodes.dir/movebase_node.cpp.o[0m
[ 52%] [32mBuilding CXX object tools/CMakeFiles/bt4_plugin_manifest.dir/bt_plugin_manifest.cpp.o[0m
[ 52%] [32m[1mLinking CXX executable /home/shari/cohan2_ws/devel/.private/behaviortree_cpp/lib/behaviortree_cpp/bt4_log_cat[0m
[ 52%] Built target bt4_log_cat
[ 53%] [32m[1mLinking CXX executable /home/shari/cohan2_ws/devel/.private/behaviortree_cpp/lib/behaviortree_cpp/t01_first_tree_dynamic[0m
[ 54%] [32m[1mLinking CXX shared library bin/libcrossdoor_nodes_dyn.so[0m
[ 57%] [32m[1mLinking CXX executable /home/shari/cohan2_ws/devel/.private/behaviortree_cpp/lib/behaviortree_cpp/bt4_plugin_manifest[0m
[ 57%] [32m[1mLinking CXX executable /home/shari/cohan2_ws/devel/.private/behaviortree_cpp/lib/behaviortree_cpp/test_plugin_executor[0m
[ 57%] Built target crossdoor_nodes_dyn
[ 57%] Built target t01_first_tree_dynamic
[ 57%] Built target test_plugin_executor
[ 57%] Built target bt4_plugin_manifest
[ 57%] [32m[1mLinking CXX static library lib/libbt_sample_nodes.a[0m
[ 57%] Built target bt_sample_nodes
[35m[1mScanning dependencies of target t07_load_multiple_xml[0m
[35m[1mScanning dependencies of target t09_scripting[0m
[35m[1mScanning dependencies of target t06_subtree_port_remapping[0m
[35m[1mScanning dependencies of target t16_sqlite_log[0m
[35m[1mScanning dependencies of target t10_observer[0m
[35m[1mScanning dependencies of target t05_crossdoor[0m
[35m[1mScanning dependencies of target t02_basic_ports[0m
[35m[1mScanning dependencies of target t13_access_by_ref[0m
[35m[1mScanning dependencies of target t11_groot_howto[0m
[35m[1mScanning dependencies of target t04_reactive_sequence[0m
[35m[1mScanning dependencies of target t08_additional_node_args[0m
[35m[1mScanning dependencies of target t03_generic_ports[0m
[35m[1mScanning dependencies of target t14_subtree_model[0m
[35m[1mScanning dependencies of target t12_default_ports[0m
[ 58%] [32mBuilding CXX object examples/CMakeFiles/t11_groot_howto.dir/t11_groot_howto.cpp.o[0m
[ 60%] [32mBuilding CXX object examples/CMakeFiles/t13_access_by_ref.dir/t13_access_by_ref.cpp.o[0m
[ 61%] [32mBuilding CXX object examples/CMakeFiles/t07_load_multiple_xml.dir/t07_load_multiple_xml.cpp.o[0m
[ 61%] [32mBuilding CXX object examples/CMakeFiles/t08_additional_node_args.dir/t08_additional_node_args.cpp.o[0m
[ 62%] [32mBuilding CXX object examples/CMakeFiles/t16_sqlite_log.dir/t16_sqlite_log.cpp.o[0m
[ 62%] [32mBuilding CXX object examples/CMakeFiles/t05_crossdoor.dir/t05_crossdoor.cpp.o[0m
[ 64%] [32mBuilding CXX object examples/CMakeFiles/t12_default_ports.dir/t12_default_ports.cpp.o[0m
[ 65%] [32mBuilding CXX object examples/CMakeFiles/t06_subtree_port_remapping.dir/t06_subtree_port_remapping.cpp.o[0m
[ 65%] [32mBuilding CXX object examples/CMakeFiles/t10_observer.dir/t10_observer.cpp.o[0m
[ 65%] [32mBuilding CXX object examples/CMakeFiles/t03_generic_ports.dir/t03_generic_ports.cpp.o[0m
[ 66%] [32mBuilding CXX object examples/CMakeFiles/t02_basic_ports.dir/t02_basic_ports.cpp.o[0m
[ 68%] [32mBuilding CXX object examples/CMakeFiles/t04_reactive_sequence.dir/t04_reactive_sequence.cpp.o[0m
[ 69%] [32mBuilding CXX object examples/CMakeFiles/t09_scripting.dir/t09_scripting.cpp.o[0m
[ 70%] [32mBuilding CXX object examples/CMakeFiles/t14_subtree_model.dir/t14_subtree_model.cpp.o[0m
[ 72%] [32m[1mLinking CXX shared library /home/shari/cohan2_ws/devel/.private/behaviortree_cpp/lib/test_plugin_action.so[0m
[ 73%] [32m[1mLinking CXX shared library bin/libmovebase_node_dyn.so[0m
[ 73%] Built target test_plugin_action
[35m[1mScanning dependencies of target t15_nodes_mocking[0m
[ 73%] [32mBuilding CXX object examples/CMakeFiles/t15_nodes_mocking.dir/t15_nodes_mocking.cpp.o[0m
[ 73%] Built target movebase_node_dyn
[35m[1mScanning dependencies of target t18_waypoints[0m
[ 74%] [32mBuilding CXX object examples/CMakeFiles/t18_waypoints.dir/t18_waypoints.cpp.o[0m
[ 74%] [32m[1mLinking CXX shared library bin/libdummy_nodes_dyn.so[0m
[ 74%] Built target dummy_nodes_dyn
[35m[1mScanning dependencies of target t19_global_blackboard[0m
[ 76%] [32mBuilding CXX object examples/CMakeFiles/t19_global_blackboard.dir/t19_global_blackboard.cpp.o[0m
[35m[1mScanning dependencies of target ex01_wrap_legacy[0m
[ 77%] [32mBuilding CXX object examples/CMakeFiles/ex01_wrap_legacy.dir/ex01_wrap_legacy.cpp.o[0m
[ 78%] [32m[1mLinking CXX executable /home/shari/cohan2_ws/devel/.private/behaviortree_cpp/lib/behaviortree_cpp/t14_subtree_model[0m
[ 80%] [32m[1mLinking CXX executable /home/shari/cohan2_ws/devel/.private/behaviortree_cpp/lib/behaviortree_cpp/t05_crossdoor[0m
[ 80%] Built target t14_subtree_model
[35m[1mScanning dependencies of target ex02_runtime_ports[0m
[ 80%] [32mBuilding CXX object examples/CMakeFiles/ex02_runtime_ports.dir/ex02_runtime_ports.cpp.o[0m
[ 80%] Built target t05_crossdoor
[35m[1mScanning dependencies of target t17_blackboard_backup[0m
[ 81%] [32m[1mLinking CXX executable /home/shari/cohan2_ws/devel/.private/behaviortree_cpp/lib/behaviortree_cpp/t08_additional_node_args[0m
[ 82%] [32mBuilding CXX object examples/CMakeFiles/t17_blackboard_backup.dir/t17_blackboard_backup.cpp.o[0m
[ 84%] [32m[1mLinking CXX executable /home/shari/cohan2_ws/devel/.private/behaviortree_cpp/lib/behaviortree_cpp/t07_load_multiple_xml[0m
[ 85%] [32m[1mLinking CXX executable /home/shari/cohan2_ws/devel/.private/behaviortree_cpp/lib/behaviortree_cpp/t10_observer[0m
[ 85%] [32m[1mLinking CXX executable /home/shari/cohan2_ws/devel/.private/behaviortree_cpp/lib/behaviortree_cpp/t06_subtree_port_remapping[0m
[ 85%] Built target t08_additional_node_args
[35m[1mScanning dependencies of target t01_first_tree_static[0m
[ 86%] [32mBuilding CXX object examples/CMakeFiles/t01_first_tree_static.dir/t01_build_your_first_tree.cpp.o[0m
[ 86%] Built target t07_load_multiple_xml
[ 86%] Built target t10_observer
[ 86%] Built target t06_subtree_port_remapping
[ 86%] [32m[1mLinking CXX executable /home/shari/cohan2_ws/devel/.private/behaviortree_cpp/lib/behaviortree_cpp/t13_access_by_ref[0m
[ 88%] [32m[1mLinking CXX executable /home/shari/cohan2_ws/devel/.private/behaviortree_cpp/lib/behaviortree_cpp/t04_reactive_sequence[0m
[ 89%] [32m[1mLinking CXX executable /home/shari/cohan2_ws/devel/.private/behaviortree_cpp/lib/behaviortree_cpp/t09_scripting[0m
[ 89%] Built target t13_access_by_ref
[ 90%] [32m[1mLinking CXX executable /home/shari/cohan2_ws/devel/.private/behaviortree_cpp/lib/behaviortree_cpp/t15_nodes_mocking[0m
[ 90%] Built target t04_reactive_sequence
[ 90%] Built target t09_scripting
[ 90%] Built target t15_nodes_mocking
[ 92%] [32m[1mLinking CXX executable /home/shari/cohan2_ws/devel/.private/behaviortree_cpp/lib/behaviortree_cpp/t02_basic_ports[0m
[ 92%] Built target t02_basic_ports
[ 93%] [32m[1mLinking CXX executable /home/shari/cohan2_ws/devel/.private/behaviortree_cpp/lib/behaviortree_cpp/t12_default_ports[0m
[ 94%] [32m[1mLinking CXX executable /home/shari/cohan2_ws/devel/.private/behaviortree_cpp/lib/behaviortree_cpp/t03_generic_ports[0m
[ 94%] Built target t12_default_ports
[ 94%] Built target t03_generic_ports
[ 96%] [32m[1mLinking CXX executable /home/shari/cohan2_ws/devel/.private/behaviortree_cpp/lib/behaviortree_cpp/t19_global_blackboard[0m
[ 96%] [32m[1mLinking CXX executable /home/shari/cohan2_ws/devel/.private/behaviortree_cpp/lib/behaviortree_cpp/t16_sqlite_log[0m
[ 96%] [32m[1mLinking CXX executable /home/shari/cohan2_ws/devel/.private/behaviortree_cpp/lib/behaviortree_cpp/t18_waypoints[0m
[ 96%] [32m[1mLinking CXX executable /home/shari/cohan2_ws/devel/.private/behaviortree_cpp/lib/behaviortree_cpp/t11_groot_howto[0m
[ 96%] Built target t19_global_blackboard
[ 96%] Built target t16_sqlite_log
[ 96%] Built target t18_waypoints
[ 96%] Built target t11_groot_howto
[ 97%] [32m[1mLinking CXX executable /home/shari/cohan2_ws/devel/.private/behaviortree_cpp/lib/behaviortree_cpp/ex01_wrap_legacy[0m
[ 97%] Built target ex01_wrap_legacy
[ 97%] [32m[1mLinking CXX executable /home/shari/cohan2_ws/devel/.private/behaviortree_cpp/lib/behaviortree_cpp/t01_first_tree_static[0m
[ 98%] [32m[1mLinking CXX executable /home/shari/cohan2_ws/devel/.private/behaviortree_cpp/lib/behaviortree_cpp/ex02_runtime_ports[0m
[ 98%] Built target t01_first_tree_static
[ 98%] Built target ex02_runtime_ports
[100%] [32m[1mLinking CXX executable /home/shari/cohan2_ws/devel/.private/behaviortree_cpp/lib/behaviortree_cpp/t17_blackboard_backup[0m
[100%] Built target t17_blackboard_backup
