Symlinking /home/shari/cohan2_ws/devel/lib/test_plugin_action.so
Symlinking /home/shari/cohan2_ws/devel/lib/libbehaviortree_cpp.so
Symlinking /home/shari/cohan2_ws/devel/lib/liblexy_file.a
Symlinking /home/shari/cohan2_ws/devel/lib/behaviortree_cpp/t13_access_by_ref
Symlinking /home/shari/cohan2_ws/devel/lib/behaviortree_cpp/t01_first_tree_static
Symlinking /home/shari/cohan2_ws/devel/lib/behaviortree_cpp/t05_crossdoor
Symlinking /home/shari/cohan2_ws/devel/lib/behaviortree_cpp/t01_first_tree_dynamic
Symlinking /home/shari/cohan2_ws/devel/lib/behaviortree_cpp/t08_additional_node_args
Symlinking /home/shari/cohan2_ws/devel/lib/behaviortree_cpp/t12_default_ports
Symlinking /home/shari/cohan2_ws/devel/lib/behaviortree_cpp/t17_blackboard_backup
Symlinking /home/shari/cohan2_ws/devel/lib/behaviortree_cpp/t11_groot_howto
Symlinking /home/shari/cohan2_ws/devel/lib/behaviortree_cpp/t19_global_blackboard
Symlinking /home/shari/cohan2_ws/devel/lib/behaviortree_cpp/t18_waypoints
Symlinking /home/shari/cohan2_ws/devel/lib/behaviortree_cpp/t07_load_multiple_xml
Symlinking /home/shari/cohan2_ws/devel/lib/behaviortree_cpp/bt4_log_cat
Symlinking /home/shari/cohan2_ws/devel/lib/behaviortree_cpp/t03_generic_ports
Symlinking /home/shari/cohan2_ws/devel/lib/behaviortree_cpp/t10_observer
Symlinking /home/shari/cohan2_ws/devel/lib/behaviortree_cpp/ex01_wrap_legacy
Symlinking /home/shari/cohan2_ws/devel/lib/behaviortree_cpp/test_plugin_executor
Symlinking /home/shari/cohan2_ws/devel/lib/behaviortree_cpp/t14_subtree_model
Symlinking /home/shari/cohan2_ws/devel/lib/behaviortree_cpp/t06_subtree_port_remapping
Symlinking /home/shari/cohan2_ws/devel/lib/behaviortree_cpp/bt4_plugin_manifest
Symlinking /home/shari/cohan2_ws/devel/lib/behaviortree_cpp/t09_scripting
Symlinking /home/shari/cohan2_ws/devel/lib/behaviortree_cpp/ex02_runtime_ports
Symlinking /home/shari/cohan2_ws/devel/lib/behaviortree_cpp/t16_sqlite_log
Symlinking /home/shari/cohan2_ws/devel/lib/behaviortree_cpp/t04_reactive_sequence
Symlinking /home/shari/cohan2_ws/devel/lib/behaviortree_cpp/t15_nodes_mocking
Symlinking /home/shari/cohan2_ws/devel/lib/behaviortree_cpp/t02_basic_ports
Symlinking /home/shari/cohan2_ws/devel/lib/pkgconfig/behaviortree_cpp.pc
Symlinking /home/shari/cohan2_ws/devel/share/behaviortree_cpp/cmake/behaviortree_cppConfig.cmake
Symlinking /home/shari/cohan2_ws/devel/share/behaviortree_cpp/cmake/behaviortree_cppConfig-version.cmake
